#
# There is insufficient memory for the Java Runtime Environment to continue.
# Native memory allocation (mmap) failed to map 65536 bytes for Failed to commit metaspace.
# Possible reasons:
#   The system is out of physical RAM or swap space
#   The process is running with CompressedOops enabled, and the Java Heap may be blocking the growth of the native heap
# Possible solutions:
#   Reduce memory load on the system
#   Increase physical memory or swap space
#   Check if swap backing store is full
#   Decrease Java heap size (-Xmx/-Xms)
#   Decrease number of Java threads
#   Decrease Java thread stack sizes (-Xss)
#   Set larger code cache with -XX:ReservedCodeCacheSize=
#   JVM is running with Unscaled Compressed Oops mode in which the Java heap is
#     placed in the first 4GB address space. The Java Heap base address is the
#     maximum limit for the native heap growth. Please use -XX:HeapBaseMinAddress
#     to set the Java Heap base and to place the Java Heap above 4GB virtual address.
# This output file may be truncated or incomplete.
#
#  Out of Memory Error (virtualSpaceNode.cpp:110), pid=21416, tid=18964
#
# JRE version: Java(TM) SE Runtime Environment (18.0.1.1+2) (build 18.0.1.1+2-6)
# Java VM: Java HotSpot(TM) 64-Bit Server VM (18.0.1.1+2-6, mixed mode, tiered, compressed oops, compressed class ptrs, g1 gc, windows-amd64)
# No core dump will be written. Minidumps are not enabled by default on client versions of Windows
#

---------------  S U M M A R Y ------------

Command Line: -Dfile.encoding=UTF-8 --module-path=C:\Users\ACER\Dropbox\My PC (DESKTOP-GFBA4HL)\Documents\NetBeansProjects\bank management system\build\classes bank.management.system.Transactions

Host: Intel(R) Core(TM) i5-8250U CPU @ 1.60GHz, 8 cores, 3G,  Windows 10 , 64 bit Build 19041 (10.0.19041.1889)
Time: Mon Nov 28 21:28:22 2022 South Africa Standard Time elapsed time: 0.410683 seconds (0d 0h 0m 0s)

---------------  T H R E A D  ---------------

Current thread (0x000001b3dc79f770):  JavaThread "main" [_thread_in_vm, id=18964, stack(0x000000024fb00000,0x000000024fc00000)]

Stack: [0x000000024fb00000,0x000000024fc00000]
Native frames: (J=compiled Java code, j=interpreted, Vv=VM code, C=native code)
V  [jvm.dll+0x69887a]
V  [jvm.dll+0x7f38bd]
V  [jvm.dll+0x7f51ce]
V  [jvm.dll+0x7f5883]
V  [jvm.dll+0x25ca3f]
V  [jvm.dll+0x7ef5cb]
V  [jvm.dll+0x63ea76]
V  [jvm.dll+0x1d721e]
V  [jvm.dll+0x64141b]
V  [jvm.dll+0x64121e]
V  [jvm.dll+0x63f43e]
V  [jvm.dll+0x25108f]
V  [jvm.dll+0x649a75]
V  [jvm.dll+0x202381]
V  [jvm.dll+0x2028b5]
V  [jvm.dll+0x2032ef]
V  [jvm.dll+0x1f8781]
V  [jvm.dll+0x55d685]
V  [jvm.dll+0x209637]
V  [jvm.dll+0x76cf6d]
V  [jvm.dll+0x76e2a6]
V  [jvm.dll+0x76e5d8]
V  [jvm.dll+0x254d46]
V  [jvm.dll+0x3a26fe]
C  0x000001b3e40ef28d

Java frames: (J=compiled Java code, j=interpreted, Vv=VM code)
j  java.lang.invoke.DelegatingMethodHandle.<clinit>()V+69 java.base@18.0.1.1
v  ~StubRoutines::call_stub
j  java.lang.invoke.BoundMethodHandle.makeReinvoker(Ljava/lang/invoke/MethodHandle;)Ljava/lang/invoke/BoundMethodHandle;+13 java.base@18.0.1.1
j  java.lang.invoke.DirectMethodHandle.rebind()Ljava/lang/invoke/BoundMethodHandle;+1 java.base@18.0.1.1
j  java.lang.invoke.MethodHandles.dropArguments0(Ljava/lang/invoke/MethodHandle;ILjava/util/List;)Ljava/lang/invoke/MethodHandle;+29 java.base@18.0.1.1
j  java.lang.invoke.MethodHandles.dropArguments(Ljava/lang/invoke/MethodHandle;I[Ljava/lang/Class;)Ljava/lang/invoke/MethodHandle;+6 java.base@18.0.1.1
j  jdk.internal.reflect.MethodHandleAccessorFactory.makeSpecializedTarget(Ljava/lang/invoke/MethodHandle;ZZ)Ljava/lang/invoke/MethodHandle;+86 java.base@18.0.1.1
j  jdk.internal.reflect.MethodHandleAccessorFactory.getDirectMethod(Ljava/lang/reflect/Method;Z)Ljava/lang/invoke/MethodHandle;+79 java.base@18.0.1.1
j  jdk.internal.reflect.MethodHandleAccessorFactory.newMethodAccessor(Ljava/lang/reflect/Method;Z)Ljdk/internal/reflect/MethodAccessorImpl;+41 java.base@18.0.1.1
j  jdk.internal.reflect.ReflectionFactory.newMethodAccessor(Ljava/lang/reflect/Method;Z)Ljdk/internal/reflect/MethodAccessor;+31 java.base@18.0.1.1
j  java.lang.reflect.Method.acquireMethodAccessor()Ljdk/internal/reflect/MethodAccessor;+38 java.base@18.0.1.1
j  java.lang.reflect.Method.invoke(Ljava/lang/Object;[Ljava/lang/Object;)Ljava/lang/Object;+75 java.base@18.0.1.1
j  java.lang.Class.getEnumConstantsShared()[Ljava/lang/Object;+49 java.base@18.0.1.1
j  java.lang.System$2.getEnumConstantsShared(Ljava/lang/Class;)[Ljava/lang/Enum;+1 java.base@18.0.1.1
j  java.util.EnumMap.getKeyUniverse(Ljava/lang/Class;)[Ljava/lang/Enum;+4 java.base@18.0.1.1
j  java.util.EnumMap.<init>(Ljava/lang/Class;)V+16 java.base@18.0.1.1
j  java.util.stream.StreamOpFlag.set(Ljava/util/stream/StreamOpFlag$Type;)Ljava/util/stream/StreamOpFlag$MaskBuilder;+10 java.base@18.0.1.1
j  java.util.stream.StreamOpFlag.<clinit>()V+11 java.base@18.0.1.1
v  ~StubRoutines::call_stub
j  java.util.stream.StreamSupport.stream(Ljava/util/Spliterator;Z)Ljava/util/stream/Stream;+11 java.base@18.0.1.1
j  java.util.Collection.stream()Ljava/util/stream/Stream;+7 java.base@18.0.1.1
j  jdk.internal.module.DefaultRoots.compute(Ljava/lang/module/ModuleFinder;Ljava/lang/module/ModuleFinder;)Ljava/util/Set;+6 java.base@18.0.1.1
j  jdk.internal.module.ModuleBootstrap.boot2()Ljava/lang/ModuleLayer;+727 java.base@18.0.1.1
j  jdk.internal.module.ModuleBootstrap.boot()Ljava/lang/ModuleLayer;+64 java.base@18.0.1.1
j  java.lang.System.initPhase2(ZZ)I+0 java.base@18.0.1.1
v  ~StubRoutines::call_stub

---------------  P R O C E S S  ---------------

Threads class SMR info:
_java_thread_list=0x000001b38018e680, length=10, elements={
0x000001b3dc79f770, 0x000001b380172690, 0x000001b380175440, 0x000001b3801b1400,
0x000001b380191d50, 0x000001b380192600, 0x000001b380192ff0, 0x000001b384403580,
0x000001b38440be80, 0x000001b38440fb90
}

Java Threads: ( => current thread )
=>0x000001b3dc79f770 JavaThread "main" [_thread_in_vm, id=18964, stack(0x000000024fb00000,0x000000024fc00000)]
  0x000001b380172690 JavaThread "Reference Handler" daemon [_thread_blocked, id=22348, stack(0x0000000250200000,0x0000000250300000)]
  0x000001b380175440 JavaThread "Finalizer" daemon [_thread_blocked, id=23584, stack(0x0000000250300000,0x0000000250400000)]
  0x000001b3801b1400 JavaThread "Signal Dispatcher" daemon [_thread_blocked, id=20720, stack(0x0000000250400000,0x0000000250500000)]
  0x000001b380191d50 JavaThread "Attach Listener" daemon [_thread_blocked, id=14252, stack(0x0000000250500000,0x0000000250600000)]
  0x000001b380192600 JavaThread "Service Thread" daemon [_thread_blocked, id=3504, stack(0x0000000250600000,0x0000000250700000)]
  0x000001b380192ff0 JavaThread "Monitor Deflation Thread" daemon [_thread_blocked, id=5664, stack(0x0000000250700000,0x0000000250800000)]
  0x000001b384403580 JavaThread "C2 CompilerThread0" daemon [_thread_blocked, id=17912, stack(0x0000000250800000,0x0000000250900000)]
  0x000001b38440be80 JavaThread "C1 CompilerThread0" daemon [_thread_blocked, id=21392, stack(0x0000000250900000,0x0000000250a00000)]
  0x000001b38440fb90 JavaThread "Sweeper thread" daemon [_thread_blocked, id=16112, stack(0x0000000250a00000,0x0000000250b00000)]

Other Threads:
  0x000001b3dc803fb0 VMThread "VM Thread" [stack: 0x0000000250100000,0x0000000250200000] [id=17900]
  0x000001b3dc7e0aa0 WorkerThread "GC Thread#0" [stack: 0x000000024fc00000,0x000000024fd00000] [id=19136]
  0x000001b3dc7e9610 ConcurrentGCThread "G1 Main Marker" [stack: 0x000000024fd00000,0x000000024fe00000] [id=7008]
  0x000001b3dc7eb7b0 WorkerThread "G1 Conc#0" [stack: 0x000000024fe00000,0x000000024ff00000] [id=9724]
  0x000001b3dc826ce0 ConcurrentGCThread "G1 Refine#0" [stack: 0x000000024ff00000,0x0000000250000000] [id=16852]
  0x000001b3dc8275f0 ConcurrentGCThread "G1 Service" [stack: 0x0000000250000000,0x0000000250100000] [id=14208]

Threads with active compile tasks:

VM state: not at safepoint (normal execution)

VM Mutex/Monitor currently owned by a thread:  ([mutex/lock_event])
[0x000001b3dc78c9f0] Metaspace_lock - owner thread: 0x000001b3dc79f770

Heap address: 0x00000000c1e00000, size: 994 MB, Compressed Oops mode: 32-bit

CDS archive(s) not mapped
Compressed class space mapped at: 0x0000000100000000-0x0000000140000000, reserved size: 1073741824
Narrow klass base: 0x0000000000000000, Narrow klass shift: 3, Narrow klass range: 0x140000000

GC Precious Log:
 CardTable entry size: 512
 Card Set container configuration: InlinePtr #cards 5 size 8 Array Of Cards #cards 12 size 40 Howl #buckets 4 coarsen threshold 1843 Howl Bitmap #cards 512 size 80 coarsen threshold 460 Card regions per heap region 1 cards per card region 2048
 CPUs: 8 total, 8 available
 Memory: 3971M
 Large Page Support: Disabled
 NUMA Support: Disabled
 Compressed Oops: Enabled (32-bit)
 Heap Region Size: 1M
 Heap Min Capacity: 8M
 Heap Initial Capacity: 64M
 Heap Max Capacity: 994M
 Pre-touch: Disabled
 Parallel Workers: 8
 Concurrent Workers: 2
 Concurrent Refinement Workers: 8
 Periodic GC: Disabled

Heap:
 garbage-first heap   total 65536K, used 1024K [0x00000000c1e00000, 0x0000000100000000)
  region size 1024K, 2 young (2048K), 0 survivors (0K)
 Metaspace       used 4434K, committed 4480K, reserved 1114112K
  class space    used 338K, committed 384K, reserved 1048576K

Heap Regions: E=young(eden), S=young(survivor), O=old, HS=humongous(starts), HC=humongous(continues), CS=collection set, F=free, OA=open archive, CA=closed archive, TAMS=top-at-mark-start (previous, next)
|   0|0x00000000c1e00000, 0x00000000c1e00000, 0x00000000c1f00000|  0%| F|  |TAMS 0x00000000c1e00000, 0x00000000c1e00000| Untracked 
|   1|0x00000000c1f00000, 0x00000000c1f00000, 0x00000000c2000000|  0%| F|  |TAMS 0x00000000c1f00000, 0x00000000c1f00000| Untracked 
|   2|0x00000000c2000000, 0x00000000c2000000, 0x00000000c2100000|  0%| F|  |TAMS 0x00000000c2000000, 0x00000000c2000000| Untracked 
|   3|0x00000000c2100000, 0x00000000c2100000, 0x00000000c2200000|  0%| F|  |TAMS 0x00000000c2100000, 0x00000000c2100000| Untracked 
|   4|0x00000000c2200000, 0x00000000c2200000, 0x00000000c2300000|  0%| F|  |TAMS 0x00000000c2200000, 0x00000000c2200000| Untracked 
|   5|0x00000000c2300000, 0x00000000c2300000, 0x00000000c2400000|  0%| F|  |TAMS 0x00000000c2300000, 0x00000000c2300000| Untracked 
|   6|0x00000000c2400000, 0x00000000c2400000, 0x00000000c2500000|  0%| F|  |TAMS 0x00000000c2400000, 0x00000000c2400000| Untracked 
|   7|0x00000000c2500000, 0x00000000c2500000, 0x00000000c2600000|  0%| F|  |TAMS 0x00000000c2500000, 0x00000000c2500000| Untracked 
|   8|0x00000000c2600000, 0x00000000c2600000, 0x00000000c2700000|  0%| F|  |TAMS 0x00000000c2600000, 0x00000000c2600000| Untracked 
|   9|0x00000000c2700000, 0x00000000c2700000, 0x00000000c2800000|  0%| F|  |TAMS 0x00000000c2700000, 0x00000000c2700000| Untracked 
|  10|0x00000000c2800000, 0x00000000c2800000, 0x00000000c2900000|  0%| F|  |TAMS 0x00000000c2800000, 0x00000000c2800000| Untracked 
|  11|0x00000000c2900000, 0x00000000c2900000, 0x00000000c2a00000|  0%| F|  |TAMS 0x00000000c2900000, 0x00000000c2900000| Untracked 
|  12|0x00000000c2a00000, 0x00000000c2a00000, 0x00000000c2b00000|  0%| F|  |TAMS 0x00000000c2a00000, 0x00000000c2a00000| Untracked 
|  13|0x00000000c2b00000, 0x00000000c2b00000, 0x00000000c2c00000|  0%| F|  |TAMS 0x00000000c2b00000, 0x00000000c2b00000| Untracked 
|  14|0x00000000c2c00000, 0x00000000c2c00000, 0x00000000c2d00000|  0%| F|  |TAMS 0x00000000c2c00000, 0x00000000c2c00000| Untracked 
|  15|0x00000000c2d00000, 0x00000000c2d00000, 0x00000000c2e00000|  0%| F|  |TAMS 0x00000000c2d00000, 0x00000000c2d00000| Untracked 
|  16|0x00000000c2e00000, 0x00000000c2e00000, 0x00000000c2f00000|  0%| F|  |TAMS 0x00000000c2e00000, 0x00000000c2e00000| Untracked 
|  17|0x00000000c2f00000, 0x00000000c2f00000, 0x00000000c3000000|  0%| F|  |TAMS 0x00000000c2f00000, 0x00000000c2f00000| Untracked 
|  18|0x00000000c3000000, 0x00000000c3000000, 0x00000000c3100000|  0%| F|  |TAMS 0x00000000c3000000, 0x00000000c3000000| Untracked 
|  19|0x00000000c3100000, 0x00000000c3100000, 0x00000000c3200000|  0%| F|  |TAMS 0x00000000c3100000, 0x00000000c3100000| Untracked 
|  20|0x00000000c3200000, 0x00000000c3200000, 0x00000000c3300000|  0%| F|  |TAMS 0x00000000c3200000, 0x00000000c3200000| Untracked 
|  21|0x00000000c3300000, 0x00000000c3300000, 0x00000000c3400000|  0%| F|  |TAMS 0x00000000c3300000, 0x00000000c3300000| Untracked 
|  22|0x00000000c3400000, 0x00000000c3400000, 0x00000000c3500000|  0%| F|  |TAMS 0x00000000c3400000, 0x00000000c3400000| Untracked 
|  23|0x00000000c3500000, 0x00000000c3500000, 0x00000000c3600000|  0%| F|  |TAMS 0x00000000c3500000, 0x00000000c3500000| Untracked 
|  24|0x00000000c3600000, 0x00000000c3600000, 0x00000000c3700000|  0%| F|  |TAMS 0x00000000c3600000, 0x00000000c3600000| Untracked 
|  25|0x00000000c3700000, 0x00000000c3700000, 0x00000000c3800000|  0%| F|  |TAMS 0x00000000c3700000, 0x00000000c3700000| Untracked 
|  26|0x00000000c3800000, 0x00000000c3800000, 0x00000000c3900000|  0%| F|  |TAMS 0x00000000c3800000, 0x00000000c3800000| Untracked 
|  27|0x00000000c3900000, 0x00000000c3900000, 0x00000000c3a00000|  0%| F|  |TAMS 0x00000000c3900000, 0x00000000c3900000| Untracked 
|  28|0x00000000c3a00000, 0x00000000c3a00000, 0x00000000c3b00000|  0%| F|  |TAMS 0x00000000c3a00000, 0x00000000c3a00000| Untracked 
|  29|0x00000000c3b00000, 0x00000000c3b00000, 0x00000000c3c00000|  0%| F|  |TAMS 0x00000000c3b00000, 0x00000000c3b00000| Untracked 
|  30|0x00000000c3c00000, 0x00000000c3c00000, 0x00000000c3d00000|  0%| F|  |TAMS 0x00000000c3c00000, 0x00000000c3c00000| Untracked 
|  31|0x00000000c3d00000, 0x00000000c3d00000, 0x00000000c3e00000|  0%| F|  |TAMS 0x00000000c3d00000, 0x00000000c3d00000| Untracked 
|  32|0x00000000c3e00000, 0x00000000c3e00000, 0x00000000c3f00000|  0%| F|  |TAMS 0x00000000c3e00000, 0x00000000c3e00000| Untracked 
|  33|0x00000000c3f00000, 0x00000000c3f00000, 0x00000000c4000000|  0%| F|  |TAMS 0x00000000c3f00000, 0x00000000c3f00000| Untracked 
|  34|0x00000000c4000000, 0x00000000c4000000, 0x00000000c4100000|  0%| F|  |TAMS 0x00000000c4000000, 0x00000000c4000000| Untracked 
|  35|0x00000000c4100000, 0x00000000c4100000, 0x00000000c4200000|  0%| F|  |TAMS 0x00000000c4100000, 0x00000000c4100000| Untracked 
|  36|0x00000000c4200000, 0x00000000c4200000, 0x00000000c4300000|  0%| F|  |TAMS 0x00000000c4200000, 0x00000000c4200000| Untracked 
|  37|0x00000000c4300000, 0x00000000c4300000, 0x00000000c4400000|  0%| F|  |TAMS 0x00000000c4300000, 0x00000000c4300000| Untracked 
|  38|0x00000000c4400000, 0x00000000c4400000, 0x00000000c4500000|  0%| F|  |TAMS 0x00000000c4400000, 0x00000000c4400000| Untracked 
|  39|0x00000000c4500000, 0x00000000c4500000, 0x00000000c4600000|  0%| F|  |TAMS 0x00000000c4500000, 0x00000000c4500000| Untracked 
|  40|0x00000000c4600000, 0x00000000c4600000, 0x00000000c4700000|  0%| F|  |TAMS 0x00000000c4600000, 0x00000000c4600000| Untracked 
|  41|0x00000000c4700000, 0x00000000c4700000, 0x00000000c4800000|  0%| F|  |TAMS 0x00000000c4700000, 0x00000000c4700000| Untracked 
|  42|0x00000000c4800000, 0x00000000c4800000, 0x00000000c4900000|  0%| F|  |TAMS 0x00000000c4800000, 0x00000000c4800000| Untracked 
|  43|0x00000000c4900000, 0x00000000c4900000, 0x00000000c4a00000|  0%| F|  |TAMS 0x00000000c4900000, 0x00000000c4900000| Untracked 
|  44|0x00000000c4a00000, 0x00000000c4a00000, 0x00000000c4b00000|  0%| F|  |TAMS 0x00000000c4a00000, 0x00000000c4a00000| Untracked 
|  45|0x00000000c4b00000, 0x00000000c4b00000, 0x00000000c4c00000|  0%| F|  |TAMS 0x00000000c4b00000, 0x00000000c4b00000| Untracked 
|  46|0x00000000c4c00000, 0x00000000c4c00000, 0x00000000c4d00000|  0%| F|  |TAMS 0x00000000c4c00000, 0x00000000c4c00000| Untracked 
|  47|0x00000000c4d00000, 0x00000000c4d00000, 0x00000000c4e00000|  0%| F|  |TAMS 0x00000000c4d00000, 0x00000000c4d00000| Untracked 
|  48|0x00000000c4e00000, 0x00000000c4e00000, 0x00000000c4f00000|  0%| F|  |TAMS 0x00000000c4e00000, 0x00000000c4e00000| Untracked 
|  49|0x00000000c4f00000, 0x00000000c4f00000, 0x00000000c5000000|  0%| F|  |TAMS 0x00000000c4f00000, 0x00000000c4f00000| Untracked 
|  50|0x00000000c5000000, 0x00000000c5000000, 0x00000000c5100000|  0%| F|  |TAMS 0x00000000c5000000, 0x00000000c5000000| Untracked 
|  51|0x00000000c5100000, 0x00000000c5100000, 0x00000000c5200000|  0%| F|  |TAMS 0x00000000c5100000, 0x00000000c5100000| Untracked 
|  52|0x00000000c5200000, 0x00000000c5200000, 0x00000000c5300000|  0%| F|  |TAMS 0x00000000c5200000, 0x00000000c5200000| Untracked 
|  53|0x00000000c5300000, 0x00000000c5300000, 0x00000000c5400000|  0%| F|  |TAMS 0x00000000c5300000, 0x00000000c5300000| Untracked 
|  54|0x00000000c5400000, 0x00000000c5400000, 0x00000000c5500000|  0%| F|  |TAMS 0x00000000c5400000, 0x00000000c5400000| Untracked 
|  55|0x00000000c5500000, 0x00000000c5500000, 0x00000000c5600000|  0%| F|  |TAMS 0x00000000c5500000, 0x00000000c5500000| Untracked 
|  56|0x00000000c5600000, 0x00000000c5600000, 0x00000000c5700000|  0%| F|  |TAMS 0x00000000c5600000, 0x00000000c5600000| Untracked 
|  57|0x00000000c5700000, 0x00000000c5700000, 0x00000000c5800000|  0%| F|  |TAMS 0x00000000c5700000, 0x00000000c5700000| Untracked 
|  58|0x00000000c5800000, 0x00000000c5800000, 0x00000000c5900000|  0%| F|  |TAMS 0x00000000c5800000, 0x00000000c5800000| Untracked 
|  59|0x00000000c5900000, 0x00000000c5900000, 0x00000000c5a00000|  0%| F|  |TAMS 0x00000000c5900000, 0x00000000c5900000| Untracked 
|  60|0x00000000c5a00000, 0x00000000c5a00000, 0x00000000c5b00000|  0%| F|  |TAMS 0x00000000c5a00000, 0x00000000c5a00000| Untracked 
|  61|0x00000000c5b00000, 0x00000000c5b00000, 0x00000000c5c00000|  0%| F|  |TAMS 0x00000000c5b00000, 0x00000000c5b00000| Untracked 
|  62|0x00000000c5c00000, 0x00000000c5c00800, 0x00000000c5d00000|  0%| E|  |TAMS 0x00000000c5c00000, 0x00000000c5c00000| Complete 
|  63|0x00000000c5d00000, 0x00000000c5e00000, 0x00000000c5e00000|100%| E|CS|TAMS 0x00000000c5d00000, 0x00000000c5d00000| Complete 

Card table byte_map: [0x000001b3f3610000,0x000001b3f3810000] _byte_map_base: 0x000001b3f3001000

Marking Bits (Prev, Next): (CMBitMap*) 0x000001b3dc7e10a0, (CMBitMap*) 0x000001b3dc7e10e0
 Prev Bits: [0x000001b3f3a10000, 0x000001b3f4998000)
 Next Bits: [0x000001b3f49a0000, 0x000001b3f5928000)

Polling page: 0x000001b3da720000

Metaspace:

Usage:
  Non-class:      4.00 MB used.
      Class:    338.97 KB used.
       Both:      4.33 MB used.

Virtual space:
  Non-class space:       64.00 MB reserved,       4.00 MB (  6%) committed,  1 nodes.
      Class space:        1.00 GB reserved,     384.00 KB ( <1%) committed,  1 nodes.
             Both:        1.06 GB reserved,       4.38 MB ( <1%) committed. 

Chunk freelists:
   Non-Class:  3.00 MB
       Class:  3.62 MB
        Both:  6.62 MB

MaxMetaspaceSize: unlimited
CompressedClassSpaceSize: 1.00 GB
Initial GC threshold: 21.00 MB
Current GC threshold: 21.00 MB
CDS: off
MetaspaceReclaimPolicy: balanced
 - commit_granule_bytes: 65536.
 - commit_granule_words: 8192.
 - virtual_space_node_default_size: 8388608.
 - enlarge_chunks_in_place: 1.
 - new_chunks_are_fully_committed: 0.
 - uncommit_free_chunks: 1.
 - use_allocation_guard: 0.


Internal statistics:

num_allocs_failed_limit: 0.
num_arena_births: 2.
num_arena_deaths: 0.
num_vsnodes_births: 2.
num_vsnodes_deaths: 0.
num_space_committed: 70.
num_space_uncommitted: 0.
num_chunks_returned_to_freelist: 0.
num_chunks_taken_from_freelist: 4.
num_chunk_merges: 0.
num_chunk_splits: 2.
num_chunks_enlarged: 0.
num_inconsistent_stats: 0.

CodeHeap 'non-profiled nmethods': size=120000Kb used=9Kb max_used=9Kb free=119990Kb
 bounds [0x000001b3ebbb0000, 0x000001b3ebe20000, 0x000001b3f30e0000]
CodeHeap 'profiled nmethods': size=120000Kb used=54Kb max_used=54Kb free=119945Kb
 bounds [0x000001b3e4680000, 0x000001b3e48f0000, 0x000001b3ebbb0000]
CodeHeap 'non-nmethods': size=5760Kb used=1070Kb max_used=1070Kb free=4690Kb
 bounds [0x000001b3e40e0000, 0x000001b3e4350000, 0x000001b3e4680000]
 total_blobs=364 nmethods=44 adapters=233
 compilation: enabled
              stopped_count=0, restarted_count=0
 full_count=0

Compilation events (20 events):
Event: 0.325 Thread 0x000001b38440be80 nmethod 27 0x000001b3e4687b10 code [0x000001b3e4687ce0, 0x000001b3e4687f78]
Event: 0.336 Thread 0x000001b38440be80   28       3       java.lang.String::isEmpty (14 bytes)
Event: 0.336 Thread 0x000001b38440be80 nmethod 28 0x000001b3e4688090 code [0x000001b3e4688220, 0x000001b3e4688398]
Event: 0.345 Thread 0x000001b38440be80   29       3       java.lang.StringLatin1::indexOfChar (33 bytes)
Event: 0.346 Thread 0x000001b38440be80 nmethod 29 0x000001b3e4688490 code [0x000001b3e4688640, 0x000001b3e4688878]
Event: 0.351 Thread 0x000001b38440be80   30       3       java.util.ImmutableCollections$SetN$SetNIterator::hasNext (13 bytes)
Event: 0.352 Thread 0x000001b38440be80 nmethod 30 0x000001b3e4688990 code [0x000001b3e4688b20, 0x000001b3e4688c98]
Event: 0.352 Thread 0x000001b38440be80   31       3       java.util.concurrent.ConcurrentHashMap::tabAt (22 bytes)
Event: 0.352 Thread 0x000001b38440be80 nmethod 31 0x000001b3e4688d10 code [0x000001b3e4688ec0, 0x000001b3e4689198]
Event: 0.352 Thread 0x000001b38440be80   33       3       java.util.ImmutableCollections$SetN$SetNIterator::next (90 bytes)
Event: 0.353 Thread 0x000001b38440be80 nmethod 33 0x000001b3e4689290 code [0x000001b3e4689440, 0x000001b3e4689748]
Event: 0.353 Thread 0x000001b38440be80   32       3       jdk.internal.misc.Unsafe::getReferenceAcquire (7 bytes)
Event: 0.353 Thread 0x000001b38440be80 nmethod 32 0x000001b3e4689890 code [0x000001b3e4689a20, 0x000001b3e4689b78]
Event: 0.370 Thread 0x000001b38440be80   34       3       java.util.HashMap::hash (20 bytes)
Event: 0.371 Thread 0x000001b38440be80 nmethod 34 0x000001b3e4689c10 code [0x000001b3e4689dc0, 0x000001b3e4689fc8]
Event: 0.405 Thread 0x000001b38440be80   40       3       java.util.concurrent.ConcurrentHashMap$Node::<init> (20 bytes)
Event: 0.405 Thread 0x000001b38440be80 nmethod 40 0x000001b3e468a090 code [0x000001b3e468a240, 0x000001b3e468a478]
Event: 0.405 Thread 0x000001b38440be80   41       3       java.util.concurrent.ConcurrentHashMap::addCount (280 bytes)
Event: 0.407 Thread 0x000001b38440be80 nmethod 41 0x000001b3e468a510 code [0x000001b3e468a760, 0x000001b3e468b0e8]
Event: 0.407 Thread 0x000001b38440be80   43   !   3       java.util.concurrent.ConcurrentHashMap::putVal (432 bytes)

GC Heap History (0 events):
No events

Deoptimization events (0 events):
No events

Classes loaded (20 events):
Event: 0.400 Loading class java/lang/invoke/ClassSpecializer$Factory
Event: 0.401 Loading class java/lang/invoke/ClassSpecializer$Factory done
Event: 0.401 Loading class java/lang/invoke/BoundMethodHandle$Specializer$Factory done
Event: 0.402 Loading class java/lang/invoke/SimpleMethodHandle
Event: 0.403 Loading class java/lang/invoke/SimpleMethodHandle done
Event: 0.403 Loading class java/lang/NoSuchFieldException
Event: 0.403 Loading class java/lang/NoSuchFieldException done
Event: 0.404 Loading class java/lang/invoke/BoundMethodHandle$Species_L
Event: 0.404 Loading class java/lang/invoke/BoundMethodHandle$Species_L done
Event: 0.405 Loading class sun/invoke/util/VerifyType
Event: 0.405 Loading class sun/invoke/util/VerifyType done
Event: 0.405 Loading class sun/invoke/empty/Empty
Event: 0.405 Loading class sun/invoke/empty/Empty done
Event: 0.405 Loading class java/lang/invoke/DirectMethodHandle$2
Event: 0.405 Loading class java/lang/invoke/DirectMethodHandle$2 done
Event: 0.405 Loading class java/lang/invoke/DirectMethodHandle$Accessor
Event: 0.406 Loading class java/lang/invoke/DirectMethodHandle$Accessor done
Event: 0.406 Loading class java/lang/invoke/DelegatingMethodHandle
Event: 0.407 Loading class java/lang/invoke/DelegatingMethodHandle done
Event: 0.407 Loading class java/lang/invoke/DelegatingMethodHandle$Holder

Classes unloaded (0 events):
No events

Classes redefined (0 events):
No events

Internal exceptions (0 events):
No events

VM Operations (0 events):
No events

Events (12 events):
Event: 0.013 Loaded shared library C:\Program Files\Java\jdk-18.0.1.1\bin\java.dll
Event: 0.131 Loaded shared library C:\Program Files\Java\jdk-18.0.1.1\bin\jsvml.dll
Event: 0.132 Thread 0x000001b3dc79f770 Thread added: 0x000001b3dc79f770
Event: 0.155 Thread 0x000001b380172690 Thread added: 0x000001b380172690
Event: 0.155 Thread 0x000001b380175440 Thread added: 0x000001b380175440
Event: 0.238 Thread 0x000001b3801b1400 Thread added: 0x000001b3801b1400
Event: 0.238 Thread 0x000001b380191d50 Thread added: 0x000001b380191d50
Event: 0.238 Thread 0x000001b380192600 Thread added: 0x000001b380192600
Event: 0.239 Thread 0x000001b380192ff0 Thread added: 0x000001b380192ff0
Event: 0.239 Thread 0x000001b384403580 Thread added: 0x000001b384403580
Event: 0.239 Thread 0x000001b38440be80 Thread added: 0x000001b38440be80
Event: 0.239 Thread 0x000001b38440fb90 Thread added: 0x000001b38440fb90


Dynamic libraries:
0x00007ff6504c0000 - 0x00007ff6504d0000 	C:\Program Files\Java\jdk-18.0.1.1\bin\java.exe
0x00007ffce8270000 - 0x00007ffce8468000 	C:\WINDOWS\SYSTEM32\ntdll.dll
0x00007ffce6f00000 - 0x00007ffce6fbd000 	C:\WINDOWS\System32\KERNEL32.DLL
0x00007ffce5e90000 - 0x00007ffce6162000 	C:\WINDOWS\System32\KERNELBASE.dll
0x00007ffce5a30000 - 0x00007ffce5b30000 	C:\WINDOWS\System32\ucrtbase.dll
0x00007ffce0580000 - 0x00007ffce059a000 	C:\Program Files\Java\jdk-18.0.1.1\bin\VCRUNTIME140.dll
0x00007ffce0d40000 - 0x00007ffce0d58000 	C:\Program Files\Java\jdk-18.0.1.1\bin\jli.dll
0x00007ffce7270000 - 0x00007ffce731e000 	C:\WINDOWS\System32\ADVAPI32.dll
0x00007ffce7330000 - 0x00007ffce73ce000 	C:\WINDOWS\System32\msvcrt.dll
0x00007ffce7050000 - 0x00007ffce70ec000 	C:\WINDOWS\System32\sechost.dll
0x00007ffce7860000 - 0x00007ffce7985000 	C:\WINDOWS\System32\RPCRT4.dll
0x00007ffce7a70000 - 0x00007ffce7c0d000 	C:\WINDOWS\System32\USER32.dll
0x00007ffce5e60000 - 0x00007ffce5e82000 	C:\WINDOWS\System32\win32u.dll
0x00007ffcd1330000 - 0x00007ffcd15ca000 	C:\WINDOWS\WinSxS\amd64_microsoft.windows.common-controls_6595b64144ccf1df_6.0.19041.1110_none_60b5254171f9507e\COMCTL32.dll
0x00007ffce6720000 - 0x00007ffce674b000 	C:\WINDOWS\System32\GDI32.dll
0x00007ffce5b80000 - 0x00007ffce5c8f000 	C:\WINDOWS\System32\gdi32full.dll
0x00007ffce61a0000 - 0x00007ffce623d000 	C:\WINDOWS\System32\msvcp_win.dll
0x00007ffcdfb00000 - 0x00007ffcdfb0a000 	C:\WINDOWS\SYSTEM32\VERSION.dll
0x00007ffce6750000 - 0x00007ffce6780000 	C:\WINDOWS\System32\IMM32.DLL
0x00007ffce1610000 - 0x00007ffce161c000 	C:\Program Files\Java\jdk-18.0.1.1\bin\vcruntime140_1.dll
0x00007ffcd0380000 - 0x00007ffcd040d000 	C:\Program Files\Java\jdk-18.0.1.1\bin\msvcp140.dll
0x00007ffca28f0000 - 0x00007ffca3500000 	C:\Program Files\Java\jdk-18.0.1.1\bin\server\jvm.dll
0x00007ffce6ef0000 - 0x00007ffce6ef8000 	C:\WINDOWS\System32\PSAPI.DLL
0x00007ffcd4140000 - 0x00007ffcd4167000 	C:\WINDOWS\SYSTEM32\WINMM.dll
0x00007ffce0150000 - 0x00007ffce0159000 	C:\WINDOWS\SYSTEM32\WSOCK32.dll
0x00007ffce66b0000 - 0x00007ffce671b000 	C:\WINDOWS\System32\WS2_32.dll
0x00007ffce3840000 - 0x00007ffce3852000 	C:\WINDOWS\SYSTEM32\kernel.appcore.dll
0x00007ffce0cb0000 - 0x00007ffce0cba000 	C:\Program Files\Java\jdk-18.0.1.1\bin\jimage.dll
0x00007ffcdd790000 - 0x00007ffcdd974000 	C:\WINDOWS\SYSTEM32\DBGHELP.DLL
0x00007ffcdd230000 - 0x00007ffcdd25c000 	C:\WINDOWS\SYSTEM32\dbgcore.DLL
0x00007ffce6240000 - 0x00007ffce62c2000 	C:\WINDOWS\System32\bcryptPrimitives.dll
0x00007ffcde140000 - 0x00007ffcde165000 	C:\Program Files\Java\jdk-18.0.1.1\bin\java.dll
0x00007ffcbd560000 - 0x00007ffcbd636000 	C:\Program Files\Java\jdk-18.0.1.1\bin\jsvml.dll
0x00007ffce67a0000 - 0x00007ffce6ee3000 	C:\WINDOWS\System32\SHELL32.dll
0x00007ffce3a40000 - 0x00007ffce41d1000 	C:\WINDOWS\SYSTEM32\windows.storage.dll
0x00007ffce7500000 - 0x00007ffce7854000 	C:\WINDOWS\System32\combase.dll
0x00007ffce5300000 - 0x00007ffce5330000 	C:\WINDOWS\SYSTEM32\Wldp.dll
0x00007ffce63f0000 - 0x00007ffce649d000 	C:\WINDOWS\System32\SHCORE.dll
0x00007ffce7210000 - 0x00007ffce7265000 	C:\WINDOWS\System32\shlwapi.dll
0x00007ffce58c0000 - 0x00007ffce58df000 	C:\WINDOWS\SYSTEM32\profapi.dll

dbghelp: loaded successfully - version: 4.0.5 - missing functions: none
symbol engine: initialized successfully - sym options: 0x614 - pdb path: .;C:\Program Files\Java\jdk-18.0.1.1\bin;C:\WINDOWS\SYSTEM32;C:\WINDOWS\WinSxS\amd64_microsoft.windows.common-controls_6595b64144ccf1df_6.0.19041.1110_none_60b5254171f9507e;C:\Program Files\Java\jdk-18.0.1.1\bin\server

VM Arguments:
jvm_args: -Dfile.encoding=UTF-8 --module-path=C:\Users\ACER\Dropbox\My PC (DESKTOP-GFBA4HL)\Documents\NetBeansProjects\bank management system\build\classes 
java_command: bank.management.system.Transactions
java_class_path (initial): C:\Users\ACER\Desktop\calender\jcalendar-tz-1.3.3-4.jar;C:\Users\ACER\Downloads\mysql-connector-java-8.0.28.jar;C:\Users\ACER\Dropbox\My PC (DESKTOP-GFBA4HL)\Documents\NetBeansProjects\bank management system\build\classes
Launcher Type: SUN_STANDARD

[Global flags]
     intx CICompilerCount                          = 4                                         {product} {ergonomic}
     uint ConcGCThreads                            = 2                                         {product} {ergonomic}
     uint G1ConcRefinementThreads                  = 8                                         {product} {ergonomic}
   size_t G1HeapRegionSize                         = 1048576                                   {product} {ergonomic}
    uintx GCDrainStackTargetSize                   = 64                                        {product} {ergonomic}
   size_t InitialHeapSize                          = 67108864                                  {product} {ergonomic}
   size_t MarkStackSize                            = 4194304                                   {product} {ergonomic}
   size_t MaxHeapSize                              = 1042284544                                {product} {ergonomic}
   size_t MaxNewSize                               = 624951296                                 {product} {ergonomic}
   size_t MinHeapDeltaBytes                        = 1048576                                   {product} {ergonomic}
   size_t MinHeapSize                              = 8388608                                   {product} {ergonomic}
    uintx NonNMethodCodeHeapSize                   = 5839372                                {pd product} {ergonomic}
    uintx NonProfiledCodeHeapSize                  = 122909434                              {pd product} {ergonomic}
    uintx ProfiledCodeHeapSize                     = 122909434                              {pd product} {ergonomic}
    uintx ReservedCodeCacheSize                    = 251658240                              {pd product} {ergonomic}
     bool SegmentedCodeCache                       = true                                      {product} {ergonomic}
   size_t SoftMaxHeapSize                          = 1042284544                             {manageable} {ergonomic}
     bool UseCompressedClassPointers               = true                           {product lp64_product} {ergonomic}
     bool UseCompressedOops                        = true                           {product lp64_product} {ergonomic}
     bool UseG1GC                                  = true                                      {product} {ergonomic}
     bool UseLargePagesIndividualAllocation        = false                                  {pd product} {ergonomic}

Logging:
Log output configuration:
 #0: stdout all=warning uptime,level,tags foldmultilines=false
 #1: stderr all=off uptime,level,tags foldmultilines=false

Environment Variables:
JAVA_HOME=C:\Program Files\Java\jdk-18.0.1.1
PATH=C:\Program Files\Common Files\Oracle\Java\javapath;C:\WINDOWS\system32;C:\WINDOWS;C:\WINDOWS\System32\Wbem;C:\WINDOWS\System32\WindowsPowerShell\v1.0\;C:\WINDOWS\System32\OpenSSH\;c:\Program Files (x86)\Microsoft SQL Server\100\Tools\Binn\;c:\Program Files\Microsoft SQL Server\100\Tools\Binn\;c:\Program Files\Microsoft SQL Server\100\DTS\Binn\;C:\Program Files\Java\jdk-18.0.1.1\bin;C:\Program Files\Git\cmd;C:\HashiCorp\Vagrant\bin;C:\Users\ACER\AppData\Local\Programs\Python\Python310\Scripts\;C:\Users\ACER\AppData\Local\Programs\Python\Python310\;C:\Users\ACER\AppData\Local\Microsoft\WindowsApps;C:\Users\ACER\AppData\Local\atom\bin;C:\msys64\mingw64\bin;C:\Users\ACER\AppData\Local\GitHubDesktop\bin
USERNAME=ACER
OS=Windows_NT
PROCESSOR_IDENTIFIER=Intel64 Family 6 Model 142 Stepping 10, GenuineIntel



---------------  S Y S T E M  ---------------

OS:
 Windows 10 , 64 bit Build 19041 (10.0.19041.1889)
OS uptime: 3 days 20:09 hours

CPU: total 8 (initial active 8) (4 cores per cpu, 2 threads per core) family 6 model 142 stepping 10 microcode 0xb4, cx8, cmov, fxsr, ht, mmx, 3dnowpref, sse, sse2, sse3, ssse3, sse4.1, sse4.2, popcnt, lzcnt, tsc, tscinvbit, avx, avx2, aes, erms, clmul, bmi1, bmi2, adx, fma, vzeroupper, clflush, clflushopt

Memory: 4k page, system-wide physical 3971M (272M free)
TotalPageFile size 16259M (AvailPageFile size 0M)
current process WorkingSet (physical memory assigned to process): 26M, peak: 26M
current process commit charge ("private bytes"): 135M, peak: 135M

vm_info: Java HotSpot(TM) 64-Bit Server VM (18.0.1.1+2-6) for windows-amd64 JRE (18.0.1.1+2-6), built on Apr 25 2022 21:53:15 by "mach5one" with MS VC++ 16.8 / 16.9 (VS2019)

END.
