#
# There is insufficient memory for the Java Runtime Environment to continue.
# Native memory allocation (mmap) failed to map 67108864 bytes for G1 virtual space
# Possible reasons:
#   The system is out of physical RAM or swap space
#   The process is running with CompressedOops enabled, and the Java Heap may be blocking the growth of the native heap
# Possible solutions:
#   Reduce memory load on the system
#   Increase physical memory or swap space
#   Check if swap backing store is full
#   Decrease Java heap size (-Xmx/-Xms)
#   Decrease number of Java threads
#   Decrease Java thread stack sizes (-Xss)
#   Set larger code cache with -XX:ReservedCodeCacheSize=
#   JVM is running with Unscaled Compressed Oops mode in which the Java heap is
#     placed in the first 4GB address space. The Java Heap base address is the
#     maximum limit for the native heap growth. Please use -XX:HeapBaseMinAddress
#     to set the Java Heap base and to place the Java Heap above 4GB virtual address.
# This output file may be truncated or incomplete.
#
#  Out of Memory Error (os_windows.cpp:3530), pid=24504, tid=1308
#
# JRE version:  (18.0.1.1+2) (build )
# Java VM: Java HotSpot(TM) 64-Bit Server VM (18.0.1.1+2-6, mixed mode, sharing, tiered, compressed oops, compressed class ptrs, g1 gc, windows-amd64)
# No core dump will be written. Minidumps are not enabled by default on client versions of Windows
#

---------------  S U M M A R Y ------------

Command Line: -Dfile.encoding=UTF-8 --module-path=C:\Users\ACER\Dropbox\My PC (DESKTOP-GFBA4HL)\Documents\NetBeansProjects\bank management system\build\classes bank.management.system.Transactions

Host: Intel(R) Core(TM) i5-8250U CPU @ 1.60GHz, 8 cores, 3G,  Windows 10 , 64 bit Build 19041 (10.0.19041.1889)
Time: Mon Nov 28 21:24:48 2022 South Africa Standard Time elapsed time: 0.030127 seconds (0d 0h 0m 0s)

---------------  T H R E A D  ---------------

Current thread (0x000001d0731eea90):  JavaThread "Unknown thread" [_thread_in_vm, id=1308, stack(0x000000924aa00000,0x000000924ab00000)]

Stack: [0x000000924aa00000,0x000000924ab00000]
Native frames: (J=compiled Java code, j=interpreted, Vv=VM code, C=native code)
V  [jvm.dll+0x69887a]
V  [jvm.dll+0x7f38bd]
V  [jvm.dll+0x7f51ce]
V  [jvm.dll+0x7f5883]
V  [jvm.dll+0x25ca3f]
V  [jvm.dll+0x6957c9]
V  [jvm.dll+0x68a2fa]
V  [jvm.dll+0x321efb]
V  [jvm.dll+0x3298d6]
V  [jvm.dll+0x37e47e]
V  [jvm.dll+0x37e6af]
V  [jvm.dll+0x2f9c7a]
V  [jvm.dll+0x2facdd]
V  [jvm.dll+0x7c24f0]
V  [jvm.dll+0x38b801]
V  [jvm.dll+0x7a1203]
V  [jvm.dll+0x40d6bf]
V  [jvm.dll+0x40f091]
C  [jli.dll+0x526b]
C  [ucrtbase.dll+0x21bb2]
C  [KERNEL32.DLL+0x17034]
C  [ntdll.dll+0x526a1]


---------------  P R O C E S S  ---------------

Threads class SMR info:
_java_thread_list=0x00007ffca33cd550, length=0, elements={
}

Java Threads: ( => current thread )

Other Threads:
  0x000001d073230dd0 WorkerThread "GC Thread#0" [stack: 0x000000924ab00000,0x000000924ac00000] [id=23896]
  0x000001d073239940 ConcurrentGCThread "G1 Main Marker" [stack: 0x000000924ac00000,0x000000924ad00000] [id=22716]
  0x000001d07323b340 WorkerThread "G1 Conc#0" [stack: 0x000000924ad00000,0x000000924ae00000] [id=8056]

[error occurred during error reporting (printing all threads), id 0xc0000005, EXCEPTION_ACCESS_VIOLATION (0xc0000005) at pc=0x00007ffca2bfa217]

VM state: not at safepoint (not fully initialized)

VM Mutex/Monitor currently owned by a thread:  ([mutex/lock_event])
[0x000001d0731ebf60] Heap_lock - owner thread: 0x000001d0731eea90

Heap address: 0x00000000c1e00000, size: 994 MB, Compressed Oops mode: 32-bit

CDS archive(s) mapped at: [0x0000000000000000-0x0000000000000000-0x0000000000000000), size 0, SharedBaseAddress: 0x0000000800000000, ArchiveRelocationMode: 0.
Narrow klass base: 0x0000000000000000, Narrow klass shift: 0, Narrow klass range: 0x0

GC Precious Log:
 CardTable entry size: 512
 Card Set container configuration: InlinePtr #cards 5 size 8 Array Of Cards #cards 12 size 40 Howl #buckets 4 coarsen threshold 1843 Howl Bitmap #cards 512 size 80 coarsen threshold 460 Card regions per heap region 1 cards per card region 2048

Heap:
 garbage-first heap   total 0K, used 0K [0x00000000c1e00000, 0x0000000100000000)
  region size 1024K, 0 young (0K), 0 survivors (0K)

[error occurred during error reporting (printing heap information), id 0xc0000005, EXCEPTION_ACCESS_VIOLATION (0xc0000005) at pc=0x00007ffca2fe0cb9]

GC Heap History (0 events):
No events

Deoptimization events (0 events):
No events

Classes loaded (0 events):
No events

Classes unloaded (0 events):
No events

Classes redefined (0 events):
No events

Internal exceptions (0 events):
No events

VM Operations (0 events):
No events

Events (1 events):
Event: 0.013 Loaded shared library C:\Program Files\Java\jdk-18.0.1.1\bin\java.dll


Dynamic libraries:
0x00007ff6504c0000 - 0x00007ff6504d0000 	C:\Program Files\Java\jdk-18.0.1.1\bin\java.exe
0x00007ffce8270000 - 0x00007ffce8468000 	C:\WINDOWS\SYSTEM32\ntdll.dll
0x00007ffce6f00000 - 0x00007ffce6fbd000 	C:\WINDOWS\System32\KERNEL32.DLL
0x00007ffce5e90000 - 0x00007ffce6162000 	C:\WINDOWS\System32\KERNELBASE.dll
0x00007ffce5a30000 - 0x00007ffce5b30000 	C:\WINDOWS\System32\ucrtbase.dll
0x00007ffce0580000 - 0x00007ffce059a000 	C:\Program Files\Java\jdk-18.0.1.1\bin\VCRUNTIME140.dll
0x00007ffce0d40000 - 0x00007ffce0d58000 	C:\Program Files\Java\jdk-18.0.1.1\bin\jli.dll
0x00007ffce7270000 - 0x00007ffce731e000 	C:\WINDOWS\System32\ADVAPI32.dll
0x00007ffce7330000 - 0x00007ffce73ce000 	C:\WINDOWS\System32\msvcrt.dll
0x00007ffce7050000 - 0x00007ffce70ec000 	C:\WINDOWS\System32\sechost.dll
0x00007ffce7860000 - 0x00007ffce7985000 	C:\WINDOWS\System32\RPCRT4.dll
0x00007ffce7a70000 - 0x00007ffce7c0d000 	C:\WINDOWS\System32\USER32.dll
0x00007ffcd1330000 - 0x00007ffcd15ca000 	C:\WINDOWS\WinSxS\amd64_microsoft.windows.common-controls_6595b64144ccf1df_6.0.19041.1110_none_60b5254171f9507e\COMCTL32.dll
0x00007ffce5e60000 - 0x00007ffce5e82000 	C:\WINDOWS\System32\win32u.dll
0x00007ffce6720000 - 0x00007ffce674b000 	C:\WINDOWS\System32\GDI32.dll
0x00007ffce5b80000 - 0x00007ffce5c8f000 	C:\WINDOWS\System32\gdi32full.dll
0x00007ffce61a0000 - 0x00007ffce623d000 	C:\WINDOWS\System32\msvcp_win.dll
0x00007ffcdfb00000 - 0x00007ffcdfb0a000 	C:\WINDOWS\SYSTEM32\VERSION.dll
0x00007ffce6750000 - 0x00007ffce6780000 	C:\WINDOWS\System32\IMM32.DLL
0x00007ffce1610000 - 0x00007ffce161c000 	C:\Program Files\Java\jdk-18.0.1.1\bin\vcruntime140_1.dll
0x00007ffcd0380000 - 0x00007ffcd040d000 	C:\Program Files\Java\jdk-18.0.1.1\bin\msvcp140.dll
0x00007ffca28f0000 - 0x00007ffca3500000 	C:\Program Files\Java\jdk-18.0.1.1\bin\server\jvm.dll
0x00007ffce6ef0000 - 0x00007ffce6ef8000 	C:\WINDOWS\System32\PSAPI.DLL
0x00007ffce0150000 - 0x00007ffce0159000 	C:\WINDOWS\SYSTEM32\WSOCK32.dll
0x00007ffcd4140000 - 0x00007ffcd4167000 	C:\WINDOWS\SYSTEM32\WINMM.dll
0x00007ffce66b0000 - 0x00007ffce671b000 	C:\WINDOWS\System32\WS2_32.dll
0x00007ffce3840000 - 0x00007ffce3852000 	C:\WINDOWS\SYSTEM32\kernel.appcore.dll
0x00007ffce0cb0000 - 0x00007ffce0cba000 	C:\Program Files\Java\jdk-18.0.1.1\bin\jimage.dll
0x00007ffcdd790000 - 0x00007ffcdd974000 	C:\WINDOWS\SYSTEM32\DBGHELP.DLL
0x00007ffcdd230000 - 0x00007ffcdd25c000 	C:\WINDOWS\SYSTEM32\dbgcore.DLL
0x00007ffce6240000 - 0x00007ffce62c2000 	C:\WINDOWS\System32\bcryptPrimitives.dll
0x00007ffcde140000 - 0x00007ffcde165000 	C:\Program Files\Java\jdk-18.0.1.1\bin\java.dll

dbghelp: loaded successfully - version: 4.0.5 - missing functions: none
symbol engine: initialized successfully - sym options: 0x614 - pdb path: .;C:\Program Files\Java\jdk-18.0.1.1\bin;C:\WINDOWS\SYSTEM32;C:\WINDOWS\WinSxS\amd64_microsoft.windows.common-controls_6595b64144ccf1df_6.0.19041.1110_none_60b5254171f9507e;C:\Program Files\Java\jdk-18.0.1.1\bin\server

VM Arguments:
jvm_args: -Dfile.encoding=UTF-8 --module-path=C:\Users\ACER\Dropbox\My PC (DESKTOP-GFBA4HL)\Documents\NetBeansProjects\bank management system\build\classes 
java_command: bank.management.system.Transactions
java_class_path (initial): C:\Users\ACER\Desktop\calender\jcalendar-tz-1.3.3-4.jar;C:\Users\ACER\Downloads\mysql-connector-java-8.0.28.jar;C:\Users\ACER\Dropbox\My PC (DESKTOP-GFBA4HL)\Documents\NetBeansProjects\bank management system\build\classes
Launcher Type: SUN_STANDARD

[Global flags]
     intx CICompilerCount                          = 4                                         {product} {ergonomic}
     uint ConcGCThreads                            = 2                                         {product} {ergonomic}
     uint G1ConcRefinementThreads                  = 8                                         {product} {ergonomic}
   size_t G1HeapRegionSize                         = 1048576                                   {product} {ergonomic}
    uintx GCDrainStackTargetSize                   = 64                                        {product} {ergonomic}
   size_t InitialHeapSize                          = 67108864                                  {product} {ergonomic}
   size_t MarkStackSize                            = 4194304                                   {product} {ergonomic}
   size_t MaxHeapSize                              = 1042284544                                {product} {ergonomic}
   size_t MinHeapDeltaBytes                        = 1048576                                   {product} {ergonomic}
   size_t MinHeapSize                              = 8388608                                   {product} {ergonomic}
    uintx NonNMethodCodeHeapSize                   = 5839372                                {pd product} {ergonomic}
    uintx NonProfiledCodeHeapSize                  = 122909434                              {pd product} {ergonomic}
    uintx ProfiledCodeHeapSize                     = 122909434                              {pd product} {ergonomic}
    uintx ReservedCodeCacheSize                    = 251658240                              {pd product} {ergonomic}
     bool SegmentedCodeCache                       = true                                      {product} {ergonomic}
   size_t SoftMaxHeapSize                          = 1042284544                             {manageable} {ergonomic}
     bool UseCompressedClassPointers               = true                           {product lp64_product} {ergonomic}
     bool UseCompressedOops                        = true                           {product lp64_product} {ergonomic}
     bool UseG1GC                                  = true                                      {product} {ergonomic}
     bool UseLargePagesIndividualAllocation        = false                                  {pd product} {ergonomic}

Logging:
Log output configuration:
 #0: stdout all=warning uptime,level,tags foldmultilines=false
 #1: stderr all=off uptime,level,tags foldmultilines=false

Environment Variables:
JAVA_HOME=C:\Program Files\Java\jdk-18.0.1.1
PATH=C:\Program Files\Common Files\Oracle\Java\javapath;C:\WINDOWS\system32;C:\WINDOWS;C:\WINDOWS\System32\Wbem;C:\WINDOWS\System32\WindowsPowerShell\v1.0\;C:\WINDOWS\System32\OpenSSH\;c:\Program Files (x86)\Microsoft SQL Server\100\Tools\Binn\;c:\Program Files\Microsoft SQL Server\100\Tools\Binn\;c:\Program Files\Microsoft SQL Server\100\DTS\Binn\;C:\Program Files\Java\jdk-18.0.1.1\bin;C:\Program Files\Git\cmd;C:\HashiCorp\Vagrant\bin;C:\Users\ACER\AppData\Local\Programs\Python\Python310\Scripts\;C:\Users\ACER\AppData\Local\Programs\Python\Python310\;C:\Users\ACER\AppData\Local\Microsoft\WindowsApps;C:\Users\ACER\AppData\Local\atom\bin;C:\msys64\mingw64\bin;C:\Users\ACER\AppData\Local\GitHubDesktop\bin
USERNAME=ACER
OS=Windows_NT
PROCESSOR_IDENTIFIER=Intel64 Family 6 Model 142 Stepping 10, GenuineIntel



---------------  S Y S T E M  ---------------

OS:
 Windows 10 , 64 bit Build 19041 (10.0.19041.1889)
OS uptime: 3 days 20:06 hours

CPU: total 8 (initial active 8) (4 cores per cpu, 2 threads per core) family 6 model 142 stepping 10 microcode 0xb4, cx8, cmov, fxsr, ht, mmx, 3dnowpref, sse, sse2, sse3, ssse3, sse4.1, sse4.2, popcnt, lzcnt, tsc, tscinvbit, avx, avx2, aes, erms, clmul, bmi1, bmi2, adx, fma, vzeroupper, clflush, clflushopt

Memory: 4k page, system-wide physical 3971M (317M free)
TotalPageFile size 16259M (AvailPageFile size 27M)
current process WorkingSet (physical memory assigned to process): 9M, peak: 9M
current process commit charge ("private bytes"): 60M, peak: 123M

vm_info: Java HotSpot(TM) 64-Bit Server VM (18.0.1.1+2-6) for windows-amd64 JRE (18.0.1.1+2-6), built on Apr 25 2022 21:53:15 by "mach5one" with MS VC++ 16.8 / 16.9 (VS2019)

END.
