#
# There is insufficient memory for the Java Runtime Environment to continue.
# Native memory allocation (malloc) failed to allocate 9232 bytes for AllocateHeap
# Possible reasons:
#   The system is out of physical RAM or swap space
#   The process is running with CompressedOops enabled, and the Java Heap may be blocking the growth of the native heap
# Possible solutions:
#   Reduce memory load on the system
#   Increase physical memory or swap space
#   Check if swap backing store is full
#   Decrease Java heap size (-Xmx/-Xms)
#   Decrease number of Java threads
#   Decrease Java thread stack sizes (-Xss)
#   Set larger code cache with -XX:ReservedCodeCacheSize=
#   JVM is running with Unscaled Compressed Oops mode in which the Java heap is
#     placed in the first 4GB address space. The Java Heap base address is the
#     maximum limit for the native heap growth. Please use -XX:HeapBaseMinAddress
#     to set the Java Heap base and to place the Java Heap above 4GB virtual address.
# This output file may be truncated or incomplete.
#
#  Out of Memory Error (allocation.cpp:44), pid=24364, tid=24000
#
# JRE version: Java(TM) SE Runtime Environment (18.0.1.1+2) (build 18.0.1.1+2-6)
# Java VM: Java HotSpot(TM) 64-Bit Server VM (18.0.1.1+2-6, mixed mode, sharing, tiered, compressed oops, compressed class ptrs, g1 gc, windows-amd64)
# No core dump will be written. Minidumps are not enabled by default on client versions of Windows
#

---------------  S U M M A R Y ------------

Command Line: -Dfile.encoding=UTF-8 --module-path=C:\Users\ACER\Dropbox\My PC (DESKTOP-GFBA4HL)\Documents\NetBeansProjects\bank management system\build\classes bank.management.system.Transactions

Host: Intel(R) Core(TM) i5-8250U CPU @ 1.60GHz, 8 cores, 3G,  Windows 10 , 64 bit Build 19041 (10.0.19041.1889)
Time: Mon Nov 28 21:22:24 2022 South Africa Standard Time elapsed time: 1.634897 seconds (0d 0h 0m 1s)

---------------  T H R E A D  ---------------

Current thread (0x000002ba9cf3de10):  JavaThread "AWT-EventQueue-0" [_thread_in_Java, id=24000, stack(0x000000d27a100000,0x000000d27a200000)]

Stack: [0x000000d27a100000,0x000000d27a200000]
Native frames: (J=compiled Java code, j=interpreted, Vv=VM code, C=native code)
V  [jvm.dll+0x69887a]
V  [jvm.dll+0x7f38bd]
V  [jvm.dll+0x7f51ce]
V  [jvm.dll+0x7f5883]
V  [jvm.dll+0x25ca3f]
V  [jvm.dll+0xb31af]
V  [jvm.dll+0x269bc9]
V  [jvm.dll+0x26c694]
C  0x000002ba878c232b

Java frames: (J=compiled Java code, j=interpreted, Vv=VM code)
v  ~UncommonTrapBlob
J 641 c2 java.util.HashMap.getNode(Ljava/lang/Object;)Ljava/util/HashMap$Node; java.base@18.0.1.1 (150 bytes) @ 0x000002ba8f36d278 [0x000002ba8f36cfc0+0x00000000000002b8]
J 116 c1 java.util.HashMap.get(Ljava/lang/Object;)Ljava/lang/Object; java.base@18.0.1.1 (19 bytes) @ 0x000002ba87e2e834 [0x000002ba87e2e7c0+0x0000000000000074]
j  sun.swing.SwingUtilities2.getFRCFromCache(Ljava/awt/geom/AffineTransform;Ljava/lang/Object;)Ljava/awt/font/FontRenderContext;+74 java.desktop@18.0.1.1
j  sun.swing.SwingUtilities2.getFRCProperty(Ljavax/swing/JComponent;)Ljava/awt/font/FontRenderContext;+32 java.desktop@18.0.1.1
j  sun.swing.SwingUtilities2.getFontMetrics(Ljavax/swing/JComponent;Ljava/awt/Font;)Ljava/awt/FontMetrics;+1 java.desktop@18.0.1.1
j  javax.swing.JComponent.getFontMetrics(Ljava/awt/Font;)Ljava/awt/FontMetrics;+2 java.desktop@18.0.1.1
j  sun.swing.SwingUtilities2.getFontMetrics(Ljavax/swing/JComponent;Ljava/awt/Graphics;Ljava/awt/Font;)Ljava/awt/FontMetrics;+6 java.desktop@18.0.1.1
j  sun.swing.SwingUtilities2.getFontMetrics(Ljavax/swing/JComponent;Ljava/awt/Graphics;)Ljava/awt/FontMetrics;+6 java.desktop@18.0.1.1
j  javax.swing.plaf.metal.MetalButtonUI.paintText(Ljava/awt/Graphics;Ljavax/swing/JComponent;Ljava/awt/Rectangle;Ljava/lang/String;)V+15 java.desktop@18.0.1.1
j  javax.swing.plaf.basic.BasicButtonUI.paintText(Ljava/awt/Graphics;Ljavax/swing/AbstractButton;Ljava/awt/Rectangle;Ljava/lang/String;)V+6 java.desktop@18.0.1.1
j  javax.swing.plaf.basic.BasicButtonUI.paint(Ljava/awt/Graphics;Ljavax/swing/JComponent;)V+127 java.desktop@18.0.1.1
j  javax.swing.plaf.ComponentUI.update(Ljava/awt/Graphics;Ljavax/swing/JComponent;)V+32 java.desktop@18.0.1.1
j  javax.swing.plaf.metal.MetalButtonUI.update(Ljava/awt/Graphics;Ljavax/swing/JComponent;)V+131 java.desktop@18.0.1.1
j  javax.swing.JComponent.paintComponent(Ljava/awt/Graphics;)V+26 java.desktop@18.0.1.1
j  javax.swing.JComponent.paint(Ljava/awt/Graphics;)V+286 java.desktop@18.0.1.1
j  javax.swing.JComponent.paintChildren(Ljava/awt/Graphics;)V+516 java.desktop@18.0.1.1
j  javax.swing.JComponent.paint(Ljava/awt/Graphics;)V+318 java.desktop@18.0.1.1
j  javax.swing.JComponent.paintChildren(Ljava/awt/Graphics;)V+516 java.desktop@18.0.1.1
j  javax.swing.JComponent.paint(Ljava/awt/Graphics;)V+318 java.desktop@18.0.1.1
j  javax.swing.JComponent.paintChildren(Ljava/awt/Graphics;)V+516 java.desktop@18.0.1.1
j  javax.swing.JComponent.paint(Ljava/awt/Graphics;)V+318 java.desktop@18.0.1.1
j  javax.swing.JLayeredPane.paint(Ljava/awt/Graphics;)V+73 java.desktop@18.0.1.1
j  javax.swing.JComponent.paintChildren(Ljava/awt/Graphics;)V+516 java.desktop@18.0.1.1
j  javax.swing.JComponent.paintToOffscreen(Ljava/awt/Graphics;IIIIII)V+72 java.desktop@18.0.1.1
j  javax.swing.RepaintManager$PaintManager.paintDoubleBufferedImpl(Ljavax/swing/JComponent;Ljava/awt/Image;Ljava/awt/Graphics;IIII)V+163 java.desktop@18.0.1.1
j  javax.swing.RepaintManager$PaintManager.paintDoubleBuffered(Ljavax/swing/JComponent;Ljava/awt/Image;Ljava/awt/Graphics;IIII)V+46 java.desktop@18.0.1.1
j  javax.swing.RepaintManager$PaintManager.paint(Ljavax/swing/JComponent;Ljavax/swing/JComponent;Ljava/awt/Graphics;IIII)Z+128 java.desktop@18.0.1.1
j  javax.swing.RepaintManager.paint(Ljavax/swing/JComponent;Ljavax/swing/JComponent;Ljava/awt/Graphics;IIII)V+52 java.desktop@18.0.1.1
j  javax.swing.JComponent.paint(Ljava/awt/Graphics;)V+221 java.desktop@18.0.1.1
j  java.awt.GraphicsCallback$PaintCallback.run(Ljava/awt/Component;Ljava/awt/Graphics;)V+2 java.desktop@18.0.1.1
j  sun.awt.SunGraphicsCallback.runOneComponent(Ljava/awt/Component;Ljava/awt/Rectangle;Ljava/awt/Graphics;Ljava/awt/Shape;I)V+130 java.desktop@18.0.1.1
j  sun.awt.SunGraphicsCallback.runComponents([Ljava/awt/Component;Ljava/awt/Graphics;I)V+157 java.desktop@18.0.1.1
j  java.awt.Container.paint(Ljava/awt/Graphics;)V+58 java.desktop@18.0.1.1
j  java.awt.Window.paint(Ljava/awt/Graphics;)V+68 java.desktop@18.0.1.1
j  javax.swing.RepaintManager$4.run()Ljava/lang/Void;+142 java.desktop@18.0.1.1
j  javax.swing.RepaintManager$4.run()Ljava/lang/Object;+1 java.desktop@18.0.1.1
J 673 c1 java.security.AccessController.doPrivileged(Ljava/security/PrivilegedAction;Ljava/security/AccessControlContext;)Ljava/lang/Object; java.base@18.0.1.1 (17 bytes) @ 0x000002ba87f118dc [0x000002ba87f11700+0x00000000000001dc]
j  java.security.ProtectionDomain$JavaSecurityAccessImpl.doIntersectionPrivilege(Ljava/security/PrivilegedAction;Ljava/security/AccessControlContext;Ljava/security/AccessControlContext;)Ljava/lang/Object;+18 java.base@18.0.1.1
j  javax.swing.RepaintManager.paintDirtyRegions(Ljava/util/Map;)V+154 java.desktop@18.0.1.1
j  javax.swing.RepaintManager.paintDirtyRegions()V+46 java.desktop@18.0.1.1
j  javax.swing.RepaintManager.prePaintDirtyRegions()V+73 java.desktop@18.0.1.1
j  javax.swing.RepaintManager$ProcessingRunnable.run()V+37 java.desktop@18.0.1.1
j  java.awt.event.InvocationEvent.dispatch()V+47 java.desktop@18.0.1.1
j  java.awt.EventQueue.dispatchEventImpl(Ljava/awt/AWTEvent;Ljava/lang/Object;)V+21 java.desktop@18.0.1.1
j  java.awt.EventQueue$4.run()Ljava/lang/Void;+32 java.desktop@18.0.1.1
j  java.awt.EventQueue$4.run()Ljava/lang/Object;+1 java.desktop@18.0.1.1
J 673 c1 java.security.AccessController.doPrivileged(Ljava/security/PrivilegedAction;Ljava/security/AccessControlContext;)Ljava/lang/Object; java.base@18.0.1.1 (17 bytes) @ 0x000002ba87f118dc [0x000002ba87f11700+0x00000000000001dc]
j  java.security.ProtectionDomain$JavaSecurityAccessImpl.doIntersectionPrivilege(Ljava/security/PrivilegedAction;Ljava/security/AccessControlContext;Ljava/security/AccessControlContext;)Ljava/lang/Object;+18 java.base@18.0.1.1
j  java.awt.EventQueue.dispatchEvent(Ljava/awt/AWTEvent;)V+46 java.desktop@18.0.1.1
j  java.awt.EventDispatchThread.pumpOneEventForFilters(I)V+78 java.desktop@18.0.1.1
j  java.awt.EventDispatchThread.pumpEventsForFilter(ILjava/awt/Conditional;Ljava/awt/EventFilter;)V+35 java.desktop@18.0.1.1
j  java.awt.EventDispatchThread.pumpEventsForHierarchy(ILjava/awt/Conditional;Ljava/awt/Component;)V+11 java.desktop@18.0.1.1
j  java.awt.EventDispatchThread.pumpEvents(ILjava/awt/Conditional;)V+4 java.desktop@18.0.1.1
j  java.awt.EventDispatchThread.pumpEvents(Ljava/awt/Conditional;)V+3 java.desktop@18.0.1.1
j  java.awt.EventDispatchThread.run()V+9 java.desktop@18.0.1.1
v  ~StubRoutines::call_stub

---------------  P R O C E S S  ---------------

Threads class SMR info:
_java_thread_list=0x000002ba9cf8f140, length=18, elements={
0x000002bafce22070, 0x000002bafce23f80, 0x000002bafce37790, 0x000002bafce38130,
0x000002bafce38ad0, 0x000002bafce395b0, 0x000002ba989962e0, 0x000002bafce3e230,
0x000002ba989b2200, 0x000002bafce0c920, 0x000002ba9ccd7cd0, 0x000002ba9ce7d7f0,
0x000002ba9ce5c140, 0x000002ba9ce5c600, 0x000002ba9cf027f0, 0x000002ba9cf41a60,
0x000002ba9cf3de10, 0x000002bafcd6dd80
}

Java Threads: ( => current thread )
  0x000002bafce22070 JavaThread "Reference Handler" daemon [_thread_blocked, id=24400, stack(0x000000d279000000,0x000000d279100000)]
  0x000002bafce23f80 JavaThread "Finalizer" daemon [_thread_blocked, id=3564, stack(0x000000d279100000,0x000000d279200000)]
  0x000002bafce37790 JavaThread "Signal Dispatcher" daemon [_thread_blocked, id=19548, stack(0x000000d279200000,0x000000d279300000)]
  0x000002bafce38130 JavaThread "Attach Listener" daemon [_thread_blocked, id=23768, stack(0x000000d279300000,0x000000d279400000)]
  0x000002bafce38ad0 JavaThread "Service Thread" daemon [_thread_blocked, id=24444, stack(0x000000d279400000,0x000000d279500000)]
  0x000002bafce395b0 JavaThread "Monitor Deflation Thread" daemon [_thread_blocked, id=24300, stack(0x000000d279500000,0x000000d279600000)]
  0x000002ba989962e0 JavaThread "C2 CompilerThread0" daemon [_thread_blocked, id=23660, stack(0x000000d279600000,0x000000d279700000)]
  0x000002bafce3e230 JavaThread "C1 CompilerThread0" daemon [_thread_blocked, id=22760, stack(0x000000d279700000,0x000000d279800000)]
  0x000002ba989b2200 JavaThread "Sweeper thread" daemon [_thread_blocked, id=23244, stack(0x000000d279800000,0x000000d279900000)]
  0x000002bafce0c920 JavaThread "Common-Cleaner" daemon [_thread_blocked, id=23824, stack(0x000000d279900000,0x000000d279a00000)]
  0x000002ba9ccd7cd0 JavaThread "Notification Thread" daemon [_thread_blocked, id=23812, stack(0x000000d279a00000,0x000000d279b00000)]
  0x000002ba9ce7d7f0 JavaThread "Java2D Disposer" daemon [_thread_blocked, id=23852, stack(0x000000d279c00000,0x000000d279d00000)]
  0x000002ba9ce5c140 JavaThread "AWT-Shutdown" [_thread_blocked, id=23860, stack(0x000000d279d00000,0x000000d279e00000)]
  0x000002ba9ce5c600 JavaThread "AWT-Windows" daemon [_thread_in_native, id=21888, stack(0x000000d279e00000,0x000000d279f00000)]
  0x000002ba9cf027f0 JavaThread "Image Fetcher 0" daemon [_thread_blocked, id=13364, stack(0x000000d279f00000,0x000000d27a000000)]
  0x000002ba9cf41a60 JavaThread "Image Fetcher 1" daemon [_thread_blocked, id=24312, stack(0x000000d27a000000,0x000000d27a100000)]
=>0x000002ba9cf3de10 JavaThread "AWT-EventQueue-0" [_thread_in_Java, id=24000, stack(0x000000d27a100000,0x000000d27a200000)]
  0x000002bafcd6dd80 JavaThread "DestroyJavaVM" [_thread_blocked, id=7560, stack(0x000000d278900000,0x000000d278a00000)]

Other Threads:
  0x000002bafce1da50 VMThread "VM Thread" [stack: 0x000000d278f00000,0x000000d279000000] [id=24032]
  0x000002ba9ccbb800 WatcherThread "VM Periodic Task Thread" [stack: 0x000000d279b00000,0x000000d279c00000] [id=19992]
  0x000002bafcdb00c0 WorkerThread "GC Thread#0" [stack: 0x000000d278a00000,0x000000d278b00000] [id=23788]
  0x000002bafcdb8c30 ConcurrentGCThread "G1 Main Marker" [stack: 0x000000d278b00000,0x000000d278c00000] [id=10000]
  0x000002bafcdbadd0 WorkerThread "G1 Conc#0" [stack: 0x000000d278c00000,0x000000d278d00000] [id=23760]
  0x000002bafcdf5240 ConcurrentGCThread "G1 Refine#0" [stack: 0x000000d278d00000,0x000000d278e00000] [id=24144]
  0x000002bafcdf5b50 ConcurrentGCThread "G1 Service" [stack: 0x000000d278e00000,0x000000d278f00000] [id=16884]

Threads with active compile tasks:

VM state: not at safepoint (normal execution)

VM Mutex/Monitor currently owned by a thread: None

Heap address: 0x00000000c1e00000, size: 994 MB, Compressed Oops mode: 32-bit

CDS archive(s) mapped at: [0x0000000800000000-0x0000000800ba0000-0x0000000800ba0000), size 12189696, SharedBaseAddress: 0x0000000800000000, ArchiveRelocationMode: 0.
Compressed class space mapped at: 0x0000000800c00000-0x0000000840c00000, reserved size: 1073741824
Narrow klass base: 0x0000000800000000, Narrow klass shift: 0, Narrow klass range: 0x100000000

GC Precious Log:
 CardTable entry size: 512
 Card Set container configuration: InlinePtr #cards 5 size 8 Array Of Cards #cards 12 size 40 Howl #buckets 4 coarsen threshold 1843 Howl Bitmap #cards 512 size 80 coarsen threshold 460 Card regions per heap region 1 cards per card region 2048
 CPUs: 8 total, 8 available
 Memory: 3971M
 Large Page Support: Disabled
 NUMA Support: Disabled
 Compressed Oops: Enabled (32-bit)
 Heap Region Size: 1M
 Heap Min Capacity: 8M
 Heap Initial Capacity: 64M
 Heap Max Capacity: 994M
 Pre-touch: Disabled
 Parallel Workers: 8
 Concurrent Workers: 2
 Concurrent Refinement Workers: 8
 Periodic GC: Disabled

Heap:
 garbage-first heap   total 65536K, used 20480K [0x00000000c1e00000, 0x0000000100000000)
  region size 1024K, 15 young (15360K), 0 survivors (0K)
 Metaspace       used 6575K, committed 6848K, reserved 1114112K
  class space    used 703K, committed 832K, reserved 1048576K

Heap Regions: E=young(eden), S=young(survivor), O=old, HS=humongous(starts), HC=humongous(continues), CS=collection set, F=free, OA=open archive, CA=closed archive, TAMS=top-at-mark-start (previous, next)
|   0|0x00000000c1e00000, 0x00000000c1f00000, 0x00000000c1f00000|100%|HS|  |TAMS 0x00000000c1e00000, 0x00000000c1e00000| Complete 
|   1|0x00000000c1f00000, 0x00000000c2000000, 0x00000000c2000000|100%|HC|  |TAMS 0x00000000c1f00000, 0x00000000c1f00000| Complete 
|   2|0x00000000c2000000, 0x00000000c2100000, 0x00000000c2100000|100%|HC|  |TAMS 0x00000000c2000000, 0x00000000c2000000| Complete 
|   3|0x00000000c2100000, 0x00000000c2200000, 0x00000000c2200000|100%|HS|  |TAMS 0x00000000c2100000, 0x00000000c2100000| Complete 
|   4|0x00000000c2200000, 0x00000000c2300000, 0x00000000c2300000|100%|HS|  |TAMS 0x00000000c2200000, 0x00000000c2200000| Complete 
|   5|0x00000000c2300000, 0x00000000c2400000, 0x00000000c2400000|100%|HC|  |TAMS 0x00000000c2300000, 0x00000000c2300000| Complete 
|   6|0x00000000c2400000, 0x00000000c2400000, 0x00000000c2500000|  0%| F|  |TAMS 0x00000000c2400000, 0x00000000c2400000| Untracked 
|   7|0x00000000c2500000, 0x00000000c2500000, 0x00000000c2600000|  0%| F|  |TAMS 0x00000000c2500000, 0x00000000c2500000| Untracked 
|   8|0x00000000c2600000, 0x00000000c2600000, 0x00000000c2700000|  0%| F|  |TAMS 0x00000000c2600000, 0x00000000c2600000| Untracked 
|   9|0x00000000c2700000, 0x00000000c2700000, 0x00000000c2800000|  0%| F|  |TAMS 0x00000000c2700000, 0x00000000c2700000| Untracked 
|  10|0x00000000c2800000, 0x00000000c2800000, 0x00000000c2900000|  0%| F|  |TAMS 0x00000000c2800000, 0x00000000c2800000| Untracked 
|  11|0x00000000c2900000, 0x00000000c2900000, 0x00000000c2a00000|  0%| F|  |TAMS 0x00000000c2900000, 0x00000000c2900000| Untracked 
|  12|0x00000000c2a00000, 0x00000000c2a00000, 0x00000000c2b00000|  0%| F|  |TAMS 0x00000000c2a00000, 0x00000000c2a00000| Untracked 
|  13|0x00000000c2b00000, 0x00000000c2b00000, 0x00000000c2c00000|  0%| F|  |TAMS 0x00000000c2b00000, 0x00000000c2b00000| Untracked 
|  14|0x00000000c2c00000, 0x00000000c2c00000, 0x00000000c2d00000|  0%| F|  |TAMS 0x00000000c2c00000, 0x00000000c2c00000| Untracked 
|  15|0x00000000c2d00000, 0x00000000c2d00000, 0x00000000c2e00000|  0%| F|  |TAMS 0x00000000c2d00000, 0x00000000c2d00000| Untracked 
|  16|0x00000000c2e00000, 0x00000000c2e00000, 0x00000000c2f00000|  0%| F|  |TAMS 0x00000000c2e00000, 0x00000000c2e00000| Untracked 
|  17|0x00000000c2f00000, 0x00000000c2f00000, 0x00000000c3000000|  0%| F|  |TAMS 0x00000000c2f00000, 0x00000000c2f00000| Untracked 
|  18|0x00000000c3000000, 0x00000000c3000000, 0x00000000c3100000|  0%| F|  |TAMS 0x00000000c3000000, 0x00000000c3000000| Untracked 
|  19|0x00000000c3100000, 0x00000000c3100000, 0x00000000c3200000|  0%| F|  |TAMS 0x00000000c3100000, 0x00000000c3100000| Untracked 
|  20|0x00000000c3200000, 0x00000000c3200000, 0x00000000c3300000|  0%| F|  |TAMS 0x00000000c3200000, 0x00000000c3200000| Untracked 
|  21|0x00000000c3300000, 0x00000000c3300000, 0x00000000c3400000|  0%| F|  |TAMS 0x00000000c3300000, 0x00000000c3300000| Untracked 
|  22|0x00000000c3400000, 0x00000000c3400000, 0x00000000c3500000|  0%| F|  |TAMS 0x00000000c3400000, 0x00000000c3400000| Untracked 
|  23|0x00000000c3500000, 0x00000000c3500000, 0x00000000c3600000|  0%| F|  |TAMS 0x00000000c3500000, 0x00000000c3500000| Untracked 
|  24|0x00000000c3600000, 0x00000000c3600000, 0x00000000c3700000|  0%| F|  |TAMS 0x00000000c3600000, 0x00000000c3600000| Untracked 
|  25|0x00000000c3700000, 0x00000000c3700000, 0x00000000c3800000|  0%| F|  |TAMS 0x00000000c3700000, 0x00000000c3700000| Untracked 
|  26|0x00000000c3800000, 0x00000000c3800000, 0x00000000c3900000|  0%| F|  |TAMS 0x00000000c3800000, 0x00000000c3800000| Untracked 
|  27|0x00000000c3900000, 0x00000000c3900000, 0x00000000c3a00000|  0%| F|  |TAMS 0x00000000c3900000, 0x00000000c3900000| Untracked 
|  28|0x00000000c3a00000, 0x00000000c3a00000, 0x00000000c3b00000|  0%| F|  |TAMS 0x00000000c3a00000, 0x00000000c3a00000| Untracked 
|  29|0x00000000c3b00000, 0x00000000c3b00000, 0x00000000c3c00000|  0%| F|  |TAMS 0x00000000c3b00000, 0x00000000c3b00000| Untracked 
|  30|0x00000000c3c00000, 0x00000000c3c00000, 0x00000000c3d00000|  0%| F|  |TAMS 0x00000000c3c00000, 0x00000000c3c00000| Untracked 
|  31|0x00000000c3d00000, 0x00000000c3d00000, 0x00000000c3e00000|  0%| F|  |TAMS 0x00000000c3d00000, 0x00000000c3d00000| Untracked 
|  32|0x00000000c3e00000, 0x00000000c3e00000, 0x00000000c3f00000|  0%| F|  |TAMS 0x00000000c3e00000, 0x00000000c3e00000| Untracked 
|  33|0x00000000c3f00000, 0x00000000c3f00000, 0x00000000c4000000|  0%| F|  |TAMS 0x00000000c3f00000, 0x00000000c3f00000| Untracked 
|  34|0x00000000c4000000, 0x00000000c4000000, 0x00000000c4100000|  0%| F|  |TAMS 0x00000000c4000000, 0x00000000c4000000| Untracked 
|  35|0x00000000c4100000, 0x00000000c4100000, 0x00000000c4200000|  0%| F|  |TAMS 0x00000000c4100000, 0x00000000c4100000| Untracked 
|  36|0x00000000c4200000, 0x00000000c4200000, 0x00000000c4300000|  0%| F|  |TAMS 0x00000000c4200000, 0x00000000c4200000| Untracked 
|  37|0x00000000c4300000, 0x00000000c4300000, 0x00000000c4400000|  0%| F|  |TAMS 0x00000000c4300000, 0x00000000c4300000| Untracked 
|  38|0x00000000c4400000, 0x00000000c4400000, 0x00000000c4500000|  0%| F|  |TAMS 0x00000000c4400000, 0x00000000c4400000| Untracked 
|  39|0x00000000c4500000, 0x00000000c4500000, 0x00000000c4600000|  0%| F|  |TAMS 0x00000000c4500000, 0x00000000c4500000| Untracked 
|  40|0x00000000c4600000, 0x00000000c4600000, 0x00000000c4700000|  0%| F|  |TAMS 0x00000000c4600000, 0x00000000c4600000| Untracked 
|  41|0x00000000c4700000, 0x00000000c4700000, 0x00000000c4800000|  0%| F|  |TAMS 0x00000000c4700000, 0x00000000c4700000| Untracked 
|  42|0x00000000c4800000, 0x00000000c4800000, 0x00000000c4900000|  0%| F|  |TAMS 0x00000000c4800000, 0x00000000c4800000| Untracked 
|  43|0x00000000c4900000, 0x00000000c4900000, 0x00000000c4a00000|  0%| F|  |TAMS 0x00000000c4900000, 0x00000000c4900000| Untracked 
|  44|0x00000000c4a00000, 0x00000000c4a00000, 0x00000000c4b00000|  0%| F|  |TAMS 0x00000000c4a00000, 0x00000000c4a00000| Untracked 
|  45|0x00000000c4b00000, 0x00000000c4b00000, 0x00000000c4c00000|  0%| F|  |TAMS 0x00000000c4b00000, 0x00000000c4b00000| Untracked 
|  46|0x00000000c4c00000, 0x00000000c4c00000, 0x00000000c4d00000|  0%| F|  |TAMS 0x00000000c4c00000, 0x00000000c4c00000| Untracked 
|  47|0x00000000c4d00000, 0x00000000c4d00000, 0x00000000c4e00000|  0%| F|  |TAMS 0x00000000c4d00000, 0x00000000c4d00000| Untracked 
|  48|0x00000000c4e00000, 0x00000000c4e00000, 0x00000000c4f00000|  0%| F|  |TAMS 0x00000000c4e00000, 0x00000000c4e00000| Untracked 
|  49|0x00000000c4f00000, 0x00000000c4f00800, 0x00000000c5000000|  0%| E|  |TAMS 0x00000000c4f00000, 0x00000000c4f00000| Complete 
|  50|0x00000000c5000000, 0x00000000c5100000, 0x00000000c5100000|100%| E|CS|TAMS 0x00000000c5000000, 0x00000000c5000000| Complete 
|  51|0x00000000c5100000, 0x00000000c5200000, 0x00000000c5200000|100%| E|CS|TAMS 0x00000000c5100000, 0x00000000c5100000| Complete 
|  52|0x00000000c5200000, 0x00000000c5300000, 0x00000000c5300000|100%| E|CS|TAMS 0x00000000c5200000, 0x00000000c5200000| Complete 
|  53|0x00000000c5300000, 0x00000000c5400000, 0x00000000c5400000|100%| E|CS|TAMS 0x00000000c5300000, 0x00000000c5300000| Complete 
|  54|0x00000000c5400000, 0x00000000c5500000, 0x00000000c5500000|100%| E|CS|TAMS 0x00000000c5400000, 0x00000000c5400000| Complete 
|  55|0x00000000c5500000, 0x00000000c5600000, 0x00000000c5600000|100%| E|CS|TAMS 0x00000000c5500000, 0x00000000c5500000| Complete 
|  56|0x00000000c5600000, 0x00000000c5700000, 0x00000000c5700000|100%| E|CS|TAMS 0x00000000c5600000, 0x00000000c5600000| Complete 
|  57|0x00000000c5700000, 0x00000000c5800000, 0x00000000c5800000|100%| E|CS|TAMS 0x00000000c5700000, 0x00000000c5700000| Complete 
|  58|0x00000000c5800000, 0x00000000c5900000, 0x00000000c5900000|100%| E|CS|TAMS 0x00000000c5800000, 0x00000000c5800000| Complete 
|  59|0x00000000c5900000, 0x00000000c5a00000, 0x00000000c5a00000|100%| E|CS|TAMS 0x00000000c5900000, 0x00000000c5900000| Complete 
|  60|0x00000000c5a00000, 0x00000000c5b00000, 0x00000000c5b00000|100%| E|CS|TAMS 0x00000000c5a00000, 0x00000000c5a00000| Complete 
|  61|0x00000000c5b00000, 0x00000000c5c00000, 0x00000000c5c00000|100%| E|CS|TAMS 0x00000000c5b00000, 0x00000000c5b00000| Complete 
|  62|0x00000000c5c00000, 0x00000000c5d00000, 0x00000000c5d00000|100%| E|CS|TAMS 0x00000000c5c00000, 0x00000000c5c00000| Complete 
|  63|0x00000000c5d00000, 0x00000000c5e00000, 0x00000000c5e00000|100%| E|CS|TAMS 0x00000000c5d00000, 0x00000000c5d00000| Complete 

Card table byte_map: [0x000002bafd370000,0x000002bafd570000] _byte_map_base: 0x000002bafcd61000

Marking Bits (Prev, Next): (CMBitMap*) 0x000002bafcdb06c0, (CMBitMap*) 0x000002bafcdb0700
 Prev Bits: [0x000002bafd770000, 0x000002bafe6f8000)
 Next Bits: [0x000002bafe700000, 0x000002baff688000)

Polling page: 0x000002bafac60000

Metaspace:

Usage:
  Non-class:      5.73 MB used.
      Class:    703.53 KB used.
       Both:      6.42 MB used.

Virtual space:
  Non-class space:       64.00 MB reserved,       5.88 MB (  9%) committed,  1 nodes.
      Class space:        1.00 GB reserved,     832.00 KB ( <1%) committed,  1 nodes.
             Both:        1.06 GB reserved,       6.69 MB ( <1%) committed. 

Chunk freelists:
   Non-Class:  2.12 MB
       Class:  3.24 MB
        Both:  5.36 MB

MaxMetaspaceSize: unlimited
CompressedClassSpaceSize: 1.00 GB
Initial GC threshold: 21.00 MB
Current GC threshold: 21.00 MB
CDS: on
MetaspaceReclaimPolicy: balanced
 - commit_granule_bytes: 65536.
 - commit_granule_words: 8192.
 - virtual_space_node_default_size: 8388608.
 - enlarge_chunks_in_place: 1.
 - new_chunks_are_fully_committed: 0.
 - uncommit_free_chunks: 1.
 - use_allocation_guard: 0.


Internal statistics:

num_allocs_failed_limit: 0.
num_arena_births: 126.
num_arena_deaths: 0.
num_vsnodes_births: 2.
num_vsnodes_deaths: 0.
num_space_committed: 107.
num_space_uncommitted: 0.
num_chunks_returned_to_freelist: 0.
num_chunks_taken_from_freelist: 173.
num_chunk_merges: 0.
num_chunk_splits: 93.
num_chunks_enlarged: 23.
num_inconsistent_stats: 0.

CodeHeap 'non-profiled nmethods': size=120000Kb used=245Kb max_used=245Kb free=119755Kb
 bounds [0x000002ba8f340000, 0x000002ba8f5b0000, 0x000002ba96870000]
CodeHeap 'profiled nmethods': size=120000Kb used=1275Kb max_used=1275Kb free=118724Kb
 bounds [0x000002ba87e10000, 0x000002ba88080000, 0x000002ba8f340000]
CodeHeap 'non-nmethods': size=5760Kb used=1267Kb max_used=1281Kb free=4492Kb
 bounds [0x000002ba87870000, 0x000002ba87ae0000, 0x000002ba87e10000]
 total_blobs=1417 nmethods=838 adapters=492
 compilation: enabled
              stopped_count=0, restarted_count=0
 full_count=0

Compilation events (20 events):
Event: 1.572 Thread 0x000002bafce3e230  826       3       jdk.internal.misc.Unsafe::getCharUnaligned (34 bytes)
Event: 1.573 Thread 0x000002bafce3e230 nmethod 826 0x000002ba87f4b790 code [0x000002ba87f4b960, 0x000002ba87f4bd38]
Event: 1.574 Thread 0x000002bafce3e230  831       3       java.nio.ByteBufferAsShortBufferB::get (30 bytes)
Event: 1.575 Thread 0x000002bafce3e230 nmethod 831 0x000002ba87f4be90 code [0x000002ba87f4c0e0, 0x000002ba87f4ca28]
Event: 1.575 Thread 0x000002bafce3e230  832       3       java.nio.ByteBufferAsShortBufferB::byteOffset (9 bytes)
Event: 1.576 Thread 0x000002bafce3e230 nmethod 832 0x000002ba87f4ce10 code [0x000002ba87f4cfa0, 0x000002ba87f4d0b8]
Event: 1.576 Thread 0x000002bafce3e230  833       3       java.nio.Buffer::position (52 bytes)
Event: 1.576 Thread 0x000002bafce3e230 nmethod 833 0x000002ba87f4d190 code [0x000002ba87f4d340, 0x000002ba87f4d5c8]
Event: 1.577 Thread 0x000002bafce3e230  834   !   3       jdk.internal.misc.ScopedMemoryAccess::getIntUnaligned (22 bytes)
Event: 1.578 Thread 0x000002bafce3e230 nmethod 834 0x000002ba87f4d690 code [0x000002ba87f4d880, 0x000002ba87f4de68]
Event: 1.578 Thread 0x000002bafce3e230  835   !   3       jdk.internal.misc.ScopedMemoryAccess::getIntUnalignedInternal (38 bytes)
Event: 1.578 Thread 0x000002bafce3e230 nmethod 835 0x000002ba87f4e110 code [0x000002ba87f4e2e0, 0x000002ba87f4e678]
Event: 1.578 Thread 0x000002bafce3e230  836       1       java.lang.Thread::isInterrupted (5 bytes)
Event: 1.578 Thread 0x000002bafce3e230 nmethod 836 0x000002ba8f37ce10 code [0x000002ba8f37cfa0, 0x000002ba8f37d078]
Event: 1.578 Thread 0x000002bafce3e230  837       3       java.nio.ByteBuffer::position (8 bytes)
Event: 1.578 Thread 0x000002bafce3e230 nmethod 837 0x000002ba87f4e890 code [0x000002ba87f4ea20, 0x000002ba87f4eb68]
Event: 1.599 Thread 0x000002bafce3e230  839       3       java.nio.channels.spi.AbstractInterruptibleChannel::isOpen (13 bytes)
Event: 1.600 Thread 0x000002bafce3e230 nmethod 839 0x000002ba87f4ec10 code [0x000002ba87f4eda0, 0x000002ba87f4ef18]
Event: 1.600 Thread 0x000002bafce3e230  838       1       sun.nio.ch.NativeThread::current (2 bytes)
Event: 1.600 Thread 0x000002bafce3e230 nmethod 838 0x000002ba8f37d110 code [0x000002ba8f37d2a0, 0x000002ba8f37d358]

GC Heap History (0 events):
No events

Deoptimization events (20 events):
Event: 1.123 Thread 0x000002ba9cf027f0 DEOPT UNPACKING pc=0x000002ba878c2b43 sp=0x000000d279ffd500 mode 0
Event: 1.123 Thread 0x000002ba9cf027f0 DEOPT PACKING pc=0x000002ba87f23de1 sp=0x000000d279ffe070
Event: 1.123 Thread 0x000002ba9cf027f0 DEOPT UNPACKING pc=0x000002ba878c2b43 sp=0x000000d279ffd500 mode 0
Event: 1.124 Thread 0x000002ba9cf027f0 DEOPT PACKING pc=0x000002ba87f23de1 sp=0x000000d279ffe070
Event: 1.124 Thread 0x000002ba9cf027f0 DEOPT UNPACKING pc=0x000002ba878c2b43 sp=0x000000d279ffd500 mode 0
Event: 1.125 Thread 0x000002ba9cf027f0 DEOPT PACKING pc=0x000002ba87f23de1 sp=0x000000d279ffe070
Event: 1.125 Thread 0x000002ba9cf027f0 DEOPT UNPACKING pc=0x000002ba878c2b43 sp=0x000000d279ffd500 mode 0
Event: 1.125 Thread 0x000002ba9cf027f0 DEOPT PACKING pc=0x000002ba87f23de1 sp=0x000000d279ffe070
Event: 1.125 Thread 0x000002ba9cf027f0 DEOPT UNPACKING pc=0x000002ba878c2b43 sp=0x000000d279ffd500 mode 0
Event: 1.284 Thread 0x000002bafcd6dd80 Uncommon trap: trap_request=0xffffff45 fr.pc=0x000002ba8f36a824 relative=0x0000000000000224
Event: 1.284 Thread 0x000002bafcd6dd80 Uncommon trap: reason=unstable_if action=reinterpret pc=0x000002ba8f36a824 method=java.lang.StringUTF16.compress([CI[BII)I @ 20 c2
Event: 1.284 Thread 0x000002bafcd6dd80 DEOPT PACKING pc=0x000002ba8f36a824 sp=0x000000d2789fd7e0
Event: 1.284 Thread 0x000002bafcd6dd80 DEOPT UNPACKING pc=0x000002ba878c23a3 sp=0x000000d2789fd760 mode 2
Event: 1.580 Thread 0x000002ba9cf3de10 Uncommon trap: trap_request=0xffffffde fr.pc=0x000002ba8f36d278 relative=0x00000000000002b8
Event: 1.580 Thread 0x000002ba9cf3de10 Uncommon trap: reason=class_check action=maybe_recompile pc=0x000002ba8f36d278 method=java.util.HashMap.getNode(Ljava/lang/Object;)Ljava/util/HashMap$Node; @ 63 c2
Event: 1.580 Thread 0x000002ba9cf3de10 DEOPT PACKING pc=0x000002ba8f36d278 sp=0x000000d27a1fd310
Event: 1.580 Thread 0x000002ba9cf3de10 DEOPT UNPACKING pc=0x000002ba878c23a3 sp=0x000000d27a1fd278 mode 2
Event: 1.617 Thread 0x000002ba9cf3de10 Uncommon trap: trap_request=0xffffffde fr.pc=0x000002ba8f36d278 relative=0x00000000000002b8
Event: 1.617 Thread 0x000002ba9cf3de10 Uncommon trap: reason=class_check action=maybe_recompile pc=0x000002ba8f36d278 method=java.util.HashMap.getNode(Ljava/lang/Object;)Ljava/util/HashMap$Node; @ 63 c2
Event: 1.617 Thread 0x000002ba9cf3de10 DEOPT PACKING pc=0x000002ba8f36d278 sp=0x000000d27a1fd200

Classes loaded (20 events):
Event: 1.541 Loading class sun/font/FreetypeFontScaler
Event: 1.543 Loading class sun/font/FreetypeFontScaler done
Event: 1.562 Loading class sun/font/TrueTypeGlyphMapper
Event: 1.563 Loading class sun/font/TrueTypeGlyphMapper done
Event: 1.563 Loading class sun/font/CMap
Event: 1.564 Loading class sun/font/CMap done
Event: 1.564 Loading class sun/font/CMap$NullCMapClass
Event: 1.565 Loading class sun/font/CMap$NullCMapClass done
Event: 1.565 Loading class jdk/internal/misc/ScopedMemoryAccess$Scope
Event: 1.566 Loading class jdk/internal/misc/ScopedMemoryAccess$Scope done
Event: 1.566 Loading class sun/font/CMap$CMapFormat4
Event: 1.567 Loading class sun/font/CMap$CMapFormat4 done
Event: 1.567 Loading class java/nio/ByteBufferAsCharBufferB
Event: 1.568 Loading class java/nio/ByteBufferAsCharBufferB done
Event: 1.579 Loading class sun/font/FontDesignMetrics$KeyReference
Event: 1.579 Loading class sun/font/FontDesignMetrics$KeyReference done
Event: 1.579 Loading class sun/awt/image/BufImgSurfaceManager
Event: 1.579 Loading class sun/awt/image/BufImgSurfaceManager done
Event: 1.580 Loading class sun/font/CompositeGlyphMapper
Event: 1.580 Loading class sun/font/CompositeGlyphMapper done

Classes unloaded (0 events):
No events

Classes redefined (0 events):
No events

Internal exceptions (17 events):
Event: 0.200 Thread 0x000002bafcd6dd80 Exception <a 'sun/nio/fs/WindowsException'{0x00000000c5c35ff8}> (0x00000000c5c35ff8) 
thrown [s\open\src\hotspot\share\prims\jni.cpp, line 516]
Event: 0.201 Thread 0x000002bafcd6dd80 Exception <a 'sun/nio/fs/WindowsException'{0x00000000c5c36628}> (0x00000000c5c36628) 
thrown [s\open\src\hotspot\share\prims\jni.cpp, line 516]
Event: 0.205 Thread 0x000002bafcd6dd80 Exception <a 'sun/nio/fs/WindowsException'{0x00000000c5c38e90}> (0x00000000c5c38e90) 
thrown [s\open\src\hotspot\share\prims\jni.cpp, line 516]
Event: 0.208 Thread 0x000002bafcd6dd80 Exception <a 'sun/nio/fs/WindowsException'{0x00000000c5c39b10}> (0x00000000c5c39b10) 
thrown [s\open\src\hotspot\share\prims\jni.cpp, line 516]
Event: 0.298 Thread 0x000002bafcd6dd80 Exception <a 'java/lang/ClassNotFoundException'{0x00000000c5cfc838}: sun/awt/resources/spi/awtProvider> (0x00000000c5cfc838) 
thrown [s\open\src\hotspot\share\classfile\systemDictionary.cpp, line 255]
Event: 0.382 Thread 0x000002bafcd6dd80 Exception <a 'java/io/FileNotFoundException'{0x00000000c5b504e0}> (0x00000000c5b504e0) 
thrown [s\open\src\hotspot\share\prims\jni.cpp, line 516]
Event: 0.396 Thread 0x000002bafcd6dd80 Exception <a 'java/io/FileNotFoundException'{0x00000000c5b7d720}> (0x00000000c5b7d720) 
thrown [s\open\src\hotspot\share\prims\jni.cpp, line 516]
Event: 0.588 Thread 0x000002bafcd6dd80 Exception <a 'java/lang/NoSuchMethodError'{0x00000000c5bc1ca0}: 'java.lang.Object java.lang.invoke.DirectMethodHandle$Holder.invokeStaticInit(java.lang.Object)'> (0x00000000c5bc1ca0) 
thrown [s\open\src\hotspot\share\interpreter\linkResolver.cpp, line 766]
Event: 0.703 Thread 0x000002bafcd6dd80 Exception <a 'java/lang/NoSuchMethodError'{0x00000000c5a95bc0}: 'void java.lang.invoke.DirectMethodHandle$Holder.invokeSpecial(java.lang.Object, java.lang.Object, java.lang.Object)'> (0x00000000c5a95bc0) 
thrown [s\open\src\hotspot\share\interpreter\linkResolver.cpp, line 766]
Event: 0.729 Thread 0x000002bafcd6dd80 Exception <a 'java/lang/NoSuchMethodError'{0x00000000c5ac0cd8}: 'java.lang.Object java.lang.invoke.DirectMethodHandle$Holder.newInvokeSpecial(java.lang.Object, java.lang.Object, java.lang.Object, java.lang.Object, java.lang.Object)'> (0x00000000c5ac0cd8) 
thrown [s\open\src\hotspot\share\interpreter\linkResolver.cpp, line 766]
Event: 0.743 Thread 0x000002bafcd6dd80 Exception <a 'java/lang/NoSuchMethodError'{0x00000000c5af2aa0}: 'java.lang.Object java.lang.invoke.DirectMethodHandle$Holder.invokeStatic(java.lang.Object, int, java.lang.Object)'> (0x00000000c5af2aa0) 
thrown [s\open\src\hotspot\share\interpreter\linkResolver.cpp, line 766]
Event: 0.797 Thread 0x000002bafcd6dd80 Exception <a 'java/lang/ClassNotFoundException'{0x00000000c59afd28}: com/sun/swing/internal/plaf/metal/resources/spi/metalProvider> (0x00000000c59afd28) 
thrown [s\open\src\hotspot\share\classfile\systemDictionary.cpp, line 255]
Event: 0.799 Thread 0x000002bafcd6dd80 Exception <a 'java/lang/ClassNotFoundException'{0x00000000c59b3db0}: com/sun/swing/internal/plaf/basic/resources/spi/basicProvider> (0x00000000c59b3db0) 
thrown [s\open\src\hotspot\share\classfile\systemDictionary.cpp, line 255]
Event: 0.821 Thread 0x000002bafcd6dd80 Exception <a 'java/lang/NoSuchMethodError'{0x00000000c59d41b0}: 'int java.lang.invoke.Invokers$Holder.invokeExact_MT(java.lang.Object, java.lang.Object)'> (0x00000000c59d41b0) 
thrown [s\open\src\hotspot\share\interpreter\linkResolver.cpp, line 766]
Event: 0.999 Thread 0x000002ba9cf027f0 Exception <a 'java/lang/NoSuchMethodError'{0x00000000c57673d8}: 'java.lang.Object java.lang.invoke.DirectMethodHandle$Holder.newInvokeSpecial(java.lang.Object, java.lang.Object, java.lang.Object, int, int, int, int, int)'> (0x00000000c57673d8) 
thrown [s\open\src\hotspot\share\interpreter\linkResolver.cpp, line 766]
Event: 1.235 Thread 0x000002bafcd6dd80 Exception <a 'java/lang/NoSuchMethodError'{0x00000000c5090fb0}: 'void java.lang.invoke.DirectMethodHandle$Holder.invokeStaticInit(java.lang.Object)'> (0x00000000c5090fb0) 
thrown [s\open\src\hotspot\share\interpreter\linkResolver.cpp, line 766]
Event: 1.448 Thread 0x000002ba9ce5c600 Exception <a 'java/lang/NoSuchMethodError'{0x00000000c5a108a8}: 'void java.lang.invoke.DirectMethodHandle$Holder.invokeVirtual(java.lang.Object, java.lang.Object)'> (0x00000000c5a108a8) 
thrown [s\open\src\hotspot\share\interpreter\linkResolver.cpp, line 766]

VM Operations (10 events):
Event: 0.211 Executing VM operation: HandshakeAllThreads
Event: 0.211 Executing VM operation: HandshakeAllThreads done
Event: 1.077 Executing VM operation: HandshakeAllThreads
Event: 1.077 Executing VM operation: HandshakeAllThreads done
Event: 1.077 Executing VM operation: Cleanup
Event: 1.077 Executing VM operation: Cleanup done
Event: 1.142 Executing VM operation: HandshakeAllThreads
Event: 1.142 Executing VM operation: HandshakeAllThreads done
Event: 1.460 Executing VM operation: HandshakeAllThreads
Event: 1.460 Executing VM operation: HandshakeAllThreads done

Events (20 events):
Event: 0.085 Thread 0x000002bafce3e230 Thread added: 0x000002bafce3e230
Event: 0.086 Thread 0x000002ba989b2200 Thread added: 0x000002ba989b2200
Event: 0.150 Thread 0x000002bafce0c920 Thread added: 0x000002bafce0c920
Event: 0.191 Loaded shared library C:\Program Files\Java\jdk-18.0.1.1\bin\net.dll
Event: 0.197 Loaded shared library C:\Program Files\Java\jdk-18.0.1.1\bin\nio.dll
Event: 0.238 Thread 0x000002ba9ccd7cd0 Thread added: 0x000002ba9ccd7cd0
Event: 0.248 Loaded shared library C:\Program Files\Java\jdk-18.0.1.1\bin\zip.dll
Event: 0.279 Loaded shared library C:\Program Files\Java\jdk-18.0.1.1\bin\jimage.dll
Event: 0.346 Loaded shared library C:\Program Files\Java\jdk-18.0.1.1\bin\awt.dll
Event: 0.591 Thread 0x000002ba9ce7d7f0 Thread added: 0x000002ba9ce7d7f0
Event: 0.594 Thread 0x000002ba9ce5c140 Thread added: 0x000002ba9ce5c140
Event: 0.596 Thread 0x000002ba9ce5c600 Thread added: 0x000002ba9ce5c600
Event: 0.837 Thread 0x000002ba9cf027f0 Thread added: 0x000002ba9cf027f0
Event: 0.994 Loaded shared library C:\Program Files\Java\jdk-18.0.1.1\bin\javajpeg.dll
Event: 1.092 Thread 0x000002ba9cf41a60 Thread added: 0x000002ba9cf41a60
Event: 1.183 Thread 0x000002ba9cf3de10 Thread added: 0x000002ba9cf3de10
Event: 1.253 Loaded shared library C:\Program Files\Java\jdk-18.0.1.1\bin\freetype.dll
Event: 1.258 Loaded shared library C:\Program Files\Java\jdk-18.0.1.1\bin\fontmanager.dll
Event: 1.457 Thread 0x000002bafcd6dd80 Thread exited: 0x000002bafcd6dd80
Event: 1.457 Thread 0x000002bafcd6dd80 Thread added: 0x000002bafcd6dd80


Dynamic libraries:
0x00007ff6504c0000 - 0x00007ff6504d0000 	C:\Program Files\Java\jdk-18.0.1.1\bin\java.exe
0x00007ffce8270000 - 0x00007ffce8468000 	C:\WINDOWS\SYSTEM32\ntdll.dll
0x00007ffce6f00000 - 0x00007ffce6fbd000 	C:\WINDOWS\System32\KERNEL32.DLL
0x00007ffce5e90000 - 0x00007ffce6162000 	C:\WINDOWS\System32\KERNELBASE.dll
0x00007ffce5a30000 - 0x00007ffce5b30000 	C:\WINDOWS\System32\ucrtbase.dll
0x00007ffce0580000 - 0x00007ffce059a000 	C:\Program Files\Java\jdk-18.0.1.1\bin\VCRUNTIME140.dll
0x00007ffce0d40000 - 0x00007ffce0d58000 	C:\Program Files\Java\jdk-18.0.1.1\bin\jli.dll
0x00007ffce7270000 - 0x00007ffce731e000 	C:\WINDOWS\System32\ADVAPI32.dll
0x00007ffce7330000 - 0x00007ffce73ce000 	C:\WINDOWS\System32\msvcrt.dll
0x00007ffce7050000 - 0x00007ffce70ec000 	C:\WINDOWS\System32\sechost.dll
0x00007ffce7860000 - 0x00007ffce7985000 	C:\WINDOWS\System32\RPCRT4.dll
0x00007ffce7a70000 - 0x00007ffce7c0d000 	C:\WINDOWS\System32\USER32.dll
0x00007ffce5e60000 - 0x00007ffce5e82000 	C:\WINDOWS\System32\win32u.dll
0x00007ffce6720000 - 0x00007ffce674b000 	C:\WINDOWS\System32\GDI32.dll
0x00007ffce5b80000 - 0x00007ffce5c8f000 	C:\WINDOWS\System32\gdi32full.dll
0x00007ffce61a0000 - 0x00007ffce623d000 	C:\WINDOWS\System32\msvcp_win.dll
0x00007ffcd1330000 - 0x00007ffcd15ca000 	C:\WINDOWS\WinSxS\amd64_microsoft.windows.common-controls_6595b64144ccf1df_6.0.19041.1110_none_60b5254171f9507e\COMCTL32.dll
0x00007ffcdfb00000 - 0x00007ffcdfb0a000 	C:\WINDOWS\SYSTEM32\VERSION.dll
0x00007ffce6750000 - 0x00007ffce6780000 	C:\WINDOWS\System32\IMM32.DLL
0x00007ffce1610000 - 0x00007ffce161c000 	C:\Program Files\Java\jdk-18.0.1.1\bin\vcruntime140_1.dll
0x00007ffcd0380000 - 0x00007ffcd040d000 	C:\Program Files\Java\jdk-18.0.1.1\bin\msvcp140.dll
0x00007ffca28f0000 - 0x00007ffca3500000 	C:\Program Files\Java\jdk-18.0.1.1\bin\server\jvm.dll
0x00007ffce6ef0000 - 0x00007ffce6ef8000 	C:\WINDOWS\System32\PSAPI.DLL
0x00007ffce0150000 - 0x00007ffce0159000 	C:\WINDOWS\SYSTEM32\WSOCK32.dll
0x00007ffcd4140000 - 0x00007ffcd4167000 	C:\WINDOWS\SYSTEM32\WINMM.dll
0x00007ffce66b0000 - 0x00007ffce671b000 	C:\WINDOWS\System32\WS2_32.dll
0x00007ffce3840000 - 0x00007ffce3852000 	C:\WINDOWS\SYSTEM32\kernel.appcore.dll
0x00007ffce0cb0000 - 0x00007ffce0cba000 	C:\Program Files\Java\jdk-18.0.1.1\bin\jimage.dll
0x00007ffcdd790000 - 0x00007ffcdd974000 	C:\WINDOWS\SYSTEM32\DBGHELP.DLL
0x00007ffcdd230000 - 0x00007ffcdd25c000 	C:\WINDOWS\SYSTEM32\dbgcore.DLL
0x00007ffce6240000 - 0x00007ffce62c2000 	C:\WINDOWS\System32\bcryptPrimitives.dll
0x00007ffcde140000 - 0x00007ffcde165000 	C:\Program Files\Java\jdk-18.0.1.1\bin\java.dll
0x00007ffcbd560000 - 0x00007ffcbd636000 	C:\Program Files\Java\jdk-18.0.1.1\bin\jsvml.dll
0x00007ffce67a0000 - 0x00007ffce6ee3000 	C:\WINDOWS\System32\SHELL32.dll
0x00007ffce3a40000 - 0x00007ffce41d1000 	C:\WINDOWS\SYSTEM32\windows.storage.dll
0x00007ffce7500000 - 0x00007ffce7854000 	C:\WINDOWS\System32\combase.dll
0x00007ffce5300000 - 0x00007ffce5330000 	C:\WINDOWS\SYSTEM32\Wldp.dll
0x00007ffce63f0000 - 0x00007ffce649d000 	C:\WINDOWS\System32\SHCORE.dll
0x00007ffce7210000 - 0x00007ffce7265000 	C:\WINDOWS\System32\shlwapi.dll
0x00007ffce58c0000 - 0x00007ffce58df000 	C:\WINDOWS\SYSTEM32\profapi.dll
0x00007ffce0280000 - 0x00007ffce0293000 	C:\Program Files\Java\jdk-18.0.1.1\bin\net.dll
0x00007ffcdd050000 - 0x00007ffcdd15d000 	C:\WINDOWS\SYSTEM32\WINHTTP.dll
0x00007ffce5060000 - 0x00007ffce50ca000 	C:\WINDOWS\system32\mswsock.dll
0x00007ffce0160000 - 0x00007ffce0176000 	C:\Program Files\Java\jdk-18.0.1.1\bin\nio.dll
0x00007ffcde080000 - 0x00007ffcde098000 	C:\Program Files\Java\jdk-18.0.1.1\bin\zip.dll
0x00007ffcae2c0000 - 0x00007ffcae44f000 	C:\Program Files\Java\jdk-18.0.1.1\bin\awt.dll
0x00007ffce7430000 - 0x00007ffce74fd000 	C:\WINDOWS\System32\OLEAUT32.dll
0x00007ffce3170000 - 0x00007ffce3201000 	C:\WINDOWS\SYSTEM32\apphelp.dll
0x00007ffce3660000 - 0x00007ffce368f000 	C:\WINDOWS\system32\DWMAPI.DLL
0x00007ffce3360000 - 0x00007ffce33fe000 	C:\WINDOWS\system32\uxtheme.dll
0x00007ffccfe90000 - 0x00007ffccffb7000 	C:\WINDOWS\system32\opengl32.dll
0x00007ffcded20000 - 0x00007ffcded4c000 	C:\WINDOWS\SYSTEM32\GLU32.dll
0x00007ffce70f0000 - 0x00007ffce7205000 	C:\WINDOWS\System32\MSCTF.dll
0x00007ffce7c10000 - 0x00007ffce7d3a000 	C:\WINDOWS\System32\ole32.dll
0x00007ffce06a0000 - 0x00007ffce06cd000 	C:\Program Files\Java\jdk-18.0.1.1\bin\javajpeg.dll
0x00007ffcb8f40000 - 0x00007ffcb8fc9000 	C:\Program Files\Java\jdk-18.0.1.1\bin\freetype.dll
0x00007ffcb6050000 - 0x00007ffcb60f8000 	C:\Program Files\Java\jdk-18.0.1.1\bin\fontmanager.dll
0x00007ffccf810000 - 0x00007ffccf909000 	C:\WINDOWS\SYSTEM32\textinputframework.dll
0x00007ffce2b00000 - 0x00007ffce2e5e000 	C:\WINDOWS\System32\CoreUIComponents.dll
0x00007ffce4aa0000 - 0x00007ffce4ad3000 	C:\WINDOWS\SYSTEM32\ntmarta.dll
0x00007ffce22e0000 - 0x00007ffce2434000 	C:\WINDOWS\SYSTEM32\wintypes.dll
0x00007ffce2e60000 - 0x00007ffce2f52000 	C:\WINDOWS\System32\CoreMessaging.dll

dbghelp: loaded successfully - version: 4.0.5 - missing functions: none
symbol engine: initialized successfully - sym options: 0x614 - pdb path: .;C:\Program Files\Java\jdk-18.0.1.1\bin;C:\WINDOWS\SYSTEM32;C:\WINDOWS\WinSxS\amd64_microsoft.windows.common-controls_6595b64144ccf1df_6.0.19041.1110_none_60b5254171f9507e;C:\Program Files\Java\jdk-18.0.1.1\bin\server

VM Arguments:
jvm_args: -Dfile.encoding=UTF-8 --module-path=C:\Users\ACER\Dropbox\My PC (DESKTOP-GFBA4HL)\Documents\NetBeansProjects\bank management system\build\classes 
java_command: bank.management.system.Transactions
java_class_path (initial): C:\Users\ACER\Desktop\calender\jcalendar-tz-1.3.3-4.jar;C:\Users\ACER\Downloads\mysql-connector-java-8.0.28.jar;C:\Users\ACER\Dropbox\My PC (DESKTOP-GFBA4HL)\Documents\NetBeansProjects\bank management system\build\classes
Launcher Type: SUN_STANDARD

[Global flags]
     intx CICompilerCount                          = 4                                         {product} {ergonomic}
     uint ConcGCThreads                            = 2                                         {product} {ergonomic}
     uint G1ConcRefinementThreads                  = 8                                         {product} {ergonomic}
   size_t G1HeapRegionSize                         = 1048576                                   {product} {ergonomic}
    uintx GCDrainStackTargetSize                   = 64                                        {product} {ergonomic}
   size_t InitialHeapSize                          = 67108864                                  {product} {ergonomic}
   size_t MarkStackSize                            = 4194304                                   {product} {ergonomic}
   size_t MaxHeapSize                              = 1042284544                                {product} {ergonomic}
   size_t MaxNewSize                               = 624951296                                 {product} {ergonomic}
   size_t MinHeapDeltaBytes                        = 1048576                                   {product} {ergonomic}
   size_t MinHeapSize                              = 8388608                                   {product} {ergonomic}
    uintx NonNMethodCodeHeapSize                   = 5839372                                {pd product} {ergonomic}
    uintx NonProfiledCodeHeapSize                  = 122909434                              {pd product} {ergonomic}
    uintx ProfiledCodeHeapSize                     = 122909434                              {pd product} {ergonomic}
    uintx ReservedCodeCacheSize                    = 251658240                              {pd product} {ergonomic}
     bool SegmentedCodeCache                       = true                                      {product} {ergonomic}
   size_t SoftMaxHeapSize                          = 1042284544                             {manageable} {ergonomic}
     bool UseCompressedClassPointers               = true                           {product lp64_product} {ergonomic}
     bool UseCompressedOops                        = true                           {product lp64_product} {ergonomic}
     bool UseG1GC                                  = true                                      {product} {ergonomic}
     bool UseLargePagesIndividualAllocation        = false                                  {pd product} {ergonomic}

Logging:
Log output configuration:
 #0: stdout all=warning uptime,level,tags foldmultilines=false
 #1: stderr all=off uptime,level,tags foldmultilines=false

Environment Variables:
JAVA_HOME=C:\Program Files\Java\jdk-18.0.1.1
PATH=C:\Program Files\Common Files\Oracle\Java\javapath;C:\WINDOWS\system32;C:\WINDOWS;C:\WINDOWS\System32\Wbem;C:\WINDOWS\System32\WindowsPowerShell\v1.0\;C:\WINDOWS\System32\OpenSSH\;c:\Program Files (x86)\Microsoft SQL Server\100\Tools\Binn\;c:\Program Files\Microsoft SQL Server\100\Tools\Binn\;c:\Program Files\Microsoft SQL Server\100\DTS\Binn\;C:\Program Files\Java\jdk-18.0.1.1\bin;C:\Program Files\Git\cmd;C:\HashiCorp\Vagrant\bin;C:\Users\ACER\AppData\Local\Programs\Python\Python310\Scripts\;C:\Users\ACER\AppData\Local\Programs\Python\Python310\;C:\Users\ACER\AppData\Local\Microsoft\WindowsApps;C:\Users\ACER\AppData\Local\atom\bin;C:\msys64\mingw64\bin;C:\Users\ACER\AppData\Local\GitHubDesktop\bin
USERNAME=ACER
OS=Windows_NT
PROCESSOR_IDENTIFIER=Intel64 Family 6 Model 142 Stepping 10, GenuineIntel



---------------  S Y S T E M  ---------------

OS:
 Windows 10 , 64 bit Build 19041 (10.0.19041.1889)
OS uptime: 3 days 20:03 hours

CPU: total 8 (initial active 8) (4 cores per cpu, 2 threads per core) family 6 model 142 stepping 10 microcode 0xb4, cx8, cmov, fxsr, ht, mmx, 3dnowpref, sse, sse2, sse3, ssse3, sse4.1, sse4.2, popcnt, lzcnt, tsc, tscinvbit, avx, avx2, aes, erms, clmul, bmi1, bmi2, adx, fma, vzeroupper, clflush, clflushopt

Memory: 4k page, system-wide physical 3971M (191M free)
TotalPageFile size 16259M (AvailPageFile size 0M)
current process WorkingSet (physical memory assigned to process): 65M, peak: 65M
current process commit charge ("private bytes"): 153M, peak: 153M

vm_info: Java HotSpot(TM) 64-Bit Server VM (18.0.1.1+2-6) for windows-amd64 JRE (18.0.1.1+2-6), built on Apr 25 2022 21:53:15 by "mach5one" with MS VC++ 16.8 / 16.9 (VS2019)

END.
