#
# There is insufficient memory for the Java Runtime Environment to continue.
# Native memory allocation (malloc) failed to allocate 32744 bytes for Chunk::new
# Possible reasons:
#   The system is out of physical RAM or swap space
#   The process is running with CompressedOops enabled, and the Java Heap may be blocking the growth of the native heap
# Possible solutions:
#   Reduce memory load on the system
#   Increase physical memory or swap space
#   Check if swap backing store is full
#   Decrease Java heap size (-Xmx/-Xms)
#   Decrease number of Java threads
#   Decrease Java thread stack sizes (-Xss)
#   Set larger code cache with -XX:ReservedCodeCacheSize=
#   JVM is running with Unscaled Compressed Oops mode in which the Java heap is
#     placed in the first 4GB address space. The Java Heap base address is the
#     maximum limit for the native heap growth. Please use -XX:HeapBaseMinAddress
#     to set the Java Heap base and to place the Java Heap above 4GB virtual address.
# This output file may be truncated or incomplete.
#
#  Out of Memory Error (arena.cpp:184), pid=19028, tid=21032
#
# JRE version: Java(TM) SE Runtime Environment (18.0.1.1+2) (build 18.0.1.1+2-6)
# Java VM: Java HotSpot(TM) 64-Bit Server VM (18.0.1.1+2-6, mixed mode, sharing, tiered, compressed oops, compressed class ptrs, g1 gc, windows-amd64)
# No core dump will be written. Minidumps are not enabled by default on client versions of Windows
#

---------------  S U M M A R Y ------------

Command Line: -Dfile.encoding=UTF-8 --module-path=C:\Users\ACER\Dropbox\My PC (DESKTOP-GFBA4HL)\Documents\NetBeansProjects\bank management system\build\classes bank.management.system.Transactions

Host: Intel(R) Core(TM) i5-8250U CPU @ 1.60GHz, 8 cores, 3G,  Windows 10 , 64 bit Build 19041 (10.0.19041.1889)
Time: Mon Nov 28 14:20:12 2022 South Africa Standard Time elapsed time: 3104.674557 seconds (0d 0h 51m 44s)

---------------  T H R E A D  ---------------

Current thread (0x0000020497aae8a0):  JavaThread "C2 CompilerThread0" daemon [_thread_in_native, id=21032, stack(0x000000b0ecc00000,0x000000b0ecd00000)]


Current CompileTask:
C2:3104680  877       4       java.util.Arrays::binarySearch0 (95 bytes)

Stack: [0x000000b0ecc00000,0x000000b0ecd00000]
Native frames: (J=compiled Java code, j=interpreted, Vv=VM code, C=native code)
V  [jvm.dll+0x69887a]
V  [jvm.dll+0x7f38bd]
V  [jvm.dll+0x7f51ce]
V  [jvm.dll+0x7f5883]
V  [jvm.dll+0x25ca3f]
V  [jvm.dll+0xb8c2f]
V  [jvm.dll+0xb8fa5]
V  [jvm.dll+0x6c19e8]
V  [jvm.dll+0x1d2a74]
V  [jvm.dll+0x22fd79]
V  [jvm.dll+0x22eff1]
V  [jvm.dll+0x1b9cfc]
V  [jvm.dll+0x23e8ca]
V  [jvm.dll+0x23cbb5]
V  [jvm.dll+0x7a5fb1]
V  [jvm.dll+0x7a03ea]
V  [jvm.dll+0x697725]
C  [ucrtbase.dll+0x21bb2]
C  [KERNEL32.DLL+0x17034]
C  [ntdll.dll+0x526a1]


---------------  P R O C E S S  ---------------

Threads class SMR info:
_java_thread_list=0x00000204b7ba1950, length=17, elements={
0x0000020497a90b10, 0x0000020497a91770, 0x0000020497aaa1f0, 0x0000020497aaab90,
0x0000020497aab530, 0x0000020497aac010, 0x0000020497aae8a0, 0x00000204b3528fa0,
0x00000204b35580c0, 0x0000020497a7a3b0, 0x00000204b7913780, 0x00000204b797f400,
0x00000204b797f8c0, 0x00000204b797fd80, 0x00000204b7bcf2a0, 0x00000204b7bcf770,
0x00000204b7bcd5c0
}

Java Threads: ( => current thread )
  0x0000020497a90b10 JavaThread "Reference Handler" daemon [_thread_blocked, id=6720, stack(0x000000b0ec600000,0x000000b0ec700000)]
  0x0000020497a91770 JavaThread "Finalizer" daemon [_thread_blocked, id=6228, stack(0x000000b0ec700000,0x000000b0ec800000)]
  0x0000020497aaa1f0 JavaThread "Signal Dispatcher" daemon [_thread_blocked, id=7560, stack(0x000000b0ec800000,0x000000b0ec900000)]
  0x0000020497aaab90 JavaThread "Attach Listener" daemon [_thread_blocked, id=14868, stack(0x000000b0ec900000,0x000000b0eca00000)]
  0x0000020497aab530 JavaThread "Service Thread" daemon [_thread_blocked, id=20268, stack(0x000000b0eca00000,0x000000b0ecb00000)]
  0x0000020497aac010 JavaThread "Monitor Deflation Thread" daemon [_thread_blocked, id=9720, stack(0x000000b0ecb00000,0x000000b0ecc00000)]
=>0x0000020497aae8a0 JavaThread "C2 CompilerThread0" daemon [_thread_in_native, id=21032, stack(0x000000b0ecc00000,0x000000b0ecd00000)]
  0x00000204b3528fa0 JavaThread "C1 CompilerThread0" daemon [_thread_blocked, id=19312, stack(0x000000b0ecd00000,0x000000b0ece00000)]
  0x00000204b35580c0 JavaThread "Sweeper thread" daemon [_thread_blocked, id=17776, stack(0x000000b0ece00000,0x000000b0ecf00000)]
  0x0000020497a7a3b0 JavaThread "Common-Cleaner" daemon [_thread_blocked, id=11036, stack(0x000000b0ecf00000,0x000000b0ed000000)]
  0x00000204b7913780 JavaThread "Notification Thread" daemon [_thread_blocked, id=21672, stack(0x000000b0ed000000,0x000000b0ed100000)]
  0x00000204b797f400 JavaThread "Java2D Disposer" daemon [_thread_blocked, id=17144, stack(0x000000b0ed200000,0x000000b0ed300000)]
  0x00000204b797f8c0 JavaThread "AWT-Shutdown" [_thread_blocked, id=9652, stack(0x000000b0ed300000,0x000000b0ed400000)]
  0x00000204b797fd80 JavaThread "AWT-Windows" daemon [_thread_in_native, id=16400, stack(0x000000b0ed400000,0x000000b0ed500000)]
  0x00000204b7bcf2a0 JavaThread "AWT-EventQueue-0" [_thread_blocked, id=20176, stack(0x000000b0ed700000,0x000000b0ed800000)]
  0x00000204b7bcf770 JavaThread "DestroyJavaVM" [_thread_blocked, id=3080, stack(0x000000b0ebf00000,0x000000b0ec000000)]
  0x00000204b7bcd5c0 JavaThread "TimerQueue" daemon [_thread_blocked, id=15064, stack(0x000000b0edb00000,0x000000b0edc00000)]

Other Threads:
  0x0000020497a3d500 VMThread "VM Thread" [stack: 0x000000b0ec500000,0x000000b0ec600000] [id=9624]
  0x00000204b7913c40 WatcherThread "VM Periodic Task Thread" [stack: 0x000000b0ed100000,0x000000b0ed200000] [id=9316]
  0x0000020497a1fdc0 WorkerThread "GC Thread#0" [stack: 0x000000b0ec000000,0x000000b0ec100000] [id=17272]
  0x0000020497a28930 ConcurrentGCThread "G1 Main Marker" [stack: 0x000000b0ec100000,0x000000b0ec200000] [id=19280]
  0x0000020497a2a330 WorkerThread "G1 Conc#0" [stack: 0x000000b0ec200000,0x000000b0ec300000] [id=20892]
  0x0000020497a65570 ConcurrentGCThread "G1 Refine#0" [stack: 0x000000b0ec300000,0x000000b0ec400000] [id=11060]
  0x0000020497a65e80 ConcurrentGCThread "G1 Service" [stack: 0x000000b0ec400000,0x000000b0ec500000] [id=13500]

Threads with active compile tasks:
C2 CompilerThread0  3104911  877       4       java.util.Arrays::binarySearch0 (95 bytes)

VM state: not at safepoint (normal execution)

VM Mutex/Monitor currently owned by a thread: None

Heap address: 0x00000000c1e00000, size: 994 MB, Compressed Oops mode: 32-bit

CDS archive(s) mapped at: [0x0000000800000000-0x0000000800ba0000-0x0000000800ba0000), size 12189696, SharedBaseAddress: 0x0000000800000000, ArchiveRelocationMode: 0.
Compressed class space mapped at: 0x0000000800c00000-0x0000000840c00000, reserved size: 1073741824
Narrow klass base: 0x0000000800000000, Narrow klass shift: 0, Narrow klass range: 0x100000000

GC Precious Log:
 CardTable entry size: 512
 Card Set container configuration: InlinePtr #cards 5 size 8 Array Of Cards #cards 12 size 40 Howl #buckets 4 coarsen threshold 1843 Howl Bitmap #cards 512 size 80 coarsen threshold 460 Card regions per heap region 1 cards per card region 2048
 CPUs: 8 total, 8 available
 Memory: 3971M
 Large Page Support: Disabled
 NUMA Support: Disabled
 Compressed Oops: Enabled (32-bit)
 Heap Region Size: 1M
 Heap Min Capacity: 8M
 Heap Initial Capacity: 64M
 Heap Max Capacity: 994M
 Pre-touch: Disabled
 Parallel Workers: 8
 Concurrent Workers: 2
 Concurrent Refinement Workers: 8
 Periodic GC: Disabled

Heap:
 garbage-first heap   total 65536K, used 12288K [0x00000000c1e00000, 0x0000000100000000)
  region size 1024K, 12 young (12288K), 0 survivors (0K)
 Metaspace       used 7710K, committed 7936K, reserved 1114112K
  class space    used 858K, committed 960K, reserved 1048576K

Heap Regions: E=young(eden), S=young(survivor), O=old, HS=humongous(starts), HC=humongous(continues), CS=collection set, F=free, OA=open archive, CA=closed archive, TAMS=top-at-mark-start (previous, next)
|   0|0x00000000c1e00000, 0x00000000c1f00000, 0x00000000c1f00000|100%|HS|  |TAMS 0x00000000c1e00000, 0x00000000c1e00000| Complete 
|   1|0x00000000c1f00000, 0x00000000c2000000, 0x00000000c2000000|100%|HC|  |TAMS 0x00000000c1f00000, 0x00000000c1f00000| Complete 
|   2|0x00000000c2000000, 0x00000000c2000000, 0x00000000c2100000|  0%| F|  |TAMS 0x00000000c2000000, 0x00000000c2000000| Untracked 
|   3|0x00000000c2100000, 0x00000000c2100000, 0x00000000c2200000|  0%| F|  |TAMS 0x00000000c2100000, 0x00000000c2100000| Untracked 
|   4|0x00000000c2200000, 0x00000000c2200000, 0x00000000c2300000|  0%| F|  |TAMS 0x00000000c2200000, 0x00000000c2200000| Untracked 
|   5|0x00000000c2300000, 0x00000000c2300000, 0x00000000c2400000|  0%| F|  |TAMS 0x00000000c2300000, 0x00000000c2300000| Untracked 
|   6|0x00000000c2400000, 0x00000000c2400000, 0x00000000c2500000|  0%| F|  |TAMS 0x00000000c2400000, 0x00000000c2400000| Untracked 
|   7|0x00000000c2500000, 0x00000000c2500000, 0x00000000c2600000|  0%| F|  |TAMS 0x00000000c2500000, 0x00000000c2500000| Untracked 
|   8|0x00000000c2600000, 0x00000000c2600000, 0x00000000c2700000|  0%| F|  |TAMS 0x00000000c2600000, 0x00000000c2600000| Untracked 
|   9|0x00000000c2700000, 0x00000000c2700000, 0x00000000c2800000|  0%| F|  |TAMS 0x00000000c2700000, 0x00000000c2700000| Untracked 
|  10|0x00000000c2800000, 0x00000000c2800000, 0x00000000c2900000|  0%| F|  |TAMS 0x00000000c2800000, 0x00000000c2800000| Untracked 
|  11|0x00000000c2900000, 0x00000000c2900000, 0x00000000c2a00000|  0%| F|  |TAMS 0x00000000c2900000, 0x00000000c2900000| Untracked 
|  12|0x00000000c2a00000, 0x00000000c2a00000, 0x00000000c2b00000|  0%| F|  |TAMS 0x00000000c2a00000, 0x00000000c2a00000| Untracked 
|  13|0x00000000c2b00000, 0x00000000c2b00000, 0x00000000c2c00000|  0%| F|  |TAMS 0x00000000c2b00000, 0x00000000c2b00000| Untracked 
|  14|0x00000000c2c00000, 0x00000000c2c00000, 0x00000000c2d00000|  0%| F|  |TAMS 0x00000000c2c00000, 0x00000000c2c00000| Untracked 
|  15|0x00000000c2d00000, 0x00000000c2d00000, 0x00000000c2e00000|  0%| F|  |TAMS 0x00000000c2d00000, 0x00000000c2d00000| Untracked 
|  16|0x00000000c2e00000, 0x00000000c2e00000, 0x00000000c2f00000|  0%| F|  |TAMS 0x00000000c2e00000, 0x00000000c2e00000| Untracked 
|  17|0x00000000c2f00000, 0x00000000c2f00000, 0x00000000c3000000|  0%| F|  |TAMS 0x00000000c2f00000, 0x00000000c2f00000| Untracked 
|  18|0x00000000c3000000, 0x00000000c3000000, 0x00000000c3100000|  0%| F|  |TAMS 0x00000000c3000000, 0x00000000c3000000| Untracked 
|  19|0x00000000c3100000, 0x00000000c3100000, 0x00000000c3200000|  0%| F|  |TAMS 0x00000000c3100000, 0x00000000c3100000| Untracked 
|  20|0x00000000c3200000, 0x00000000c3200000, 0x00000000c3300000|  0%| F|  |TAMS 0x00000000c3200000, 0x00000000c3200000| Untracked 
|  21|0x00000000c3300000, 0x00000000c3300000, 0x00000000c3400000|  0%| F|  |TAMS 0x00000000c3300000, 0x00000000c3300000| Untracked 
|  22|0x00000000c3400000, 0x00000000c3400000, 0x00000000c3500000|  0%| F|  |TAMS 0x00000000c3400000, 0x00000000c3400000| Untracked 
|  23|0x00000000c3500000, 0x00000000c3500000, 0x00000000c3600000|  0%| F|  |TAMS 0x00000000c3500000, 0x00000000c3500000| Untracked 
|  24|0x00000000c3600000, 0x00000000c3600000, 0x00000000c3700000|  0%| F|  |TAMS 0x00000000c3600000, 0x00000000c3600000| Untracked 
|  25|0x00000000c3700000, 0x00000000c3700000, 0x00000000c3800000|  0%| F|  |TAMS 0x00000000c3700000, 0x00000000c3700000| Untracked 
|  26|0x00000000c3800000, 0x00000000c3800000, 0x00000000c3900000|  0%| F|  |TAMS 0x00000000c3800000, 0x00000000c3800000| Untracked 
|  27|0x00000000c3900000, 0x00000000c3900000, 0x00000000c3a00000|  0%| F|  |TAMS 0x00000000c3900000, 0x00000000c3900000| Untracked 
|  28|0x00000000c3a00000, 0x00000000c3a00000, 0x00000000c3b00000|  0%| F|  |TAMS 0x00000000c3a00000, 0x00000000c3a00000| Untracked 
|  29|0x00000000c3b00000, 0x00000000c3b00000, 0x00000000c3c00000|  0%| F|  |TAMS 0x00000000c3b00000, 0x00000000c3b00000| Untracked 
|  30|0x00000000c3c00000, 0x00000000c3c00000, 0x00000000c3d00000|  0%| F|  |TAMS 0x00000000c3c00000, 0x00000000c3c00000| Untracked 
|  31|0x00000000c3d00000, 0x00000000c3d00000, 0x00000000c3e00000|  0%| F|  |TAMS 0x00000000c3d00000, 0x00000000c3d00000| Untracked 
|  32|0x00000000c3e00000, 0x00000000c3e00000, 0x00000000c3f00000|  0%| F|  |TAMS 0x00000000c3e00000, 0x00000000c3e00000| Untracked 
|  33|0x00000000c3f00000, 0x00000000c3f00000, 0x00000000c4000000|  0%| F|  |TAMS 0x00000000c3f00000, 0x00000000c3f00000| Untracked 
|  34|0x00000000c4000000, 0x00000000c4000000, 0x00000000c4100000|  0%| F|  |TAMS 0x00000000c4000000, 0x00000000c4000000| Untracked 
|  35|0x00000000c4100000, 0x00000000c4100000, 0x00000000c4200000|  0%| F|  |TAMS 0x00000000c4100000, 0x00000000c4100000| Untracked 
|  36|0x00000000c4200000, 0x00000000c4200000, 0x00000000c4300000|  0%| F|  |TAMS 0x00000000c4200000, 0x00000000c4200000| Untracked 
|  37|0x00000000c4300000, 0x00000000c4300000, 0x00000000c4400000|  0%| F|  |TAMS 0x00000000c4300000, 0x00000000c4300000| Untracked 
|  38|0x00000000c4400000, 0x00000000c4400000, 0x00000000c4500000|  0%| F|  |TAMS 0x00000000c4400000, 0x00000000c4400000| Untracked 
|  39|0x00000000c4500000, 0x00000000c4500000, 0x00000000c4600000|  0%| F|  |TAMS 0x00000000c4500000, 0x00000000c4500000| Untracked 
|  40|0x00000000c4600000, 0x00000000c4600000, 0x00000000c4700000|  0%| F|  |TAMS 0x00000000c4600000, 0x00000000c4600000| Untracked 
|  41|0x00000000c4700000, 0x00000000c4700000, 0x00000000c4800000|  0%| F|  |TAMS 0x00000000c4700000, 0x00000000c4700000| Untracked 
|  42|0x00000000c4800000, 0x00000000c4800000, 0x00000000c4900000|  0%| F|  |TAMS 0x00000000c4800000, 0x00000000c4800000| Untracked 
|  43|0x00000000c4900000, 0x00000000c4900000, 0x00000000c4a00000|  0%| F|  |TAMS 0x00000000c4900000, 0x00000000c4900000| Untracked 
|  44|0x00000000c4a00000, 0x00000000c4a00000, 0x00000000c4b00000|  0%| F|  |TAMS 0x00000000c4a00000, 0x00000000c4a00000| Untracked 
|  45|0x00000000c4b00000, 0x00000000c4b00000, 0x00000000c4c00000|  0%| F|  |TAMS 0x00000000c4b00000, 0x00000000c4b00000| Untracked 
|  46|0x00000000c4c00000, 0x00000000c4c00000, 0x00000000c4d00000|  0%| F|  |TAMS 0x00000000c4c00000, 0x00000000c4c00000| Untracked 
|  47|0x00000000c4d00000, 0x00000000c4d00000, 0x00000000c4e00000|  0%| F|  |TAMS 0x00000000c4d00000, 0x00000000c4d00000| Untracked 
|  48|0x00000000c4e00000, 0x00000000c4e00000, 0x00000000c4f00000|  0%| F|  |TAMS 0x00000000c4e00000, 0x00000000c4e00000| Untracked 
|  49|0x00000000c4f00000, 0x00000000c4f00000, 0x00000000c5000000|  0%| F|  |TAMS 0x00000000c4f00000, 0x00000000c4f00000| Untracked 
|  50|0x00000000c5000000, 0x00000000c5000000, 0x00000000c5100000|  0%| F|  |TAMS 0x00000000c5000000, 0x00000000c5000000| Untracked 
|  51|0x00000000c5100000, 0x00000000c5100000, 0x00000000c5200000|  0%| F|  |TAMS 0x00000000c5100000, 0x00000000c5100000| Untracked 
|  52|0x00000000c5200000, 0x00000000c5300000, 0x00000000c5300000|100%| E|  |TAMS 0x00000000c5200000, 0x00000000c5200000| Complete 
|  53|0x00000000c5300000, 0x00000000c5400000, 0x00000000c5400000|100%| E|CS|TAMS 0x00000000c5300000, 0x00000000c5300000| Complete 
|  54|0x00000000c5400000, 0x00000000c5500000, 0x00000000c5500000|100%| E|CS|TAMS 0x00000000c5400000, 0x00000000c5400000| Complete 
|  55|0x00000000c5500000, 0x00000000c5600000, 0x00000000c5600000|100%| E|  |TAMS 0x00000000c5500000, 0x00000000c5500000| Complete 
|  56|0x00000000c5600000, 0x00000000c5700000, 0x00000000c5700000|100%| E|CS|TAMS 0x00000000c5600000, 0x00000000c5600000| Complete 
|  57|0x00000000c5700000, 0x00000000c5800000, 0x00000000c5800000|100%| E|CS|TAMS 0x00000000c5700000, 0x00000000c5700000| Complete 
|  58|0x00000000c5800000, 0x00000000c5900000, 0x00000000c5900000|100%| E|CS|TAMS 0x00000000c5800000, 0x00000000c5800000| Complete 
|  59|0x00000000c5900000, 0x00000000c5a00000, 0x00000000c5a00000|100%| E|CS|TAMS 0x00000000c5900000, 0x00000000c5900000| Complete 
|  60|0x00000000c5a00000, 0x00000000c5b00000, 0x00000000c5b00000|100%| E|CS|TAMS 0x00000000c5a00000, 0x00000000c5a00000| Complete 
|  61|0x00000000c5b00000, 0x00000000c5c00000, 0x00000000c5c00000|100%| E|CS|TAMS 0x00000000c5b00000, 0x00000000c5b00000| Complete 
|  62|0x00000000c5c00000, 0x00000000c5d00000, 0x00000000c5d00000|100%| E|CS|TAMS 0x00000000c5c00000, 0x00000000c5c00000| Complete 
|  63|0x00000000c5d00000, 0x00000000c5e00000, 0x00000000c5e00000|100%| E|CS|TAMS 0x00000000c5d00000, 0x00000000c5d00000| Complete 

Card table byte_map: [0x00000204ae860000,0x00000204aea60000] _byte_map_base: 0x00000204ae251000

Marking Bits (Prev, Next): (CMBitMap*) 0x0000020497a203c0, (CMBitMap*) 0x0000020497a20400
 Prev Bits: [0x00000204aec60000, 0x00000204afbe8000)
 Next Bits: [0x00000204afbf0000, 0x00000204b0b78000)

Polling page: 0x0000020495950000

Metaspace:

Usage:
  Non-class:      6.69 MB used.
      Class:    858.06 KB used.
       Both:      7.53 MB used.

Virtual space:
  Non-class space:       64.00 MB reserved,       6.81 MB ( 11%) committed,  1 nodes.
      Class space:        1.00 GB reserved,     960.00 KB ( <1%) committed,  1 nodes.
             Both:        1.06 GB reserved,       7.75 MB ( <1%) committed. 

Chunk freelists:
   Non-Class:  1005.00 KB
       Class:  3.12 MB
        Both:  4.10 MB

MaxMetaspaceSize: unlimited
CompressedClassSpaceSize: 1.00 GB
Initial GC threshold: 21.00 MB
Current GC threshold: 21.00 MB
CDS: on
MetaspaceReclaimPolicy: balanced
 - commit_granule_bytes: 65536.
 - commit_granule_words: 8192.
 - virtual_space_node_default_size: 8388608.
 - enlarge_chunks_in_place: 1.
 - new_chunks_are_fully_committed: 0.
 - uncommit_free_chunks: 1.
 - use_allocation_guard: 0.


Internal statistics:

num_allocs_failed_limit: 0.
num_arena_births: 126.
num_arena_deaths: 0.
num_vsnodes_births: 2.
num_vsnodes_deaths: 0.
num_space_committed: 124.
num_space_uncommitted: 0.
num_chunks_returned_to_freelist: 0.
num_chunks_taken_from_freelist: 172.
num_chunk_merges: 0.
num_chunk_splits: 95.
num_chunks_enlarged: 29.
num_inconsistent_stats: 0.

CodeHeap 'non-profiled nmethods': size=120000Kb used=242Kb max_used=242Kb free=119757Kb
 bounds [0x00000204a6df0000, 0x00000204a7060000, 0x00000204ae320000]
CodeHeap 'profiled nmethods': size=120000Kb used=1323Kb max_used=1323Kb free=118676Kb
 bounds [0x000002049f8c0000, 0x000002049fb30000, 0x00000204a6df0000]
CodeHeap 'non-nmethods': size=5760Kb used=1289Kb max_used=1293Kb free=4470Kb
 bounds [0x000002049f320000, 0x000002049f590000, 0x000002049f8c0000]
 total_blobs=1482 nmethods=874 adapters=521
 compilation: enabled
              stopped_count=0, restarted_count=0
 full_count=0

Compilation events (20 events):
Event: 8.714 Thread 0x00000204b3528fa0 nmethod 866 0x000002049fa07890 code [0x000002049fa07a20, 0x000002049fa07b58]
Event: 8.746 Thread 0x00000204b3528fa0  867       3       java.util.concurrent.locks.AbstractQueuedSynchronizer::signalNext (34 bytes)
Event: 8.747 Thread 0x00000204b3528fa0 nmethod 867 0x000002049fa07c10 code [0x000002049fa07de0, 0x000002049fa08098]
Event: 8.754 Thread 0x00000204b3528fa0  868       3       java.lang.ref.WeakReference::<init> (6 bytes)
Event: 8.754 Thread 0x00000204b3528fa0 nmethod 868 0x000002049fa08210 code [0x000002049fa083c0, 0x000002049fa086d8]
Event: 2051.757 Thread 0x00000204b3528fa0  869       3       java.util.HashMap$EntryIterator::next (5 bytes)
Event: 2051.784 Thread 0x00000204b3528fa0 nmethod 869 0x000002049fa08810 code [0x000002049fa089c0, 0x000002049fa08b48]
Event: 2051.785 Thread 0x00000204b3528fa0  870       3       java.util.HashMap$EntryIterator::next (5 bytes)
Event: 2051.790 Thread 0x00000204b3528fa0 nmethod 870 0x000002049fa08c10 code [0x000002049fa08da0, 0x000002049fa08ee8]
Event: 2051.790 Thread 0x00000204b3528fa0  871       3       java.beans.PropertyChangeSupport::firePropertyChange (35 bytes)
Event: 2051.805 Thread 0x00000204b3528fa0 nmethod 871 0x000002049fa08f90 code [0x000002049fa09180, 0x000002049fa09928]
Event: 3101.506 Thread 0x00000204b3528fa0  873       3       java.lang.invoke.Invokers$Holder::linkToTargetMethod (8 bytes)
Event: 3101.603 Thread 0x00000204b3528fa0 nmethod 873 0x000002049fa09b90 code [0x000002049fa09d40, 0x000002049fa0a038]
Event: 3104.409 Thread 0x00000204b3528fa0  875       3       java.util.concurrent.locks.ReentrantLock$Sync::tryRelease (51 bytes)
Event: 3104.490 Thread 0x0000020497aae8a0  877       4       java.util.Arrays::binarySearch0 (95 bytes)
Event: 3104.564 Thread 0x00000204b3528fa0 nmethod 875 0x000002049fa0a110 code [0x000002049fa0a2c0, 0x000002049fa0a608]
Event: 3104.565 Thread 0x00000204b3528fa0  876       3       sun.awt.AWTAccessor::getComponentAccessor (15 bytes)
Event: 3104.609 Thread 0x00000204b3528fa0 nmethod 876 0x000002049fa0a710 code [0x000002049fa0a900, 0x000002049fa0aca8]
Event: 3104.609 Thread 0x00000204b3528fa0  878       1       java.awt.Component::getObjectLock (5 bytes)
Event: 3104.610 Thread 0x00000204b3528fa0 nmethod 878 0x00000204a6e2c890 code [0x00000204a6e2ca20, 0x00000204a6e2caf8]

GC Heap History (0 events):
No events

Deoptimization events (20 events):
Event: 0.593 Thread 0x00000204b7af90a0 Uncommon trap: trap_request=0xffffff45 fr.pc=0x00000204a6e1a11c relative=0x00000000000003fc
Event: 0.593 Thread 0x00000204b7af90a0 Uncommon trap: reason=unstable_if action=reinterpret pc=0x00000204a6e1a11c method=java.lang.StringLatin1.newString([BII)Ljava/lang/String; @ 1 c2
Event: 0.593 Thread 0x00000204b7af90a0 DEOPT PACKING pc=0x00000204a6e1a11c sp=0x000000b0ed5feac0
Event: 0.593 Thread 0x00000204b7af90a0 DEOPT UNPACKING pc=0x000002049f3723a3 sp=0x000000b0ed5fea88 mode 2
Event: 0.769 Thread 0x00000204979dda80 Uncommon trap: trap_request=0xffffff45 fr.pc=0x00000204a6e18da4 relative=0x0000000000000224
Event: 0.769 Thread 0x00000204979dda80 Uncommon trap: reason=unstable_if action=reinterpret pc=0x00000204a6e18da4 method=java.lang.StringUTF16.compress([CI[BII)I @ 20 c2
Event: 0.769 Thread 0x00000204979dda80 DEOPT PACKING pc=0x00000204a6e18da4 sp=0x000000b0ebffe560
Event: 0.770 Thread 0x00000204979dda80 DEOPT UNPACKING pc=0x000002049f3723a3 sp=0x000000b0ebffe4e0 mode 2
Event: 0.771 Thread 0x00000204979dda80 Uncommon trap: trap_request=0xffffff45 fr.pc=0x00000204a6e1ad98 relative=0x0000000000000278
Event: 0.771 Thread 0x00000204979dda80 Uncommon trap: reason=unstable_if action=reinterpret pc=0x00000204a6e1ad98 method=java.util.StringTokenizer.scanToken(I)I @ 42 c2
Event: 0.771 Thread 0x00000204979dda80 DEOPT PACKING pc=0x00000204a6e1ad98 sp=0x000000b0ebffe8c0
Event: 0.771 Thread 0x00000204979dda80 DEOPT UNPACKING pc=0x000002049f3723a3 sp=0x000000b0ebffe850 mode 2
Event: 1.035 Thread 0x00000204b7bcf2a0 Uncommon trap: trap_request=0xffffffde fr.pc=0x00000204a6e22680 relative=0x00000000000002c0
Event: 1.035 Thread 0x00000204b7bcf2a0 Uncommon trap: reason=class_check action=maybe_recompile pc=0x00000204a6e22680 method=java.util.HashMap.getNode(Ljava/lang/Object;)Ljava/util/HashMap$Node; @ 63 c2
Event: 1.035 Thread 0x00000204b7bcf2a0 DEOPT PACKING pc=0x00000204a6e22680 sp=0x000000b0ed7fda10
Event: 1.035 Thread 0x00000204b7bcf2a0 DEOPT UNPACKING pc=0x000002049f3723a3 sp=0x000000b0ed7fd978 mode 2
Event: 1.036 Thread 0x00000204b7bcf2a0 Uncommon trap: trap_request=0xffffffde fr.pc=0x00000204a6e22680 relative=0x00000000000002c0
Event: 1.036 Thread 0x00000204b7bcf2a0 Uncommon trap: reason=class_check action=maybe_recompile pc=0x00000204a6e22680 method=java.util.HashMap.getNode(Ljava/lang/Object;)Ljava/util/HashMap$Node; @ 63 c2
Event: 1.036 Thread 0x00000204b7bcf2a0 DEOPT PACKING pc=0x00000204a6e22680 sp=0x000000b0ed7fda10
Event: 1.036 Thread 0x00000204b7bcf2a0 DEOPT UNPACKING pc=0x000002049f3723a3 sp=0x000000b0ed7fd978 mode 2

Classes loaded (20 events):
Event: 1.062 Loading class java/awt/Toolkit$SelectiveAWTEventListener
Event: 1.063 Loading class java/awt/Toolkit$SelectiveAWTEventListener done
Event: 1.063 Loading class java/awt/Toolkit$ToolkitEventMulticaster
Event: 1.064 Loading class java/awt/Toolkit$ToolkitEventMulticaster done
Event: 1.064 Loading class java/awt/event/MouseWheelEvent
Event: 1.065 Loading class java/awt/event/MouseWheelEvent done
Event: 1.566 Loading class javax/swing/Timer$1
Event: 1.566 Loading class javax/swing/Timer$1 done
Event: 7.574 Loading class java/awt/LightweightDispatcher$2
Event: 7.574 Loading class java/awt/LightweightDispatcher$2 done
Event: 8.714 Loading class java/awt/KeyboardFocusManager$2
Event: 8.714 Loading class java/awt/KeyboardFocusManager$2 done
Event: 8.715 Loading class sun/awt/SunToolkit$1
Event: 8.715 Loading class sun/awt/SunToolkit$1 done
Event: 3102.545 Loading class java/util/WeakHashMap$KeyIterator
Event: 3102.650 Loading class java/util/WeakHashMap$HashIterator
Event: 3102.688 Loading class java/util/WeakHashMap$HashIterator done
Event: 3102.694 Loading class java/util/WeakHashMap$KeyIterator done
Event: 3103.026 Loading class javax/swing/RepaintManager$DisplayChangedRunnable
Event: 3103.081 Loading class javax/swing/RepaintManager$DisplayChangedRunnable done

Classes unloaded (0 events):
No events

Classes redefined (0 events):
No events

Internal exceptions (17 events):
Event: 0.128 Thread 0x00000204979dda80 Exception <a 'sun/nio/fs/WindowsException'{0x00000000c5c35ff8}> (0x00000000c5c35ff8) 
thrown [s\open\src\hotspot\share\prims\jni.cpp, line 516]
Event: 0.128 Thread 0x00000204979dda80 Exception <a 'sun/nio/fs/WindowsException'{0x00000000c5c36628}> (0x00000000c5c36628) 
thrown [s\open\src\hotspot\share\prims\jni.cpp, line 516]
Event: 0.131 Thread 0x00000204979dda80 Exception <a 'sun/nio/fs/WindowsException'{0x00000000c5c38e90}> (0x00000000c5c38e90) 
thrown [s\open\src\hotspot\share\prims\jni.cpp, line 516]
Event: 0.131 Thread 0x00000204979dda80 Exception <a 'sun/nio/fs/WindowsException'{0x00000000c5c39b10}> (0x00000000c5c39b10) 
thrown [s\open\src\hotspot\share\prims\jni.cpp, line 516]
Event: 0.191 Thread 0x00000204979dda80 Exception <a 'java/lang/ClassNotFoundException'{0x00000000c5cfc3b8}: sun/awt/resources/spi/awtProvider> (0x00000000c5cfc3b8) 
thrown [s\open\src\hotspot\share\classfile\systemDictionary.cpp, line 255]
Event: 0.234 Thread 0x00000204979dda80 Exception <a 'java/io/FileNotFoundException'{0x00000000c5b50068}> (0x00000000c5b50068) 
thrown [s\open\src\hotspot\share\prims\jni.cpp, line 516]
Event: 0.250 Thread 0x00000204979dda80 Exception <a 'java/io/FileNotFoundException'{0x00000000c5b7d2b8}> (0x00000000c5b7d2b8) 
thrown [s\open\src\hotspot\share\prims\jni.cpp, line 516]
Event: 0.327 Thread 0x00000204979dda80 Exception <a 'java/lang/NoSuchMethodError'{0x00000000c5bc1838}: 'java.lang.Object java.lang.invoke.DirectMethodHandle$Holder.invokeStaticInit(java.lang.Object)'> (0x00000000c5bc1838) 
thrown [s\open\src\hotspot\share\interpreter\linkResolver.cpp, line 766]
Event: 0.391 Thread 0x00000204979dda80 Exception <a 'java/lang/NoSuchMethodError'{0x00000000c5a95758}: 'void java.lang.invoke.DirectMethodHandle$Holder.invokeSpecial(java.lang.Object, java.lang.Object, java.lang.Object)'> (0x00000000c5a95758) 
thrown [s\open\src\hotspot\share\interpreter\linkResolver.cpp, line 766]
Event: 0.405 Thread 0x00000204979dda80 Exception <a 'java/lang/NoSuchMethodError'{0x00000000c5ac0898}: 'java.lang.Object java.lang.invoke.DirectMethodHandle$Holder.newInvokeSpecial(java.lang.Object, java.lang.Object, java.lang.Object, java.lang.Object, java.lang.Object)'> (0x00000000c5ac0898) 
thrown [s\open\src\hotspot\share\interpreter\linkResolver.cpp, line 766]
Event: 0.418 Thread 0x00000204979dda80 Exception <a 'java/lang/NoSuchMethodError'{0x00000000c5af2610}: 'java.lang.Object java.lang.invoke.DirectMethodHandle$Holder.invokeStatic(java.lang.Object, int, java.lang.Object)'> (0x00000000c5af2610) 
thrown [s\open\src\hotspot\share\interpreter\linkResolver.cpp, line 766]
Event: 0.477 Thread 0x00000204979dda80 Exception <a 'java/lang/ClassNotFoundException'{0x00000000c59af3e8}: com/sun/swing/internal/plaf/metal/resources/spi/metalProvider> (0x00000000c59af3e8) 
thrown [s\open\src\hotspot\share\classfile\systemDictionary.cpp, line 255]
Event: 0.479 Thread 0x00000204979dda80 Exception <a 'java/lang/ClassNotFoundException'{0x00000000c59b3470}: com/sun/swing/internal/plaf/basic/resources/spi/basicProvider> (0x00000000c59b3470) 
thrown [s\open\src\hotspot\share\classfile\systemDictionary.cpp, line 255]
Event: 0.496 Thread 0x00000204979dda80 Exception <a 'java/lang/NoSuchMethodError'{0x00000000c59d3870}: 'int java.lang.invoke.Invokers$Holder.invokeExact_MT(java.lang.Object, java.lang.Object)'> (0x00000000c59d3870) 
thrown [s\open\src\hotspot\share\interpreter\linkResolver.cpp, line 766]
Event: 0.598 Thread 0x00000204b7af90a0 Exception <a 'java/lang/NoSuchMethodError'{0x00000000c5767308}: 'java.lang.Object java.lang.invoke.DirectMethodHandle$Holder.newInvokeSpecial(java.lang.Object, java.lang.Object, java.lang.Object, int, int, int, int, int)'> (0x00000000c5767308) 
thrown [s\open\src\hotspot\share\interpreter\linkResolver.cpp, line 766]
Event: 0.880 Thread 0x00000204979dda80 Exception <a 'java/lang/NoSuchMethodError'{0x00000000c5360180}: 'void java.lang.invoke.DirectMethodHandle$Holder.invokeStaticInit(java.lang.Object)'> (0x00000000c5360180) 
thrown [s\open\src\hotspot\share\interpreter\linkResolver.cpp, line 766]
Event: 0.994 Thread 0x00000204b797fd80 Exception <a 'java/lang/NoSuchMethodError'{0x00000000c5a108a8}: 'void java.lang.invoke.DirectMethodHandle$Holder.invokeVirtual(java.lang.Object, java.lang.Object)'> (0x00000000c5a108a8) 
thrown [s\open\src\hotspot\share\interpreter\linkResolver.cpp, line 766]

VM Operations (10 events):
Event: 0.133 Executing VM operation: HandshakeAllThreads
Event: 0.133 Executing VM operation: HandshakeAllThreads done
Event: 0.727 Executing VM operation: HandshakeAllThreads
Event: 0.727 Executing VM operation: HandshakeAllThreads done
Event: 1.004 Executing VM operation: HandshakeAllThreads
Event: 1.004 Executing VM operation: HandshakeAllThreads done
Event: 2.018 Executing VM operation: Cleanup
Event: 2.019 Executing VM operation: Cleanup done
Event: 8.053 Executing VM operation: Cleanup
Event: 8.053 Executing VM operation: Cleanup done

Events (20 events):
Event: 0.123 Loaded shared library C:\Program Files\Java\jdk-18.0.1.1\bin\net.dll
Event: 0.126 Loaded shared library C:\Program Files\Java\jdk-18.0.1.1\bin\nio.dll
Event: 0.151 Thread 0x00000204b7913780 Thread added: 0x00000204b7913780
Event: 0.158 Loaded shared library C:\Program Files\Java\jdk-18.0.1.1\bin\zip.dll
Event: 0.182 Loaded shared library C:\Program Files\Java\jdk-18.0.1.1\bin\jimage.dll
Event: 0.210 Loaded shared library C:\Program Files\Java\jdk-18.0.1.1\bin\awt.dll
Event: 0.329 Thread 0x00000204b797f400 Thread added: 0x00000204b797f400
Event: 0.331 Thread 0x00000204b797f8c0 Thread added: 0x00000204b797f8c0
Event: 0.333 Thread 0x00000204b797fd80 Thread added: 0x00000204b797fd80
Event: 0.508 Thread 0x00000204b7af90a0 Thread added: 0x00000204b7af90a0
Event: 0.596 Loaded shared library C:\Program Files\Java\jdk-18.0.1.1\bin\javajpeg.dll
Event: 0.638 Thread 0x00000204b7b6f330 Thread added: 0x00000204b7b6f330
Event: 0.749 Loaded shared library C:\Program Files\Java\jdk-18.0.1.1\bin\freetype.dll
Event: 0.751 Loaded shared library C:\Program Files\Java\jdk-18.0.1.1\bin\fontmanager.dll
Event: 0.858 Thread 0x00000204b7bcf2a0 Thread added: 0x00000204b7bcf2a0
Event: 1.004 Thread 0x00000204979dda80 Thread exited: 0x00000204979dda80
Event: 1.004 Thread 0x00000204b7bcf770 Thread added: 0x00000204b7bcf770
Event: 1.059 Thread 0x00000204b7bcd5c0 Thread added: 0x00000204b7bcd5c0
Event: 5.653 Thread 0x00000204b7af90a0 Thread exited: 0x00000204b7af90a0
Event: 5.653 Thread 0x00000204b7b6f330 Thread exited: 0x00000204b7b6f330


Dynamic libraries:
0x00007ff6504c0000 - 0x00007ff6504d0000 	C:\Program Files\Java\jdk-18.0.1.1\bin\java.exe
0x00007ffce8270000 - 0x00007ffce8468000 	C:\WINDOWS\SYSTEM32\ntdll.dll
0x00007ffce6f00000 - 0x00007ffce6fbd000 	C:\WINDOWS\System32\KERNEL32.DLL
0x00007ffce5e90000 - 0x00007ffce6162000 	C:\WINDOWS\System32\KERNELBASE.dll
0x00007ffce5a30000 - 0x00007ffce5b30000 	C:\WINDOWS\System32\ucrtbase.dll
0x00007ffce0580000 - 0x00007ffce059a000 	C:\Program Files\Java\jdk-18.0.1.1\bin\VCRUNTIME140.dll
0x00007ffce0d40000 - 0x00007ffce0d58000 	C:\Program Files\Java\jdk-18.0.1.1\bin\jli.dll
0x00007ffce7270000 - 0x00007ffce731e000 	C:\WINDOWS\System32\ADVAPI32.dll
0x00007ffce7330000 - 0x00007ffce73ce000 	C:\WINDOWS\System32\msvcrt.dll
0x00007ffce7050000 - 0x00007ffce70ec000 	C:\WINDOWS\System32\sechost.dll
0x00007ffce7860000 - 0x00007ffce7985000 	C:\WINDOWS\System32\RPCRT4.dll
0x00007ffce7a70000 - 0x00007ffce7c0d000 	C:\WINDOWS\System32\USER32.dll
0x00007ffce5e60000 - 0x00007ffce5e82000 	C:\WINDOWS\System32\win32u.dll
0x00007ffcd1330000 - 0x00007ffcd15ca000 	C:\WINDOWS\WinSxS\amd64_microsoft.windows.common-controls_6595b64144ccf1df_6.0.19041.1110_none_60b5254171f9507e\COMCTL32.dll
0x00007ffce6720000 - 0x00007ffce674b000 	C:\WINDOWS\System32\GDI32.dll
0x00007ffce5b80000 - 0x00007ffce5c8f000 	C:\WINDOWS\System32\gdi32full.dll
0x00007ffce61a0000 - 0x00007ffce623d000 	C:\WINDOWS\System32\msvcp_win.dll
0x00007ffcdfb00000 - 0x00007ffcdfb0a000 	C:\WINDOWS\SYSTEM32\VERSION.dll
0x00007ffce6750000 - 0x00007ffce6780000 	C:\WINDOWS\System32\IMM32.DLL
0x00007ffce1610000 - 0x00007ffce161c000 	C:\Program Files\Java\jdk-18.0.1.1\bin\vcruntime140_1.dll
0x00007ffcd0380000 - 0x00007ffcd040d000 	C:\Program Files\Java\jdk-18.0.1.1\bin\msvcp140.dll
0x00007ffca28f0000 - 0x00007ffca3500000 	C:\Program Files\Java\jdk-18.0.1.1\bin\server\jvm.dll
0x00007ffce6ef0000 - 0x00007ffce6ef8000 	C:\WINDOWS\System32\PSAPI.DLL
0x00007ffce0150000 - 0x00007ffce0159000 	C:\WINDOWS\SYSTEM32\WSOCK32.dll
0x00007ffcd4140000 - 0x00007ffcd4167000 	C:\WINDOWS\SYSTEM32\WINMM.dll
0x00007ffce66b0000 - 0x00007ffce671b000 	C:\WINDOWS\System32\WS2_32.dll
0x00007ffce3840000 - 0x00007ffce3852000 	C:\WINDOWS\SYSTEM32\kernel.appcore.dll
0x00007ffce0cb0000 - 0x00007ffce0cba000 	C:\Program Files\Java\jdk-18.0.1.1\bin\jimage.dll
0x00007ffcdd790000 - 0x00007ffcdd974000 	C:\WINDOWS\SYSTEM32\DBGHELP.DLL
0x00007ffcdd230000 - 0x00007ffcdd25c000 	C:\WINDOWS\SYSTEM32\dbgcore.DLL
0x00007ffce6240000 - 0x00007ffce62c2000 	C:\WINDOWS\System32\bcryptPrimitives.dll
0x00007ffcde140000 - 0x00007ffcde165000 	C:\Program Files\Java\jdk-18.0.1.1\bin\java.dll
0x00007ffcbd560000 - 0x00007ffcbd636000 	C:\Program Files\Java\jdk-18.0.1.1\bin\jsvml.dll
0x00007ffce67a0000 - 0x00007ffce6ee3000 	C:\WINDOWS\System32\SHELL32.dll
0x00007ffce3a40000 - 0x00007ffce41d1000 	C:\WINDOWS\SYSTEM32\windows.storage.dll
0x00007ffce7500000 - 0x00007ffce7854000 	C:\WINDOWS\System32\combase.dll
0x00007ffce5300000 - 0x00007ffce5330000 	C:\WINDOWS\SYSTEM32\Wldp.dll
0x00007ffce63f0000 - 0x00007ffce649d000 	C:\WINDOWS\System32\SHCORE.dll
0x00007ffce7210000 - 0x00007ffce7265000 	C:\WINDOWS\System32\shlwapi.dll
0x00007ffce58c0000 - 0x00007ffce58df000 	C:\WINDOWS\SYSTEM32\profapi.dll
0x00007ffce0280000 - 0x00007ffce0293000 	C:\Program Files\Java\jdk-18.0.1.1\bin\net.dll
0x00007ffcdd050000 - 0x00007ffcdd15d000 	C:\WINDOWS\SYSTEM32\WINHTTP.dll
0x00007ffce5060000 - 0x00007ffce50ca000 	C:\WINDOWS\system32\mswsock.dll
0x00007ffce0160000 - 0x00007ffce0176000 	C:\Program Files\Java\jdk-18.0.1.1\bin\nio.dll
0x00007ffcde080000 - 0x00007ffcde098000 	C:\Program Files\Java\jdk-18.0.1.1\bin\zip.dll
0x00007ffcae2c0000 - 0x00007ffcae44f000 	C:\Program Files\Java\jdk-18.0.1.1\bin\awt.dll
0x00007ffce7430000 - 0x00007ffce74fd000 	C:\WINDOWS\System32\OLEAUT32.dll
0x00007ffce3170000 - 0x00007ffce3201000 	C:\WINDOWS\SYSTEM32\apphelp.dll
0x00007ffce3660000 - 0x00007ffce368f000 	C:\WINDOWS\system32\DWMAPI.DLL
0x00007ffce3360000 - 0x00007ffce33fe000 	C:\WINDOWS\system32\uxtheme.dll
0x00007ffccfe90000 - 0x00007ffccffb7000 	C:\WINDOWS\system32\opengl32.dll
0x00007ffcded20000 - 0x00007ffcded4c000 	C:\WINDOWS\SYSTEM32\GLU32.dll
0x00007ffce70f0000 - 0x00007ffce7205000 	C:\WINDOWS\System32\MSCTF.dll
0x00007ffce7c10000 - 0x00007ffce7d3a000 	C:\WINDOWS\System32\ole32.dll
0x00007ffce06a0000 - 0x00007ffce06cd000 	C:\Program Files\Java\jdk-18.0.1.1\bin\javajpeg.dll
0x00007ffcb8f40000 - 0x00007ffcb8fc9000 	C:\Program Files\Java\jdk-18.0.1.1\bin\freetype.dll
0x00007ffcb6050000 - 0x00007ffcb60f8000 	C:\Program Files\Java\jdk-18.0.1.1\bin\fontmanager.dll
0x00007ffce6330000 - 0x00007ffce63df000 	C:\WINDOWS\System32\clbcatq.dll
0x00007ffcdcb30000 - 0x00007ffcdcce4000 	C:\WINDOWS\SYSTEM32\WindowsCodecs.dll
0x00007ffce6170000 - 0x00007ffce6197000 	C:\WINDOWS\System32\bcrypt.dll
0x00007ffcd0160000 - 0x00007ffcd019e000 	C:\WINDOWS\system32\dataexchange.dll
0x00007ffce1650000 - 0x00007ffce18b3000 	C:\WINDOWS\system32\d3d11.dll
0x00007ffce4240000 - 0x00007ffce4333000 	C:\WINDOWS\system32\dxgi.dll
0x00007ffce2590000 - 0x00007ffce2773000 	C:\WINDOWS\system32\dcomp.dll
0x00007ffcdce50000 - 0x00007ffcdd050000 	C:\WINDOWS\system32\twinapi.appcore.dll
0x00007ffccf810000 - 0x00007ffccf909000 	C:\WINDOWS\SYSTEM32\textinputframework.dll
0x00007ffce2e60000 - 0x00007ffce2f52000 	C:\WINDOWS\System32\CoreMessaging.dll
0x00007ffce2b00000 - 0x00007ffce2e5e000 	C:\WINDOWS\System32\CoreUIComponents.dll
0x00007ffce22e0000 - 0x00007ffce2434000 	C:\WINDOWS\SYSTEM32\wintypes.dll
0x00007ffce4aa0000 - 0x00007ffce4ad3000 	C:\WINDOWS\SYSTEM32\ntmarta.dll

dbghelp: loaded successfully - version: 4.0.5 - missing functions: none
symbol engine: initialized successfully - sym options: 0x614 - pdb path: .;C:\Program Files\Java\jdk-18.0.1.1\bin;C:\WINDOWS\SYSTEM32;C:\WINDOWS\WinSxS\amd64_microsoft.windows.common-controls_6595b64144ccf1df_6.0.19041.1110_none_60b5254171f9507e;C:\Program Files\Java\jdk-18.0.1.1\bin\server

VM Arguments:
jvm_args: -Dfile.encoding=UTF-8 --module-path=C:\Users\ACER\Dropbox\My PC (DESKTOP-GFBA4HL)\Documents\NetBeansProjects\bank management system\build\classes 
java_command: bank.management.system.Transactions
java_class_path (initial): C:\Users\ACER\Desktop\calender\jcalendar-tz-1.3.3-4.jar;C:\Users\ACER\Downloads\mysql-connector-java-8.0.28.jar;C:\Users\ACER\Dropbox\My PC (DESKTOP-GFBA4HL)\Documents\NetBeansProjects\bank management system\build\classes
Launcher Type: SUN_STANDARD

[Global flags]
     intx CICompilerCount                          = 4                                         {product} {ergonomic}
     uint ConcGCThreads                            = 2                                         {product} {ergonomic}
     uint G1ConcRefinementThreads                  = 8                                         {product} {ergonomic}
   size_t G1HeapRegionSize                         = 1048576                                   {product} {ergonomic}
    uintx GCDrainStackTargetSize                   = 64                                        {product} {ergonomic}
   size_t InitialHeapSize                          = 67108864                                  {product} {ergonomic}
   size_t MarkStackSize                            = 4194304                                   {product} {ergonomic}
   size_t MaxHeapSize                              = 1042284544                                {product} {ergonomic}
   size_t MaxNewSize                               = 624951296                                 {product} {ergonomic}
   size_t MinHeapDeltaBytes                        = 1048576                                   {product} {ergonomic}
   size_t MinHeapSize                              = 8388608                                   {product} {ergonomic}
    uintx NonNMethodCodeHeapSize                   = 5839372                                {pd product} {ergonomic}
    uintx NonProfiledCodeHeapSize                  = 122909434                              {pd product} {ergonomic}
    uintx ProfiledCodeHeapSize                     = 122909434                              {pd product} {ergonomic}
    uintx ReservedCodeCacheSize                    = 251658240                              {pd product} {ergonomic}
     bool SegmentedCodeCache                       = true                                      {product} {ergonomic}
   size_t SoftMaxHeapSize                          = 1042284544                             {manageable} {ergonomic}
     bool UseCompressedClassPointers               = true                           {product lp64_product} {ergonomic}
     bool UseCompressedOops                        = true                           {product lp64_product} {ergonomic}
     bool UseG1GC                                  = true                                      {product} {ergonomic}
     bool UseLargePagesIndividualAllocation        = false                                  {pd product} {ergonomic}

Logging:
Log output configuration:
 #0: stdout all=warning uptime,level,tags foldmultilines=false
 #1: stderr all=off uptime,level,tags foldmultilines=false

Environment Variables:
JAVA_HOME=C:\Program Files\Java\jdk-18.0.1.1
PATH=C:\Program Files\Common Files\Oracle\Java\javapath;C:\WINDOWS\system32;C:\WINDOWS;C:\WINDOWS\System32\Wbem;C:\WINDOWS\System32\WindowsPowerShell\v1.0\;C:\WINDOWS\System32\OpenSSH\;c:\Program Files (x86)\Microsoft SQL Server\100\Tools\Binn\;c:\Program Files\Microsoft SQL Server\100\Tools\Binn\;c:\Program Files\Microsoft SQL Server\100\DTS\Binn\;C:\Program Files\Java\jdk-18.0.1.1\bin;C:\Program Files\Git\cmd;C:\HashiCorp\Vagrant\bin;C:\Users\ACER\AppData\Local\Programs\Python\Python310\Scripts\;C:\Users\ACER\AppData\Local\Programs\Python\Python310\;C:\Users\ACER\AppData\Local\Microsoft\WindowsApps;C:\Users\ACER\AppData\Local\atom\bin;C:\msys64\mingw64\bin;C:\Users\ACER\AppData\Local\GitHubDesktop\bin
USERNAME=ACER
OS=Windows_NT
PROCESSOR_IDENTIFIER=Intel64 Family 6 Model 142 Stepping 10, GenuineIntel



---------------  S Y S T E M  ---------------

OS:
 Windows 10 , 64 bit Build 19041 (10.0.19041.1889)
OS uptime: 3 days 13:01 hours

CPU: total 8 (initial active 8) (4 cores per cpu, 2 threads per core) family 6 model 142 stepping 10 microcode 0xb4, cx8, cmov, fxsr, ht, mmx, 3dnowpref, sse, sse2, sse3, ssse3, sse4.1, sse4.2, popcnt, lzcnt, tsc, tscinvbit, avx, avx2, aes, erms, clmul, bmi1, bmi2, adx, fma, vzeroupper, clflush, clflushopt

Memory: 4k page, system-wide physical 3971M (221M free)
TotalPageFile size 16259M (AvailPageFile size 30M)
current process WorkingSet (physical memory assigned to process): 16M, peak: 64M
current process commit charge ("private bytes"): 157M, peak: 157M

vm_info: Java HotSpot(TM) 64-Bit Server VM (18.0.1.1+2-6) for windows-amd64 JRE (18.0.1.1+2-6), built on Apr 25 2022 21:53:15 by "mach5one" with MS VC++ 16.8 / 16.9 (VS2019)

END.
