#
# There is insufficient memory for the Java Runtime Environment to continue.
# Native memory allocation (malloc) failed to allocate 32744 bytes for Chunk::new
# Possible reasons:
#   The system is out of physical RAM or swap space
#   The process is running with CompressedOops enabled, and the Java Heap may be blocking the growth of the native heap
# Possible solutions:
#   Reduce memory load on the system
#   Increase physical memory or swap space
#   Check if swap backing store is full
#   Decrease Java heap size (-Xmx/-Xms)
#   Decrease number of Java threads
#   Decrease Java thread stack sizes (-Xss)
#   Set larger code cache with -XX:ReservedCodeCacheSize=
#   JVM is running with Unscaled Compressed Oops mode in which the Java heap is
#     placed in the first 4GB address space. The Java Heap base address is the
#     maximum limit for the native heap growth. Please use -XX:HeapBaseMinAddress
#     to set the Java Heap base and to place the Java Heap above 4GB virtual address.
# This output file may be truncated or incomplete.
#
#  Out of Memory Error (arena.cpp:184), pid=19976, tid=2112
#
# JRE version: Java(TM) SE Runtime Environment (18.0.1.1+2) (build 18.0.1.1+2-6)
# Java VM: Java HotSpot(TM) 64-Bit Server VM (18.0.1.1+2-6, mixed mode, sharing, tiered, compressed oops, compressed class ptrs, g1 gc, windows-amd64)
# No core dump will be written. Minidumps are not enabled by default on client versions of Windows
#

---------------  S U M M A R Y ------------

Command Line: -Dfile.encoding=UTF-8 --module-path=C:\Users\ACER\Dropbox\My PC (DESKTOP-GFBA4HL)\Documents\NetBeansProjects\bank management system\build\classes bank.management.system.Transactions

Host: Intel(R) Core(TM) i5-8250U CPU @ 1.60GHz, 8 cores, 3G,  Windows 10 , 64 bit Build 19041 (10.0.19041.1889)
Time: Mon Nov 28 14:20:12 2022 South Africa Standard Time elapsed time: 17995.413006 seconds (0d 4h 59m 55s)

---------------  T H R E A D  ---------------

Current thread (0x00000244faf9d930):  JavaThread "C2 CompilerThread0" daemon [_thread_in_native, id=2112, stack(0x000000a198800000,0x000000a198900000)]


Current CompileTask:
C2:17995413  860       4       java.util.Arrays::binarySearch0 (95 bytes)

Stack: [0x000000a198800000,0x000000a198900000]
Native frames: (J=compiled Java code, j=interpreted, Vv=VM code, C=native code)
V  [jvm.dll+0x69887a]
V  [jvm.dll+0x7f38bd]
V  [jvm.dll+0x7f51ce]
V  [jvm.dll+0x7f5883]
V  [jvm.dll+0x25ca3f]
V  [jvm.dll+0xb8c2f]
V  [jvm.dll+0xb8fa5]
V  [jvm.dll+0x6bbddc]
V  [jvm.dll+0x22e7c2]
V  [jvm.dll+0x1b9cfc]
V  [jvm.dll+0x23e8ca]
V  [jvm.dll+0x23cbb5]
V  [jvm.dll+0x7a5fb1]
V  [jvm.dll+0x7a03ea]
V  [jvm.dll+0x697725]
C  [ucrtbase.dll+0x21bb2]
C  [KERNEL32.DLL+0x17034]
C  [ntdll.dll+0x526a1]


---------------  P R O C E S S  ---------------

Threads class SMR info:
_java_thread_list=0x000002449b7c2190, length=16, elements={
0x00000244faf81b70, 0x00000244faf837e0, 0x00000244faf9ae40, 0x00000244faf9b7e0,
0x00000244faf9c180, 0x00000244faf9cb20, 0x00000244faf9d930, 0x00000244faf9e450,
0x0000024496aac8c0, 0x000002449ad38060, 0x000002449adc7ee0, 0x000002449ae619b0,
0x000002449ade93a0, 0x000002449aeb2cc0, 0x000002449b85a720, 0x00000244faeced90
}

Java Threads: ( => current thread )
  0x00000244faf81b70 JavaThread "Reference Handler" daemon [_thread_blocked, id=13912, stack(0x000000a198200000,0x000000a198300000)]
  0x00000244faf837e0 JavaThread "Finalizer" daemon [_thread_blocked, id=1224, stack(0x000000a198300000,0x000000a198400000)]
  0x00000244faf9ae40 JavaThread "Signal Dispatcher" daemon [_thread_blocked, id=15928, stack(0x000000a198400000,0x000000a198500000)]
  0x00000244faf9b7e0 JavaThread "Attach Listener" daemon [_thread_blocked, id=7000, stack(0x000000a198500000,0x000000a198600000)]
  0x00000244faf9c180 JavaThread "Service Thread" daemon [_thread_blocked, id=19328, stack(0x000000a198600000,0x000000a198700000)]
  0x00000244faf9cb20 JavaThread "Monitor Deflation Thread" daemon [_thread_blocked, id=19520, stack(0x000000a198700000,0x000000a198800000)]
=>0x00000244faf9d930 JavaThread "C2 CompilerThread0" daemon [_thread_in_native, id=2112, stack(0x000000a198800000,0x000000a198900000)]
  0x00000244faf9e450 JavaThread "C1 CompilerThread0" daemon [_thread_blocked, id=12748, stack(0x000000a198900000,0x000000a198a00000)]
  0x0000024496aac8c0 JavaThread "Sweeper thread" daemon [_thread_blocked, id=6608, stack(0x000000a198a00000,0x000000a198b00000)]
  0x000002449ad38060 JavaThread "Common-Cleaner" daemon [_thread_blocked, id=12156, stack(0x000000a198b00000,0x000000a198c00000)]
  0x000002449adc7ee0 JavaThread "Notification Thread" daemon [_thread_blocked, id=12636, stack(0x000000a198c00000,0x000000a198d00000)]
  0x000002449ae619b0 JavaThread "Java2D Disposer" daemon [_thread_blocked, id=9196, stack(0x000000a198f00000,0x000000a199000000)]
  0x000002449ade93a0 JavaThread "AWT-Shutdown" [_thread_blocked, id=13028, stack(0x000000a198e00000,0x000000a198f00000)]
  0x000002449aeb2cc0 JavaThread "AWT-Windows" daemon [_thread_in_native, id=16548, stack(0x000000a199000000,0x000000a199100000)]
  0x000002449b85a720 JavaThread "AWT-EventQueue-0" [_thread_blocked, id=12100, stack(0x000000a199300000,0x000000a199400000)]
  0x00000244faeced90 JavaThread "DestroyJavaVM" [_thread_blocked, id=19784, stack(0x000000a197b00000,0x000000a197c00000)]

Other Threads:
  0x00000244faf2ece0 VMThread "VM Thread" [stack: 0x000000a198100000,0x000000a198200000] [id=7312]
  0x000002449adc83a0 WatcherThread "VM Periodic Task Thread" [stack: 0x000000a198d00000,0x000000a198e00000] [id=18884]
  0x00000244faf12ac0 WorkerThread "GC Thread#0" [stack: 0x000000a197c00000,0x000000a197d00000] [id=8084]
  0x00000244faf1b630 ConcurrentGCThread "G1 Main Marker" [stack: 0x000000a197d00000,0x000000a197e00000] [id=4040]
  0x00000244faf1c020 WorkerThread "G1 Conc#0" [stack: 0x000000a197e00000,0x000000a197f00000] [id=2088]
  0x00000244faf5abd0 ConcurrentGCThread "G1 Refine#0" [stack: 0x000000a197f00000,0x000000a198000000] [id=13256]
  0x00000244faf5b4e0 ConcurrentGCThread "G1 Service" [stack: 0x000000a198000000,0x000000a198100000] [id=19740]

Threads with active compile tasks:
C2 CompilerThread0  17995645  860       4       java.util.Arrays::binarySearch0 (95 bytes)

VM state: not at safepoint (normal execution)

VM Mutex/Monitor currently owned by a thread: None

Heap address: 0x00000000c1e00000, size: 994 MB, Compressed Oops mode: 32-bit

CDS archive(s) mapped at: [0x0000000800000000-0x0000000800ba0000-0x0000000800ba0000), size 12189696, SharedBaseAddress: 0x0000000800000000, ArchiveRelocationMode: 0.
Compressed class space mapped at: 0x0000000800c00000-0x0000000840c00000, reserved size: 1073741824
Narrow klass base: 0x0000000800000000, Narrow klass shift: 0, Narrow klass range: 0x100000000

GC Precious Log:
 CardTable entry size: 512
 Card Set container configuration: InlinePtr #cards 5 size 8 Array Of Cards #cards 12 size 40 Howl #buckets 4 coarsen threshold 1843 Howl Bitmap #cards 512 size 80 coarsen threshold 460 Card regions per heap region 1 cards per card region 2048
 CPUs: 8 total, 8 available
 Memory: 3971M
 Large Page Support: Disabled
 NUMA Support: Disabled
 Compressed Oops: Enabled (32-bit)
 Heap Region Size: 1M
 Heap Min Capacity: 8M
 Heap Initial Capacity: 64M
 Heap Max Capacity: 994M
 Pre-touch: Disabled
 Parallel Workers: 8
 Concurrent Workers: 2
 Concurrent Refinement Workers: 8
 Periodic GC: Disabled

Heap:
 garbage-first heap   total 65536K, used 12288K [0x00000000c1e00000, 0x0000000100000000)
  region size 1024K, 12 young (12288K), 0 survivors (0K)
 Metaspace       used 6599K, committed 6848K, reserved 1114112K
  class space    used 693K, committed 832K, reserved 1048576K

Heap Regions: E=young(eden), S=young(survivor), O=old, HS=humongous(starts), HC=humongous(continues), CS=collection set, F=free, OA=open archive, CA=closed archive, TAMS=top-at-mark-start (previous, next)
|   0|0x00000000c1e00000, 0x00000000c1f00000, 0x00000000c1f00000|100%|HS|  |TAMS 0x00000000c1e00000, 0x00000000c1e00000| Complete 
|   1|0x00000000c1f00000, 0x00000000c2000000, 0x00000000c2000000|100%|HC|  |TAMS 0x00000000c1f00000, 0x00000000c1f00000| Complete 
|   2|0x00000000c2000000, 0x00000000c2000000, 0x00000000c2100000|  0%| F|  |TAMS 0x00000000c2000000, 0x00000000c2000000| Untracked 
|   3|0x00000000c2100000, 0x00000000c2100000, 0x00000000c2200000|  0%| F|  |TAMS 0x00000000c2100000, 0x00000000c2100000| Untracked 
|   4|0x00000000c2200000, 0x00000000c2200000, 0x00000000c2300000|  0%| F|  |TAMS 0x00000000c2200000, 0x00000000c2200000| Untracked 
|   5|0x00000000c2300000, 0x00000000c2300000, 0x00000000c2400000|  0%| F|  |TAMS 0x00000000c2300000, 0x00000000c2300000| Untracked 
|   6|0x00000000c2400000, 0x00000000c2400000, 0x00000000c2500000|  0%| F|  |TAMS 0x00000000c2400000, 0x00000000c2400000| Untracked 
|   7|0x00000000c2500000, 0x00000000c2500000, 0x00000000c2600000|  0%| F|  |TAMS 0x00000000c2500000, 0x00000000c2500000| Untracked 
|   8|0x00000000c2600000, 0x00000000c2600000, 0x00000000c2700000|  0%| F|  |TAMS 0x00000000c2600000, 0x00000000c2600000| Untracked 
|   9|0x00000000c2700000, 0x00000000c2700000, 0x00000000c2800000|  0%| F|  |TAMS 0x00000000c2700000, 0x00000000c2700000| Untracked 
|  10|0x00000000c2800000, 0x00000000c2800000, 0x00000000c2900000|  0%| F|  |TAMS 0x00000000c2800000, 0x00000000c2800000| Untracked 
|  11|0x00000000c2900000, 0x00000000c2900000, 0x00000000c2a00000|  0%| F|  |TAMS 0x00000000c2900000, 0x00000000c2900000| Untracked 
|  12|0x00000000c2a00000, 0x00000000c2a00000, 0x00000000c2b00000|  0%| F|  |TAMS 0x00000000c2a00000, 0x00000000c2a00000| Untracked 
|  13|0x00000000c2b00000, 0x00000000c2b00000, 0x00000000c2c00000|  0%| F|  |TAMS 0x00000000c2b00000, 0x00000000c2b00000| Untracked 
|  14|0x00000000c2c00000, 0x00000000c2c00000, 0x00000000c2d00000|  0%| F|  |TAMS 0x00000000c2c00000, 0x00000000c2c00000| Untracked 
|  15|0x00000000c2d00000, 0x00000000c2d00000, 0x00000000c2e00000|  0%| F|  |TAMS 0x00000000c2d00000, 0x00000000c2d00000| Untracked 
|  16|0x00000000c2e00000, 0x00000000c2e00000, 0x00000000c2f00000|  0%| F|  |TAMS 0x00000000c2e00000, 0x00000000c2e00000| Untracked 
|  17|0x00000000c2f00000, 0x00000000c2f00000, 0x00000000c3000000|  0%| F|  |TAMS 0x00000000c2f00000, 0x00000000c2f00000| Untracked 
|  18|0x00000000c3000000, 0x00000000c3000000, 0x00000000c3100000|  0%| F|  |TAMS 0x00000000c3000000, 0x00000000c3000000| Untracked 
|  19|0x00000000c3100000, 0x00000000c3100000, 0x00000000c3200000|  0%| F|  |TAMS 0x00000000c3100000, 0x00000000c3100000| Untracked 
|  20|0x00000000c3200000, 0x00000000c3200000, 0x00000000c3300000|  0%| F|  |TAMS 0x00000000c3200000, 0x00000000c3200000| Untracked 
|  21|0x00000000c3300000, 0x00000000c3300000, 0x00000000c3400000|  0%| F|  |TAMS 0x00000000c3300000, 0x00000000c3300000| Untracked 
|  22|0x00000000c3400000, 0x00000000c3400000, 0x00000000c3500000|  0%| F|  |TAMS 0x00000000c3400000, 0x00000000c3400000| Untracked 
|  23|0x00000000c3500000, 0x00000000c3500000, 0x00000000c3600000|  0%| F|  |TAMS 0x00000000c3500000, 0x00000000c3500000| Untracked 
|  24|0x00000000c3600000, 0x00000000c3600000, 0x00000000c3700000|  0%| F|  |TAMS 0x00000000c3600000, 0x00000000c3600000| Untracked 
|  25|0x00000000c3700000, 0x00000000c3700000, 0x00000000c3800000|  0%| F|  |TAMS 0x00000000c3700000, 0x00000000c3700000| Untracked 
|  26|0x00000000c3800000, 0x00000000c3800000, 0x00000000c3900000|  0%| F|  |TAMS 0x00000000c3800000, 0x00000000c3800000| Untracked 
|  27|0x00000000c3900000, 0x00000000c3900000, 0x00000000c3a00000|  0%| F|  |TAMS 0x00000000c3900000, 0x00000000c3900000| Untracked 
|  28|0x00000000c3a00000, 0x00000000c3a00000, 0x00000000c3b00000|  0%| F|  |TAMS 0x00000000c3a00000, 0x00000000c3a00000| Untracked 
|  29|0x00000000c3b00000, 0x00000000c3b00000, 0x00000000c3c00000|  0%| F|  |TAMS 0x00000000c3b00000, 0x00000000c3b00000| Untracked 
|  30|0x00000000c3c00000, 0x00000000c3c00000, 0x00000000c3d00000|  0%| F|  |TAMS 0x00000000c3c00000, 0x00000000c3c00000| Untracked 
|  31|0x00000000c3d00000, 0x00000000c3d00000, 0x00000000c3e00000|  0%| F|  |TAMS 0x00000000c3d00000, 0x00000000c3d00000| Untracked 
|  32|0x00000000c3e00000, 0x00000000c3e00000, 0x00000000c3f00000|  0%| F|  |TAMS 0x00000000c3e00000, 0x00000000c3e00000| Untracked 
|  33|0x00000000c3f00000, 0x00000000c3f00000, 0x00000000c4000000|  0%| F|  |TAMS 0x00000000c3f00000, 0x00000000c3f00000| Untracked 
|  34|0x00000000c4000000, 0x00000000c4000000, 0x00000000c4100000|  0%| F|  |TAMS 0x00000000c4000000, 0x00000000c4000000| Untracked 
|  35|0x00000000c4100000, 0x00000000c4100000, 0x00000000c4200000|  0%| F|  |TAMS 0x00000000c4100000, 0x00000000c4100000| Untracked 
|  36|0x00000000c4200000, 0x00000000c4200000, 0x00000000c4300000|  0%| F|  |TAMS 0x00000000c4200000, 0x00000000c4200000| Untracked 
|  37|0x00000000c4300000, 0x00000000c4300000, 0x00000000c4400000|  0%| F|  |TAMS 0x00000000c4300000, 0x00000000c4300000| Untracked 
|  38|0x00000000c4400000, 0x00000000c4400000, 0x00000000c4500000|  0%| F|  |TAMS 0x00000000c4400000, 0x00000000c4400000| Untracked 
|  39|0x00000000c4500000, 0x00000000c4500000, 0x00000000c4600000|  0%| F|  |TAMS 0x00000000c4500000, 0x00000000c4500000| Untracked 
|  40|0x00000000c4600000, 0x00000000c4600000, 0x00000000c4700000|  0%| F|  |TAMS 0x00000000c4600000, 0x00000000c4600000| Untracked 
|  41|0x00000000c4700000, 0x00000000c4700000, 0x00000000c4800000|  0%| F|  |TAMS 0x00000000c4700000, 0x00000000c4700000| Untracked 
|  42|0x00000000c4800000, 0x00000000c4800000, 0x00000000c4900000|  0%| F|  |TAMS 0x00000000c4800000, 0x00000000c4800000| Untracked 
|  43|0x00000000c4900000, 0x00000000c4900000, 0x00000000c4a00000|  0%| F|  |TAMS 0x00000000c4900000, 0x00000000c4900000| Untracked 
|  44|0x00000000c4a00000, 0x00000000c4a00000, 0x00000000c4b00000|  0%| F|  |TAMS 0x00000000c4a00000, 0x00000000c4a00000| Untracked 
|  45|0x00000000c4b00000, 0x00000000c4b00000, 0x00000000c4c00000|  0%| F|  |TAMS 0x00000000c4b00000, 0x00000000c4b00000| Untracked 
|  46|0x00000000c4c00000, 0x00000000c4c00000, 0x00000000c4d00000|  0%| F|  |TAMS 0x00000000c4c00000, 0x00000000c4c00000| Untracked 
|  47|0x00000000c4d00000, 0x00000000c4d00000, 0x00000000c4e00000|  0%| F|  |TAMS 0x00000000c4d00000, 0x00000000c4d00000| Untracked 
|  48|0x00000000c4e00000, 0x00000000c4e00000, 0x00000000c4f00000|  0%| F|  |TAMS 0x00000000c4e00000, 0x00000000c4e00000| Untracked 
|  49|0x00000000c4f00000, 0x00000000c4f00000, 0x00000000c5000000|  0%| F|  |TAMS 0x00000000c4f00000, 0x00000000c4f00000| Untracked 
|  50|0x00000000c5000000, 0x00000000c5000000, 0x00000000c5100000|  0%| F|  |TAMS 0x00000000c5000000, 0x00000000c5000000| Untracked 
|  51|0x00000000c5100000, 0x00000000c5100000, 0x00000000c5200000|  0%| F|  |TAMS 0x00000000c5100000, 0x00000000c5100000| Untracked 
|  52|0x00000000c5200000, 0x00000000c5276450, 0x00000000c5300000| 46%| E|  |TAMS 0x00000000c5200000, 0x00000000c5200000| Complete 
|  53|0x00000000c5300000, 0x00000000c5400000, 0x00000000c5400000|100%| E|CS|TAMS 0x00000000c5300000, 0x00000000c5300000| Complete 
|  54|0x00000000c5400000, 0x00000000c5500000, 0x00000000c5500000|100%| E|CS|TAMS 0x00000000c5400000, 0x00000000c5400000| Complete 
|  55|0x00000000c5500000, 0x00000000c5600000, 0x00000000c5600000|100%| E|  |TAMS 0x00000000c5500000, 0x00000000c5500000| Complete 
|  56|0x00000000c5600000, 0x00000000c5700000, 0x00000000c5700000|100%| E|CS|TAMS 0x00000000c5600000, 0x00000000c5600000| Complete 
|  57|0x00000000c5700000, 0x00000000c5800000, 0x00000000c5800000|100%| E|CS|TAMS 0x00000000c5700000, 0x00000000c5700000| Complete 
|  58|0x00000000c5800000, 0x00000000c5900000, 0x00000000c5900000|100%| E|CS|TAMS 0x00000000c5800000, 0x00000000c5800000| Complete 
|  59|0x00000000c5900000, 0x00000000c5a00000, 0x00000000c5a00000|100%| E|CS|TAMS 0x00000000c5900000, 0x00000000c5900000| Complete 
|  60|0x00000000c5a00000, 0x00000000c5b00000, 0x00000000c5b00000|100%| E|CS|TAMS 0x00000000c5a00000, 0x00000000c5a00000| Complete 
|  61|0x00000000c5b00000, 0x00000000c5c00000, 0x00000000c5c00000|100%| E|CS|TAMS 0x00000000c5b00000, 0x00000000c5b00000| Complete 
|  62|0x00000000c5c00000, 0x00000000c5d00000, 0x00000000c5d00000|100%| E|CS|TAMS 0x00000000c5c00000, 0x00000000c5c00000| Complete 
|  63|0x00000000c5d00000, 0x00000000c5e00000, 0x00000000c5e00000|100%| E|CS|TAMS 0x00000000c5d00000, 0x00000000c5d00000| Complete 

Card table byte_map: [0x00000244fb4d0000,0x00000244fb6d0000] _byte_map_base: 0x00000244faec1000

Marking Bits (Prev, Next): (CMBitMap*) 0x00000244faf130c0, (CMBitMap*) 0x00000244faf13100
 Prev Bits: [0x00000244fb8d0000, 0x00000244fc858000)
 Next Bits: [0x00000244fc860000, 0x00000244fd7e8000)

Polling page: 0x00000244f8e30000

Metaspace:

Usage:
  Non-class:      5.77 MB used.
      Class:    693.62 KB used.
       Both:      6.44 MB used.

Virtual space:
  Non-class space:       64.00 MB reserved,       5.88 MB (  9%) committed,  1 nodes.
      Class space:        1.00 GB reserved,     832.00 KB ( <1%) committed,  1 nodes.
             Both:        1.06 GB reserved,       6.69 MB ( <1%) committed. 

Chunk freelists:
   Non-Class:  2.12 MB
       Class:  3.24 MB
        Both:  5.36 MB

MaxMetaspaceSize: unlimited
CompressedClassSpaceSize: 1.00 GB
Initial GC threshold: 21.00 MB
Current GC threshold: 21.00 MB
CDS: on
MetaspaceReclaimPolicy: balanced
 - commit_granule_bytes: 65536.
 - commit_granule_words: 8192.
 - virtual_space_node_default_size: 8388608.
 - enlarge_chunks_in_place: 1.
 - new_chunks_are_fully_committed: 0.
 - uncommit_free_chunks: 1.
 - use_allocation_guard: 0.


Internal statistics:

num_allocs_failed_limit: 0.
num_arena_births: 126.
num_arena_deaths: 0.
num_vsnodes_births: 2.
num_vsnodes_deaths: 0.
num_space_committed: 107.
num_space_uncommitted: 0.
num_chunks_returned_to_freelist: 0.
num_chunks_taken_from_freelist: 173.
num_chunk_merges: 0.
num_chunk_splits: 93.
num_chunks_enlarged: 23.
num_inconsistent_stats: 0.

CodeHeap 'non-profiled nmethods': size=120000Kb used=240Kb max_used=240Kb free=119759Kb
 bounds [0x000002448f340000, 0x000002448f5b0000, 0x0000024496870000]
CodeHeap 'profiled nmethods': size=120000Kb used=1282Kb max_used=1282Kb free=118717Kb
 bounds [0x0000024487e10000, 0x0000024488080000, 0x000002448f340000]
CodeHeap 'non-nmethods': size=5760Kb used=1269Kb max_used=1282Kb free=4490Kb
 bounds [0x0000024487870000, 0x0000024487ae0000, 0x0000024487e10000]
 total_blobs=1437 nmethods=855 adapters=495
 compilation: enabled
              stopped_count=0, restarted_count=0
 full_count=0

Compilation events (20 events):
Event: 187.955 Thread 0x00000244faf9e450  844       1       java.awt.Color::getRGB (5 bytes)
Event: 187.955 Thread 0x00000244faf9e450 nmethod 844 0x000002448f37b290 code [0x000002448f37b420, 0x000002448f37b4f8]
Event: 13455.816 Thread 0x00000244faf9e450  848       3       java.lang.ref.ReferenceQueue::reallyPoll (65 bytes)
Event: 13455.878 Thread 0x00000244faf9e450 nmethod 848 0x0000024487f4c910 code [0x0000024487f4cae0, 0x0000024487f4d018]
Event: 16937.702 Thread 0x00000244faf9e450  851       3       java.util.ArrayList::get (15 bytes)
Event: 16937.911 Thread 0x00000244faf9e450 nmethod 851 0x0000024487f4d110 code [0x0000024487f4d2c0, 0x0000024487f4d518]
Event: 16938.004 Thread 0x00000244faf9e450  852   !   3       java.awt.Toolkit::setDesktopProperty (81 bytes)
Event: 16938.351 Thread 0x00000244faf9e450 nmethod 852 0x0000024487f4d690 code [0x0000024487f4d8a0, 0x0000024487f4e0e8]
Event: 17161.231 Thread 0x00000244faf9e450  853   !   3       java.lang.ref.ReferenceQueue::remove (125 bytes)
Event: 17161.283 Thread 0x00000244faf9e450 nmethod 853 0x0000024487f4e390 code [0x0000024487f4e5a0, 0x0000024487f4ed38]
Event: 17281.246 Thread 0x00000244faf9e450  854   !   3       jdk.internal.ref.PhantomCleanable::isListEmpty (34 bytes)
Event: 17281.250 Thread 0x00000244faf9e450 nmethod 854 0x0000024487f4f090 code [0x0000024487f4f220, 0x0000024487f4f478]
Event: 17281.250 Thread 0x00000244faf9e450  855       3       jdk.internal.misc.InnocuousThread::eraseThreadLocals (23 bytes)
Event: 17281.255 Thread 0x00000244faf9e450 nmethod 855 0x0000024487f4f590 code [0x0000024487f4f720, 0x0000024487f4f918]
Event: 17993.715 Thread 0x00000244faf9e450  856       3       java.lang.invoke.Invokers$Holder::linkToTargetMethod (8 bytes)
Event: 17993.861 Thread 0x00000244faf9e450 nmethod 856 0x0000024487f4f990 code [0x0000024487f4fb40, 0x0000024487f4fe38]
Event: 17993.933 Thread 0x00000244faf9e450  858       3       java.lang.Float::isNaN (12 bytes)
Event: 17993.948 Thread 0x00000244faf9e450 nmethod 858 0x0000024487f4ff10 code [0x0000024487f500a0, 0x0000024487f50218]
Event: 17995.189 Thread 0x00000244faf9e450  859       3       java.security.AccessControlContext::calculateFields (89 bytes)
Event: 17995.282 Thread 0x00000244faf9d930  860       4       java.util.Arrays::binarySearch0 (95 bytes)

GC Heap History (0 events):
No events

Deoptimization events (16 events):
Event: 0.396 Thread 0x00000244faeced90 Uncommon trap: trap_request=0xffffff45 fr.pc=0x000002448f34f158 relative=0x00000000000009b8
Event: 0.396 Thread 0x00000244faeced90 Uncommon trap: reason=unstable_if action=reinterpret pc=0x000002448f34f158 method=java.util.HashMap.putVal(ILjava/lang/Object;Ljava/lang/Object;ZZ)Ljava/lang/Object; @ 236 c2
Event: 0.396 Thread 0x00000244faeced90 DEOPT PACKING pc=0x000002448f34f158 sp=0x000000a197bfd9a0
Event: 0.396 Thread 0x00000244faeced90 DEOPT UNPACKING pc=0x00000244878c23a3 sp=0x000000a197bfd958 mode 2
Event: 0.575 Thread 0x000002449b02c630 Uncommon trap: trap_request=0xffffff45 fr.pc=0x000002448f36bb9c relative=0x00000000000003fc
Event: 0.575 Thread 0x000002449b02c630 Uncommon trap: reason=unstable_if action=reinterpret pc=0x000002448f36bb9c method=java.lang.StringLatin1.newString([BII)Ljava/lang/String; @ 1 c2
Event: 0.575 Thread 0x000002449b02c630 DEOPT PACKING pc=0x000002448f36bb9c sp=0x000000a1991fe730
Event: 0.575 Thread 0x000002449b02c630 DEOPT UNPACKING pc=0x00000244878c23a3 sp=0x000000a1991fe6f8 mode 2
Event: 0.693 Thread 0x00000244faeced90 Uncommon trap: trap_request=0xffffff45 fr.pc=0x000002448f36a824 relative=0x0000000000000224
Event: 0.693 Thread 0x00000244faeced90 Uncommon trap: reason=unstable_if action=reinterpret pc=0x000002448f36a824 method=java.lang.StringUTF16.compress([CI[BII)I @ 20 c2
Event: 0.693 Thread 0x00000244faeced90 DEOPT PACKING pc=0x000002448f36a824 sp=0x000000a197bfd690
Event: 0.693 Thread 0x00000244faeced90 DEOPT UNPACKING pc=0x00000244878c23a3 sp=0x000000a197bfd610 mode 2
Event: 0.819 Thread 0x000002449b85a720 Uncommon trap: trap_request=0xffffffde fr.pc=0x000002448f375ce0 relative=0x00000000000002a0
Event: 0.819 Thread 0x000002449b85a720 Uncommon trap: reason=class_check action=maybe_recompile pc=0x000002448f375ce0 method=java.util.HashMap.getNode(Ljava/lang/Object;)Ljava/util/HashMap$Node; @ 63 c2
Event: 0.819 Thread 0x000002449b85a720 DEOPT PACKING pc=0x000002448f375ce0 sp=0x000000a1993fd7d0
Event: 0.819 Thread 0x000002449b85a720 DEOPT UNPACKING pc=0x00000244878c23a3 sp=0x000000a1993fd738 mode 2

Classes loaded (20 events):
Event: 0.841 Loading class java/text/AttributedString$AttributedStringIterator
Event: 0.841 Loading class java/text/AttributedCharacterIterator
Event: 0.841 Loading class java/text/CharacterIterator
Event: 0.841 Loading class java/text/CharacterIterator done
Event: 0.841 Loading class java/text/AttributedCharacterIterator done
Event: 0.841 Loading class java/text/AttributedString$AttributedStringIterator done
Event: 6.867 Loading class java/awt/KeyboardFocusManager$2
Event: 6.867 Loading class java/awt/KeyboardFocusManager$2 done
Event: 6.868 Loading class sun/awt/SunToolkit$1
Event: 6.868 Loading class sun/awt/SunToolkit$1 done
Event: 1692.284 Loading class java/awt/desktop/SystemSleepListener
Event: 1692.307 Loading class java/awt/desktop/SystemEventListener
Event: 1692.321 Loading class java/awt/desktop/SystemEventListener done
Event: 1692.328 Loading class java/awt/desktop/SystemSleepListener done
Event: 17993.254 Loading class java/util/WeakHashMap$KeyIterator
Event: 17993.443 Loading class java/util/WeakHashMap$HashIterator
Event: 17993.501 Loading class java/util/WeakHashMap$HashIterator done
Event: 17993.509 Loading class java/util/WeakHashMap$KeyIterator done
Event: 17994.031 Loading class javax/swing/RepaintManager$DisplayChangedRunnable
Event: 17994.269 Loading class javax/swing/RepaintManager$DisplayChangedRunnable done

Classes unloaded (0 events):
No events

Classes redefined (0 events):
No events

Internal exceptions (17 events):
Event: 0.113 Thread 0x00000244faeced90 Exception <a 'sun/nio/fs/WindowsException'{0x00000000c5c35ff8}> (0x00000000c5c35ff8) 
thrown [s\open\src\hotspot\share\prims\jni.cpp, line 516]
Event: 0.113 Thread 0x00000244faeced90 Exception <a 'sun/nio/fs/WindowsException'{0x00000000c5c36628}> (0x00000000c5c36628) 
thrown [s\open\src\hotspot\share\prims\jni.cpp, line 516]
Event: 0.116 Thread 0x00000244faeced90 Exception <a 'sun/nio/fs/WindowsException'{0x00000000c5c38e90}> (0x00000000c5c38e90) 
thrown [s\open\src\hotspot\share\prims\jni.cpp, line 516]
Event: 0.116 Thread 0x00000244faeced90 Exception <a 'sun/nio/fs/WindowsException'{0x00000000c5c39b10}> (0x00000000c5c39b10) 
thrown [s\open\src\hotspot\share\prims\jni.cpp, line 516]
Event: 0.178 Thread 0x00000244faeced90 Exception <a 'java/lang/ClassNotFoundException'{0x00000000c5cfbf28}: sun/awt/resources/spi/awtProvider> (0x00000000c5cfbf28) 
thrown [s\open\src\hotspot\share\classfile\systemDictionary.cpp, line 255]
Event: 0.224 Thread 0x00000244faeced90 Exception <a 'java/io/FileNotFoundException'{0x00000000c5b4fc38}> (0x00000000c5b4fc38) 
thrown [s\open\src\hotspot\share\prims\jni.cpp, line 516]
Event: 0.241 Thread 0x00000244faeced90 Exception <a 'java/io/FileNotFoundException'{0x00000000c5b7ce88}> (0x00000000c5b7ce88) 
thrown [s\open\src\hotspot\share\prims\jni.cpp, line 516]
Event: 0.324 Thread 0x00000244faeced90 Exception <a 'java/lang/NoSuchMethodError'{0x00000000c5bc12d0}: 'java.lang.Object java.lang.invoke.DirectMethodHandle$Holder.invokeStaticInit(java.lang.Object)'> (0x00000000c5bc12d0) 
thrown [s\open\src\hotspot\share\interpreter\linkResolver.cpp, line 766]
Event: 0.400 Thread 0x00000244faeced90 Exception <a 'java/lang/NoSuchMethodError'{0x00000000c5a95510}: 'void java.lang.invoke.DirectMethodHandle$Holder.invokeSpecial(java.lang.Object, java.lang.Object, java.lang.Object)'> (0x00000000c5a95510) 
thrown [s\open\src\hotspot\share\interpreter\linkResolver.cpp, line 766]
Event: 0.416 Thread 0x00000244faeced90 Exception <a 'java/lang/NoSuchMethodError'{0x00000000c5ac0688}: 'java.lang.Object java.lang.invoke.DirectMethodHandle$Holder.newInvokeSpecial(java.lang.Object, java.lang.Object, java.lang.Object, java.lang.Object, java.lang.Object)'> (0x00000000c5ac0688) 
thrown [s\open\src\hotspot\share\interpreter\linkResolver.cpp, line 766]
Event: 0.428 Thread 0x00000244faeced90 Exception <a 'java/lang/NoSuchMethodError'{0x00000000c5af2418}: 'java.lang.Object java.lang.invoke.DirectMethodHandle$Holder.invokeStatic(java.lang.Object, int, java.lang.Object)'> (0x00000000c5af2418) 
thrown [s\open\src\hotspot\share\interpreter\linkResolver.cpp, line 766]
Event: 0.480 Thread 0x00000244faeced90 Exception <a 'java/lang/ClassNotFoundException'{0x00000000c59afa38}: com/sun/swing/internal/plaf/metal/resources/spi/metalProvider> (0x00000000c59afa38) 
thrown [s\open\src\hotspot\share\classfile\systemDictionary.cpp, line 255]
Event: 0.481 Thread 0x00000244faeced90 Exception <a 'java/lang/ClassNotFoundException'{0x00000000c59b3ac0}: com/sun/swing/internal/plaf/basic/resources/spi/basicProvider> (0x00000000c59b3ac0) 
thrown [s\open\src\hotspot\share\classfile\systemDictionary.cpp, line 255]
Event: 0.495 Thread 0x00000244faeced90 Exception <a 'java/lang/NoSuchMethodError'{0x00000000c59d3ec0}: 'int java.lang.invoke.Invokers$Holder.invokeExact_MT(java.lang.Object, java.lang.Object)'> (0x00000000c59d3ec0) 
thrown [s\open\src\hotspot\share\interpreter\linkResolver.cpp, line 766]
Event: 0.582 Thread 0x000002449b02c630 Exception <a 'java/lang/NoSuchMethodError'{0x00000000c5767738}: 'java.lang.Object java.lang.invoke.DirectMethodHandle$Holder.newInvokeSpecial(java.lang.Object, java.lang.Object, java.lang.Object, int, int, int, int, int)'> (0x00000000c5767738) 
thrown [s\open\src\hotspot\share\interpreter\linkResolver.cpp, line 766]
Event: 0.670 Thread 0x00000244faeced90 Exception <a 'java/lang/NoSuchMethodError'{0x00000000c53142f0}: 'void java.lang.invoke.DirectMethodHandle$Holder.invokeStaticInit(java.lang.Object)'> (0x00000000c53142f0) 
thrown [s\open\src\hotspot\share\interpreter\linkResolver.cpp, line 766]
Event: 0.765 Thread 0x000002449aeb2cc0 Exception <a 'java/lang/NoSuchMethodError'{0x00000000c5a108a8}: 'void java.lang.invoke.DirectMethodHandle$Holder.invokeVirtual(java.lang.Object, java.lang.Object)'> (0x00000000c5a108a8) 
thrown [s\open\src\hotspot\share\interpreter\linkResolver.cpp, line 766]

VM Operations (12 events):
Event: 0.118 Executing VM operation: HandshakeAllThreads
Event: 0.118 Executing VM operation: HandshakeAllThreads done
Event: 0.655 Executing VM operation: HandshakeAllThreads
Event: 0.655 Executing VM operation: HandshakeAllThreads done
Event: 0.780 Executing VM operation: HandshakeAllThreads
Event: 0.780 Executing VM operation: HandshakeAllThreads done
Event: 1.795 Executing VM operation: Cleanup
Event: 1.796 Executing VM operation: Cleanup done
Event: 5.812 Executing VM operation: Cleanup
Event: 5.812 Executing VM operation: Cleanup done
Event: 16938.314 Executing VM operation: Cleanup
Event: 16938.524 Executing VM operation: Cleanup done

Events (20 events):
Event: 0.111 Loaded shared library C:\Program Files\Java\jdk-18.0.1.1\bin\nio.dll
Event: 0.134 Thread 0x000002449adc7ee0 Thread added: 0x000002449adc7ee0
Event: 0.141 Loaded shared library C:\Program Files\Java\jdk-18.0.1.1\bin\zip.dll
Event: 0.143 Thread 0x000002449ade93a0 Thread added: 0x000002449ade93a0
Event: 0.167 Loaded shared library C:\Program Files\Java\jdk-18.0.1.1\bin\jimage.dll
Event: 0.196 Loaded shared library C:\Program Files\Java\jdk-18.0.1.1\bin\awt.dll
Event: 0.326 Thread 0x000002449ae619b0 Thread added: 0x000002449ae619b0
Event: 0.327 Thread 0x000002449ade93a0 Thread exited: 0x000002449ade93a0
Event: 0.328 Thread 0x000002449ade93a0 Thread added: 0x000002449ade93a0
Event: 0.333 Thread 0x000002449aeb2cc0 Thread added: 0x000002449aeb2cc0
Event: 0.505 Thread 0x000002449b02c630 Thread added: 0x000002449b02c630
Event: 0.579 Loaded shared library C:\Program Files\Java\jdk-18.0.1.1\bin\javajpeg.dll
Event: 0.623 Thread 0x000002449b0654b0 Thread added: 0x000002449b0654b0
Event: 0.646 Thread 0x000002449b85a720 Thread added: 0x000002449b85a720
Event: 0.678 Loaded shared library C:\Program Files\Java\jdk-18.0.1.1\bin\freetype.dll
Event: 0.679 Loaded shared library C:\Program Files\Java\jdk-18.0.1.1\bin\fontmanager.dll
Event: 0.781 Thread 0x00000244faeced90 Thread exited: 0x00000244faeced90
Event: 0.781 Thread 0x00000244faeced90 Thread added: 0x00000244faeced90
Event: 5.627 Thread 0x000002449b0654b0 Thread exited: 0x000002449b0654b0
Event: 5.643 Thread 0x000002449b02c630 Thread exited: 0x000002449b02c630


Dynamic libraries:
0x00007ff6504c0000 - 0x00007ff6504d0000 	C:\Program Files\Java\jdk-18.0.1.1\bin\java.exe
0x00007ffce8270000 - 0x00007ffce8468000 	C:\WINDOWS\SYSTEM32\ntdll.dll
0x00007ffce6f00000 - 0x00007ffce6fbd000 	C:\WINDOWS\System32\KERNEL32.DLL
0x00007ffce5e90000 - 0x00007ffce6162000 	C:\WINDOWS\System32\KERNELBASE.dll
0x00007ffce5a30000 - 0x00007ffce5b30000 	C:\WINDOWS\System32\ucrtbase.dll
0x00007ffce0580000 - 0x00007ffce059a000 	C:\Program Files\Java\jdk-18.0.1.1\bin\VCRUNTIME140.dll
0x00007ffce0d40000 - 0x00007ffce0d58000 	C:\Program Files\Java\jdk-18.0.1.1\bin\jli.dll
0x00007ffce7270000 - 0x00007ffce731e000 	C:\WINDOWS\System32\ADVAPI32.dll
0x00007ffce7330000 - 0x00007ffce73ce000 	C:\WINDOWS\System32\msvcrt.dll
0x00007ffce7050000 - 0x00007ffce70ec000 	C:\WINDOWS\System32\sechost.dll
0x00007ffce7860000 - 0x00007ffce7985000 	C:\WINDOWS\System32\RPCRT4.dll
0x00007ffce7a70000 - 0x00007ffce7c0d000 	C:\WINDOWS\System32\USER32.dll
0x00007ffcd1330000 - 0x00007ffcd15ca000 	C:\WINDOWS\WinSxS\amd64_microsoft.windows.common-controls_6595b64144ccf1df_6.0.19041.1110_none_60b5254171f9507e\COMCTL32.dll
0x00007ffce5e60000 - 0x00007ffce5e82000 	C:\WINDOWS\System32\win32u.dll
0x00007ffce6720000 - 0x00007ffce674b000 	C:\WINDOWS\System32\GDI32.dll
0x00007ffce5b80000 - 0x00007ffce5c8f000 	C:\WINDOWS\System32\gdi32full.dll
0x00007ffce61a0000 - 0x00007ffce623d000 	C:\WINDOWS\System32\msvcp_win.dll
0x00007ffcdfb00000 - 0x00007ffcdfb0a000 	C:\WINDOWS\SYSTEM32\VERSION.dll
0x00007ffce6750000 - 0x00007ffce6780000 	C:\WINDOWS\System32\IMM32.DLL
0x00007ffce1610000 - 0x00007ffce161c000 	C:\Program Files\Java\jdk-18.0.1.1\bin\vcruntime140_1.dll
0x00007ffcd0380000 - 0x00007ffcd040d000 	C:\Program Files\Java\jdk-18.0.1.1\bin\msvcp140.dll
0x00007ffca28f0000 - 0x00007ffca3500000 	C:\Program Files\Java\jdk-18.0.1.1\bin\server\jvm.dll
0x00007ffce6ef0000 - 0x00007ffce6ef8000 	C:\WINDOWS\System32\PSAPI.DLL
0x00007ffcd4140000 - 0x00007ffcd4167000 	C:\WINDOWS\SYSTEM32\WINMM.dll
0x00007ffce0150000 - 0x00007ffce0159000 	C:\WINDOWS\SYSTEM32\WSOCK32.dll
0x00007ffce66b0000 - 0x00007ffce671b000 	C:\WINDOWS\System32\WS2_32.dll
0x00007ffce3840000 - 0x00007ffce3852000 	C:\WINDOWS\SYSTEM32\kernel.appcore.dll
0x00007ffce0cb0000 - 0x00007ffce0cba000 	C:\Program Files\Java\jdk-18.0.1.1\bin\jimage.dll
0x00007ffcdd790000 - 0x00007ffcdd974000 	C:\WINDOWS\SYSTEM32\DBGHELP.DLL
0x00007ffcdd230000 - 0x00007ffcdd25c000 	C:\WINDOWS\SYSTEM32\dbgcore.DLL
0x00007ffce6240000 - 0x00007ffce62c2000 	C:\WINDOWS\System32\bcryptPrimitives.dll
0x00007ffcde140000 - 0x00007ffcde165000 	C:\Program Files\Java\jdk-18.0.1.1\bin\java.dll
0x00007ffcbd560000 - 0x00007ffcbd636000 	C:\Program Files\Java\jdk-18.0.1.1\bin\jsvml.dll
0x00007ffce67a0000 - 0x00007ffce6ee3000 	C:\WINDOWS\System32\SHELL32.dll
0x00007ffce3a40000 - 0x00007ffce41d1000 	C:\WINDOWS\SYSTEM32\windows.storage.dll
0x00007ffce7500000 - 0x00007ffce7854000 	C:\WINDOWS\System32\combase.dll
0x00007ffce5300000 - 0x00007ffce5330000 	C:\WINDOWS\SYSTEM32\Wldp.dll
0x00007ffce63f0000 - 0x00007ffce649d000 	C:\WINDOWS\System32\SHCORE.dll
0x00007ffce7210000 - 0x00007ffce7265000 	C:\WINDOWS\System32\shlwapi.dll
0x00007ffce58c0000 - 0x00007ffce58df000 	C:\WINDOWS\SYSTEM32\profapi.dll
0x00007ffce0280000 - 0x00007ffce0293000 	C:\Program Files\Java\jdk-18.0.1.1\bin\net.dll
0x00007ffcdd050000 - 0x00007ffcdd15d000 	C:\WINDOWS\SYSTEM32\WINHTTP.dll
0x00007ffce5060000 - 0x00007ffce50ca000 	C:\WINDOWS\system32\mswsock.dll
0x00007ffce0160000 - 0x00007ffce0176000 	C:\Program Files\Java\jdk-18.0.1.1\bin\nio.dll
0x00007ffcde080000 - 0x00007ffcde098000 	C:\Program Files\Java\jdk-18.0.1.1\bin\zip.dll
0x00007ffcae2c0000 - 0x00007ffcae44f000 	C:\Program Files\Java\jdk-18.0.1.1\bin\awt.dll
0x00007ffce7430000 - 0x00007ffce74fd000 	C:\WINDOWS\System32\OLEAUT32.dll
0x00007ffce3170000 - 0x00007ffce3201000 	C:\WINDOWS\SYSTEM32\apphelp.dll
0x00007ffce3660000 - 0x00007ffce368f000 	C:\WINDOWS\system32\DWMAPI.DLL
0x00007ffce3360000 - 0x00007ffce33fe000 	C:\WINDOWS\system32\uxtheme.dll
0x00007ffccfe90000 - 0x00007ffccffb7000 	C:\WINDOWS\system32\opengl32.dll
0x00007ffcded20000 - 0x00007ffcded4c000 	C:\WINDOWS\SYSTEM32\GLU32.dll
0x00007ffce70f0000 - 0x00007ffce7205000 	C:\WINDOWS\System32\MSCTF.dll
0x00007ffce7c10000 - 0x00007ffce7d3a000 	C:\WINDOWS\System32\ole32.dll
0x00007ffce06a0000 - 0x00007ffce06cd000 	C:\Program Files\Java\jdk-18.0.1.1\bin\javajpeg.dll
0x00007ffcb8f40000 - 0x00007ffcb8fc9000 	C:\Program Files\Java\jdk-18.0.1.1\bin\freetype.dll
0x00007ffcb6050000 - 0x00007ffcb60f8000 	C:\Program Files\Java\jdk-18.0.1.1\bin\fontmanager.dll
0x00007ffccf810000 - 0x00007ffccf909000 	C:\WINDOWS\SYSTEM32\textinputframework.dll
0x00007ffce2b00000 - 0x00007ffce2e5e000 	C:\WINDOWS\System32\CoreUIComponents.dll
0x00007ffce2e60000 - 0x00007ffce2f52000 	C:\WINDOWS\System32\CoreMessaging.dll
0x00007ffce4aa0000 - 0x00007ffce4ad3000 	C:\WINDOWS\SYSTEM32\ntmarta.dll
0x00007ffce22e0000 - 0x00007ffce2434000 	C:\WINDOWS\SYSTEM32\wintypes.dll

dbghelp: loaded successfully - version: 4.0.5 - missing functions: none
symbol engine: initialized successfully - sym options: 0x614 - pdb path: .;C:\Program Files\Java\jdk-18.0.1.1\bin;C:\WINDOWS\SYSTEM32;C:\WINDOWS\WinSxS\amd64_microsoft.windows.common-controls_6595b64144ccf1df_6.0.19041.1110_none_60b5254171f9507e;C:\Program Files\Java\jdk-18.0.1.1\bin\server

VM Arguments:
jvm_args: -Dfile.encoding=UTF-8 --module-path=C:\Users\ACER\Dropbox\My PC (DESKTOP-GFBA4HL)\Documents\NetBeansProjects\bank management system\build\classes 
java_command: bank.management.system.Transactions
java_class_path (initial): C:\Users\ACER\Desktop\calender\jcalendar-tz-1.3.3-4.jar;C:\Users\ACER\Downloads\mysql-connector-java-8.0.28.jar;C:\Users\ACER\Dropbox\My PC (DESKTOP-GFBA4HL)\Documents\NetBeansProjects\bank management system\build\classes
Launcher Type: SUN_STANDARD

[Global flags]
     intx CICompilerCount                          = 4                                         {product} {ergonomic}
     uint ConcGCThreads                            = 2                                         {product} {ergonomic}
     uint G1ConcRefinementThreads                  = 8                                         {product} {ergonomic}
   size_t G1HeapRegionSize                         = 1048576                                   {product} {ergonomic}
    uintx GCDrainStackTargetSize                   = 64                                        {product} {ergonomic}
   size_t InitialHeapSize                          = 67108864                                  {product} {ergonomic}
   size_t MarkStackSize                            = 4194304                                   {product} {ergonomic}
   size_t MaxHeapSize                              = 1042284544                                {product} {ergonomic}
   size_t MaxNewSize                               = 624951296                                 {product} {ergonomic}
   size_t MinHeapDeltaBytes                        = 1048576                                   {product} {ergonomic}
   size_t MinHeapSize                              = 8388608                                   {product} {ergonomic}
    uintx NonNMethodCodeHeapSize                   = 5839372                                {pd product} {ergonomic}
    uintx NonProfiledCodeHeapSize                  = 122909434                              {pd product} {ergonomic}
    uintx ProfiledCodeHeapSize                     = 122909434                              {pd product} {ergonomic}
    uintx ReservedCodeCacheSize                    = 251658240                              {pd product} {ergonomic}
     bool SegmentedCodeCache                       = true                                      {product} {ergonomic}
   size_t SoftMaxHeapSize                          = 1042284544                             {manageable} {ergonomic}
     bool UseCompressedClassPointers               = true                           {product lp64_product} {ergonomic}
     bool UseCompressedOops                        = true                           {product lp64_product} {ergonomic}
     bool UseG1GC                                  = true                                      {product} {ergonomic}
     bool UseLargePagesIndividualAllocation        = false                                  {pd product} {ergonomic}

Logging:
Log output configuration:
 #0: stdout all=warning uptime,level,tags foldmultilines=false
 #1: stderr all=off uptime,level,tags foldmultilines=false

Environment Variables:
JAVA_HOME=C:\Program Files\Java\jdk-18.0.1.1
PATH=C:\Program Files\Common Files\Oracle\Java\javapath;C:\WINDOWS\system32;C:\WINDOWS;C:\WINDOWS\System32\Wbem;C:\WINDOWS\System32\WindowsPowerShell\v1.0\;C:\WINDOWS\System32\OpenSSH\;c:\Program Files (x86)\Microsoft SQL Server\100\Tools\Binn\;c:\Program Files\Microsoft SQL Server\100\Tools\Binn\;c:\Program Files\Microsoft SQL Server\100\DTS\Binn\;C:\Program Files\Java\jdk-18.0.1.1\bin;C:\Program Files\Git\cmd;C:\HashiCorp\Vagrant\bin;C:\Users\ACER\AppData\Local\Programs\Python\Python310\Scripts\;C:\Users\ACER\AppData\Local\Programs\Python\Python310\;C:\Users\ACER\AppData\Local\Microsoft\WindowsApps;C:\Users\ACER\AppData\Local\atom\bin;C:\msys64\mingw64\bin;C:\Users\ACER\AppData\Local\GitHubDesktop\bin
USERNAME=ACER
OS=Windows_NT
PROCESSOR_IDENTIFIER=Intel64 Family 6 Model 142 Stepping 10, GenuineIntel



---------------  S Y S T E M  ---------------

OS:
 Windows 10 , 64 bit Build 19041 (10.0.19041.1889)
OS uptime: 3 days 13:01 hours

CPU: total 8 (initial active 8) (4 cores per cpu, 2 threads per core) family 6 model 142 stepping 10 microcode 0xb4, cx8, cmov, fxsr, ht, mmx, 3dnowpref, sse, sse2, sse3, ssse3, sse4.1, sse4.2, popcnt, lzcnt, tsc, tscinvbit, avx, avx2, aes, erms, clmul, bmi1, bmi2, adx, fma, vzeroupper, clflush, clflushopt

Memory: 4k page, system-wide physical 3971M (221M free)
TotalPageFile size 16259M (AvailPageFile size 29M)
current process WorkingSet (physical memory assigned to process): 14M, peak: 60M
current process commit charge ("private bytes"): 152M, peak: 154M

vm_info: Java HotSpot(TM) 64-Bit Server VM (18.0.1.1+2-6) for windows-amd64 JRE (18.0.1.1+2-6), built on Apr 25 2022 21:53:15 by "mach5one" with MS VC++ 16.8 / 16.9 (VS2019)

END.
