#
# There is insufficient memory for the Java Runtime Environment to continue.
# Native memory allocation (malloc) failed to allocate 32744 bytes for Chunk::new
# Possible reasons:
#   The system is out of physical RAM or swap space
#   The process is running with CompressedOops enabled, and the Java Heap may be blocking the growth of the native heap
# Possible solutions:
#   Reduce memory load on the system
#   Increase physical memory or swap space
#   Check if swap backing store is full
#   Decrease Java heap size (-Xmx/-Xms)
#   Decrease number of Java threads
#   Decrease Java thread stack sizes (-Xss)
#   Set larger code cache with -XX:ReservedCodeCacheSize=
#   JVM is running with Unscaled Compressed Oops mode in which the Java heap is
#     placed in the first 4GB address space. The Java Heap base address is the
#     maximum limit for the native heap growth. Please use -XX:HeapBaseMinAddress
#     to set the Java Heap base and to place the Java Heap above 4GB virtual address.
# This output file may be truncated or incomplete.
#
#  Out of Memory Error (arena.cpp:184), pid=20236, tid=19744
#
# JRE version: Java(TM) SE Runtime Environment (18.0.1.1+2) (build 18.0.1.1+2-6)
# Java VM: Java HotSpot(TM) 64-Bit Server VM (18.0.1.1+2-6, mixed mode, sharing, tiered, compressed oops, compressed class ptrs, g1 gc, windows-amd64)
# No core dump will be written. Minidumps are not enabled by default on client versions of Windows
#

---------------  S U M M A R Y ------------

Command Line: -Dfile.encoding=UTF-8 --module-path=C:\Users\ACER\Dropbox\My PC (DESKTOP-GFBA4HL)\Documents\NetBeansProjects\bank management system\build\classes bank.management.system.Signuptwo

Host: Intel(R) Core(TM) i5-8250U CPU @ 1.60GHz, 8 cores, 3G,  Windows 10 , 64 bit Build 19041 (10.0.19041.1889)
Time: Mon Nov 28 14:20:12 2022 South Africa Standard Time elapsed time: 6190.247998 seconds (0d 1h 43m 10s)

---------------  T H R E A D  ---------------

Current thread (0x00000248e5bf1250):  JavaThread "C2 CompilerThread0" daemon [_thread_in_native, id=19744, stack(0x0000006107e00000,0x0000006107f00000)]


Current CompileTask:
C2:6190249 1397       4       java.util.Arrays::binarySearch0 (95 bytes)

Stack: [0x0000006107e00000,0x0000006107f00000]
Native frames: (J=compiled Java code, j=interpreted, Vv=VM code, C=native code)
V  [jvm.dll+0x69887a]
V  [jvm.dll+0x7f38bd]
V  [jvm.dll+0x7f51ce]
V  [jvm.dll+0x7f5883]
V  [jvm.dll+0x25ca3f]
V  [jvm.dll+0xb8c2f]
V  [jvm.dll+0xb8fa5]
V  [jvm.dll+0x625770]
V  [jvm.dll+0x625906]
V  [jvm.dll+0x625906]
V  [jvm.dll+0x625906]
V  [jvm.dll+0x62b707]
V  [jvm.dll+0x62c662]
V  [jvm.dll+0x62aae4]
V  [jvm.dll+0x22fa98]
V  [jvm.dll+0x22eff1]
V  [jvm.dll+0x1b9cfc]
V  [jvm.dll+0x23e8ca]
V  [jvm.dll+0x23cbb5]
V  [jvm.dll+0x7a5fb1]
V  [jvm.dll+0x7a03ea]
V  [jvm.dll+0x697725]
C  [ucrtbase.dll+0x21bb2]
C  [KERNEL32.DLL+0x17034]
C  [ntdll.dll+0x526a1]


---------------  P R O C E S S  ---------------

Threads class SMR info:
_java_thread_list=0x00000248eaa00d00, length=16, elements={
0x00000248e5bd7140, 0x00000248e5bd7da0, 0x00000248e5bee760, 0x00000248e5bef100,
0x00000248e5befaa0, 0x00000248e5bf0440, 0x00000248e5bf1250, 0x00000248e5c03ae0,
0x00000248e5c39e10, 0x00000248ea060990, 0x00000248ea1151b0, 0x00000248ea278210,
0x00000248ea2f4ad0, 0x00000248ea2f4f90, 0x00000248ea3be010, 0x00000248eaa5cca0
}

Java Threads: ( => current thread )
  0x00000248e5bd7140 JavaThread "Reference Handler" daemon [_thread_blocked, id=8384, stack(0x0000006107800000,0x0000006107900000)]
  0x00000248e5bd7da0 JavaThread "Finalizer" daemon [_thread_blocked, id=13200, stack(0x0000006107900000,0x0000006107a00000)]
  0x00000248e5bee760 JavaThread "Signal Dispatcher" daemon [_thread_blocked, id=22068, stack(0x0000006107a00000,0x0000006107b00000)]
  0x00000248e5bef100 JavaThread "Attach Listener" daemon [_thread_blocked, id=21220, stack(0x0000006107b00000,0x0000006107c00000)]
  0x00000248e5befaa0 JavaThread "Service Thread" daemon [_thread_blocked, id=18280, stack(0x0000006107c00000,0x0000006107d00000)]
  0x00000248e5bf0440 JavaThread "Monitor Deflation Thread" daemon [_thread_blocked, id=4444, stack(0x0000006107d00000,0x0000006107e00000)]
=>0x00000248e5bf1250 JavaThread "C2 CompilerThread0" daemon [_thread_in_native, id=19744, stack(0x0000006107e00000,0x0000006107f00000)]
  0x00000248e5c03ae0 JavaThread "C1 CompilerThread0" daemon [_thread_blocked, id=17164, stack(0x0000006107f00000,0x0000006108000000)]
  0x00000248e5c39e10 JavaThread "Sweeper thread" daemon [_thread_blocked, id=12328, stack(0x0000006108000000,0x0000006108100000)]
  0x00000248ea060990 JavaThread "Common-Cleaner" daemon [_thread_blocked, id=18364, stack(0x0000006108100000,0x0000006108200000)]
  0x00000248ea1151b0 JavaThread "Notification Thread" daemon [_thread_blocked, id=19912, stack(0x0000006108200000,0x0000006108300000)]
  0x00000248ea278210 JavaThread "Java2D Disposer" daemon [_thread_blocked, id=12880, stack(0x0000006108400000,0x0000006108500000)]
  0x00000248ea2f4ad0 JavaThread "AWT-Shutdown" [_thread_blocked, id=21344, stack(0x0000006108500000,0x0000006108600000)]
  0x00000248ea2f4f90 JavaThread "AWT-Windows" daemon [_thread_in_native, id=18908, stack(0x0000006108600000,0x0000006108700000)]
  0x00000248ea3be010 JavaThread "AWT-EventQueue-0" [_thread_blocked, id=21528, stack(0x0000006108800000,0x0000006108900000)]
  0x00000248eaa5cca0 JavaThread "DestroyJavaVM" [_thread_blocked, id=22272, stack(0x0000006107100000,0x0000006107200000)]

Other Threads:
  0x00000248e5bd3130 VMThread "VM Thread" [stack: 0x0000006107700000,0x0000006107800000] [id=9148]
  0x00000248ea117680 WatcherThread "VM Periodic Task Thread" [stack: 0x0000006108300000,0x0000006108400000] [id=22368]
  0x00000248ca0d10b0 WorkerThread "GC Thread#0" [stack: 0x0000006107200000,0x0000006107300000] [id=2432]
  0x00000248ca0d9c20 ConcurrentGCThread "G1 Main Marker" [stack: 0x0000006107300000,0x0000006107400000] [id=19888]
  0x00000248ca0db620 WorkerThread "G1 Conc#0" [stack: 0x0000006107400000,0x0000006107500000] [id=16908]
  0x00000248ca152fd0 ConcurrentGCThread "G1 Refine#0" [stack: 0x0000006107500000,0x0000006107600000] [id=22328]
  0x00000248ca1538e0 ConcurrentGCThread "G1 Service" [stack: 0x0000006107600000,0x0000006107700000] [id=8776]

Threads with active compile tasks:
C2 CompilerThread0  6190752 1397       4       java.util.Arrays::binarySearch0 (95 bytes)

VM state: not at safepoint (normal execution)

VM Mutex/Monitor currently owned by a thread: None

Heap address: 0x00000000c1e00000, size: 994 MB, Compressed Oops mode: 32-bit

CDS archive(s) mapped at: [0x0000000800000000-0x0000000800ba0000-0x0000000800ba0000), size 12189696, SharedBaseAddress: 0x0000000800000000, ArchiveRelocationMode: 0.
Compressed class space mapped at: 0x0000000800c00000-0x0000000840c00000, reserved size: 1073741824
Narrow klass base: 0x0000000800000000, Narrow klass shift: 0, Narrow klass range: 0x100000000

GC Precious Log:
 CardTable entry size: 512
 Card Set container configuration: InlinePtr #cards 5 size 8 Array Of Cards #cards 12 size 40 Howl #buckets 4 coarsen threshold 1843 Howl Bitmap #cards 512 size 80 coarsen threshold 460 Card regions per heap region 1 cards per card region 2048
 CPUs: 8 total, 8 available
 Memory: 3971M
 Large Page Support: Disabled
 NUMA Support: Disabled
 Compressed Oops: Enabled (32-bit)
 Heap Region Size: 1M
 Heap Min Capacity: 8M
 Heap Initial Capacity: 64M
 Heap Max Capacity: 994M
 Pre-touch: Disabled
 Parallel Workers: 8
 Concurrent Workers: 2
 Concurrent Refinement Workers: 8
 Periodic GC: Disabled

Heap:
 garbage-first heap   total 65536K, used 22528K [0x00000000c1e00000, 0x0000000100000000)
  region size 1024K, 22 young (22528K), 0 survivors (0K)
 Metaspace       used 7473K, committed 7680K, reserved 1114112K
  class space    used 768K, committed 896K, reserved 1048576K

Heap Regions: E=young(eden), S=young(survivor), O=old, HS=humongous(starts), HC=humongous(continues), CS=collection set, F=free, OA=open archive, CA=closed archive, TAMS=top-at-mark-start (previous, next)
|   0|0x00000000c1e00000, 0x00000000c1f00000, 0x00000000c1f00000|100%|HS|  |TAMS 0x00000000c1e00000, 0x00000000c1e00000| Complete 
|   1|0x00000000c1f00000, 0x00000000c2000000, 0x00000000c2000000|100%|HC|  |TAMS 0x00000000c1f00000, 0x00000000c1f00000| Complete 
|   2|0x00000000c2000000, 0x00000000c2000000, 0x00000000c2100000|  0%| F|  |TAMS 0x00000000c2000000, 0x00000000c2000000| Untracked 
|   3|0x00000000c2100000, 0x00000000c2100000, 0x00000000c2200000|  0%| F|  |TAMS 0x00000000c2100000, 0x00000000c2100000| Untracked 
|   4|0x00000000c2200000, 0x00000000c2200000, 0x00000000c2300000|  0%| F|  |TAMS 0x00000000c2200000, 0x00000000c2200000| Untracked 
|   5|0x00000000c2300000, 0x00000000c2300000, 0x00000000c2400000|  0%| F|  |TAMS 0x00000000c2300000, 0x00000000c2300000| Untracked 
|   6|0x00000000c2400000, 0x00000000c2400000, 0x00000000c2500000|  0%| F|  |TAMS 0x00000000c2400000, 0x00000000c2400000| Untracked 
|   7|0x00000000c2500000, 0x00000000c2500000, 0x00000000c2600000|  0%| F|  |TAMS 0x00000000c2500000, 0x00000000c2500000| Untracked 
|   8|0x00000000c2600000, 0x00000000c2600000, 0x00000000c2700000|  0%| F|  |TAMS 0x00000000c2600000, 0x00000000c2600000| Untracked 
|   9|0x00000000c2700000, 0x00000000c2700000, 0x00000000c2800000|  0%| F|  |TAMS 0x00000000c2700000, 0x00000000c2700000| Untracked 
|  10|0x00000000c2800000, 0x00000000c2800000, 0x00000000c2900000|  0%| F|  |TAMS 0x00000000c2800000, 0x00000000c2800000| Untracked 
|  11|0x00000000c2900000, 0x00000000c2900000, 0x00000000c2a00000|  0%| F|  |TAMS 0x00000000c2900000, 0x00000000c2900000| Untracked 
|  12|0x00000000c2a00000, 0x00000000c2a00000, 0x00000000c2b00000|  0%| F|  |TAMS 0x00000000c2a00000, 0x00000000c2a00000| Untracked 
|  13|0x00000000c2b00000, 0x00000000c2b00000, 0x00000000c2c00000|  0%| F|  |TAMS 0x00000000c2b00000, 0x00000000c2b00000| Untracked 
|  14|0x00000000c2c00000, 0x00000000c2c00000, 0x00000000c2d00000|  0%| F|  |TAMS 0x00000000c2c00000, 0x00000000c2c00000| Untracked 
|  15|0x00000000c2d00000, 0x00000000c2d00000, 0x00000000c2e00000|  0%| F|  |TAMS 0x00000000c2d00000, 0x00000000c2d00000| Untracked 
|  16|0x00000000c2e00000, 0x00000000c2e00000, 0x00000000c2f00000|  0%| F|  |TAMS 0x00000000c2e00000, 0x00000000c2e00000| Untracked 
|  17|0x00000000c2f00000, 0x00000000c2f00000, 0x00000000c3000000|  0%| F|  |TAMS 0x00000000c2f00000, 0x00000000c2f00000| Untracked 
|  18|0x00000000c3000000, 0x00000000c3000000, 0x00000000c3100000|  0%| F|  |TAMS 0x00000000c3000000, 0x00000000c3000000| Untracked 
|  19|0x00000000c3100000, 0x00000000c3100000, 0x00000000c3200000|  0%| F|  |TAMS 0x00000000c3100000, 0x00000000c3100000| Untracked 
|  20|0x00000000c3200000, 0x00000000c3200000, 0x00000000c3300000|  0%| F|  |TAMS 0x00000000c3200000, 0x00000000c3200000| Untracked 
|  21|0x00000000c3300000, 0x00000000c3300000, 0x00000000c3400000|  0%| F|  |TAMS 0x00000000c3300000, 0x00000000c3300000| Untracked 
|  22|0x00000000c3400000, 0x00000000c3400000, 0x00000000c3500000|  0%| F|  |TAMS 0x00000000c3400000, 0x00000000c3400000| Untracked 
|  23|0x00000000c3500000, 0x00000000c3500000, 0x00000000c3600000|  0%| F|  |TAMS 0x00000000c3500000, 0x00000000c3500000| Untracked 
|  24|0x00000000c3600000, 0x00000000c3600000, 0x00000000c3700000|  0%| F|  |TAMS 0x00000000c3600000, 0x00000000c3600000| Untracked 
|  25|0x00000000c3700000, 0x00000000c3700000, 0x00000000c3800000|  0%| F|  |TAMS 0x00000000c3700000, 0x00000000c3700000| Untracked 
|  26|0x00000000c3800000, 0x00000000c3800000, 0x00000000c3900000|  0%| F|  |TAMS 0x00000000c3800000, 0x00000000c3800000| Untracked 
|  27|0x00000000c3900000, 0x00000000c3900000, 0x00000000c3a00000|  0%| F|  |TAMS 0x00000000c3900000, 0x00000000c3900000| Untracked 
|  28|0x00000000c3a00000, 0x00000000c3a00000, 0x00000000c3b00000|  0%| F|  |TAMS 0x00000000c3a00000, 0x00000000c3a00000| Untracked 
|  29|0x00000000c3b00000, 0x00000000c3b00000, 0x00000000c3c00000|  0%| F|  |TAMS 0x00000000c3b00000, 0x00000000c3b00000| Untracked 
|  30|0x00000000c3c00000, 0x00000000c3c00000, 0x00000000c3d00000|  0%| F|  |TAMS 0x00000000c3c00000, 0x00000000c3c00000| Untracked 
|  31|0x00000000c3d00000, 0x00000000c3d00000, 0x00000000c3e00000|  0%| F|  |TAMS 0x00000000c3d00000, 0x00000000c3d00000| Untracked 
|  32|0x00000000c3e00000, 0x00000000c3e00000, 0x00000000c3f00000|  0%| F|  |TAMS 0x00000000c3e00000, 0x00000000c3e00000| Untracked 
|  33|0x00000000c3f00000, 0x00000000c3f00000, 0x00000000c4000000|  0%| F|  |TAMS 0x00000000c3f00000, 0x00000000c3f00000| Untracked 
|  34|0x00000000c4000000, 0x00000000c4000000, 0x00000000c4100000|  0%| F|  |TAMS 0x00000000c4000000, 0x00000000c4000000| Untracked 
|  35|0x00000000c4100000, 0x00000000c4100000, 0x00000000c4200000|  0%| F|  |TAMS 0x00000000c4100000, 0x00000000c4100000| Untracked 
|  36|0x00000000c4200000, 0x00000000c4200000, 0x00000000c4300000|  0%| F|  |TAMS 0x00000000c4200000, 0x00000000c4200000| Untracked 
|  37|0x00000000c4300000, 0x00000000c4300000, 0x00000000c4400000|  0%| F|  |TAMS 0x00000000c4300000, 0x00000000c4300000| Untracked 
|  38|0x00000000c4400000, 0x00000000c4400000, 0x00000000c4500000|  0%| F|  |TAMS 0x00000000c4400000, 0x00000000c4400000| Untracked 
|  39|0x00000000c4500000, 0x00000000c4500000, 0x00000000c4600000|  0%| F|  |TAMS 0x00000000c4500000, 0x00000000c4500000| Untracked 
|  40|0x00000000c4600000, 0x00000000c4600000, 0x00000000c4700000|  0%| F|  |TAMS 0x00000000c4600000, 0x00000000c4600000| Untracked 
|  41|0x00000000c4700000, 0x00000000c4700000, 0x00000000c4800000|  0%| F|  |TAMS 0x00000000c4700000, 0x00000000c4700000| Untracked 
|  42|0x00000000c4800000, 0x00000000c4900000, 0x00000000c4900000|100%| E|  |TAMS 0x00000000c4800000, 0x00000000c4800000| Complete 
|  43|0x00000000c4900000, 0x00000000c4a00000, 0x00000000c4a00000|100%| E|CS|TAMS 0x00000000c4900000, 0x00000000c4900000| Complete 
|  44|0x00000000c4a00000, 0x00000000c4b00000, 0x00000000c4b00000|100%| E|CS|TAMS 0x00000000c4a00000, 0x00000000c4a00000| Complete 
|  45|0x00000000c4b00000, 0x00000000c4c00000, 0x00000000c4c00000|100%| E|CS|TAMS 0x00000000c4b00000, 0x00000000c4b00000| Complete 
|  46|0x00000000c4c00000, 0x00000000c4d00000, 0x00000000c4d00000|100%| E|CS|TAMS 0x00000000c4c00000, 0x00000000c4c00000| Complete 
|  47|0x00000000c4d00000, 0x00000000c4e00000, 0x00000000c4e00000|100%| E|CS|TAMS 0x00000000c4d00000, 0x00000000c4d00000| Complete 
|  48|0x00000000c4e00000, 0x00000000c4f00000, 0x00000000c4f00000|100%| E|CS|TAMS 0x00000000c4e00000, 0x00000000c4e00000| Complete 
|  49|0x00000000c4f00000, 0x00000000c5000000, 0x00000000c5000000|100%| E|CS|TAMS 0x00000000c4f00000, 0x00000000c4f00000| Complete 
|  50|0x00000000c5000000, 0x00000000c5100000, 0x00000000c5100000|100%| E|CS|TAMS 0x00000000c5000000, 0x00000000c5000000| Complete 
|  51|0x00000000c5100000, 0x00000000c5200000, 0x00000000c5200000|100%| E|CS|TAMS 0x00000000c5100000, 0x00000000c5100000| Complete 
|  52|0x00000000c5200000, 0x00000000c5300000, 0x00000000c5300000|100%| E|CS|TAMS 0x00000000c5200000, 0x00000000c5200000| Complete 
|  53|0x00000000c5300000, 0x00000000c5400000, 0x00000000c5400000|100%| E|CS|TAMS 0x00000000c5300000, 0x00000000c5300000| Complete 
|  54|0x00000000c5400000, 0x00000000c5500000, 0x00000000c5500000|100%| E|CS|TAMS 0x00000000c5400000, 0x00000000c5400000| Complete 
|  55|0x00000000c5500000, 0x00000000c5600000, 0x00000000c5600000|100%| E|  |TAMS 0x00000000c5500000, 0x00000000c5500000| Complete 
|  56|0x00000000c5600000, 0x00000000c5700000, 0x00000000c5700000|100%| E|CS|TAMS 0x00000000c5600000, 0x00000000c5600000| Complete 
|  57|0x00000000c5700000, 0x00000000c5800000, 0x00000000c5800000|100%| E|CS|TAMS 0x00000000c5700000, 0x00000000c5700000| Complete 
|  58|0x00000000c5800000, 0x00000000c5900000, 0x00000000c5900000|100%| E|CS|TAMS 0x00000000c5800000, 0x00000000c5800000| Complete 
|  59|0x00000000c5900000, 0x00000000c5a00000, 0x00000000c5a00000|100%| E|CS|TAMS 0x00000000c5900000, 0x00000000c5900000| Complete 
|  60|0x00000000c5a00000, 0x00000000c5b00000, 0x00000000c5b00000|100%| E|CS|TAMS 0x00000000c5a00000, 0x00000000c5a00000| Complete 
|  61|0x00000000c5b00000, 0x00000000c5c00000, 0x00000000c5c00000|100%| E|CS|TAMS 0x00000000c5b00000, 0x00000000c5b00000| Complete 
|  62|0x00000000c5c00000, 0x00000000c5d00000, 0x00000000c5d00000|100%| E|CS|TAMS 0x00000000c5c00000, 0x00000000c5c00000| Complete 
|  63|0x00000000c5d00000, 0x00000000c5e00000, 0x00000000c5e00000|100%| E|CS|TAMS 0x00000000c5d00000, 0x00000000c5d00000| Complete 

Card table byte_map: [0x00000248e0f00000,0x00000248e1100000] _byte_map_base: 0x00000248e08f1000

Marking Bits (Prev, Next): (CMBitMap*) 0x00000248ca0d16b0, (CMBitMap*) 0x00000248ca0d16f0
 Prev Bits: [0x00000248e1300000, 0x00000248e2288000)
 Next Bits: [0x00000248e2290000, 0x00000248e3218000)

Polling page: 0x00000248c7ff0000

Metaspace:

Usage:
  Non-class:      6.55 MB used.
      Class:    768.91 KB used.
       Both:      7.30 MB used.

Virtual space:
  Non-class space:       64.00 MB reserved,       6.62 MB ( 10%) committed,  1 nodes.
      Class space:        1.00 GB reserved,     896.00 KB ( <1%) committed,  1 nodes.
             Both:        1.06 GB reserved,       7.50 MB ( <1%) committed. 

Chunk freelists:
   Non-Class:  1.00 MB
       Class:  3.12 MB
        Both:  4.12 MB

MaxMetaspaceSize: unlimited
CompressedClassSpaceSize: 1.00 GB
Initial GC threshold: 21.00 MB
Current GC threshold: 21.00 MB
CDS: on
MetaspaceReclaimPolicy: balanced
 - commit_granule_bytes: 65536.
 - commit_granule_words: 8192.
 - virtual_space_node_default_size: 8388608.
 - enlarge_chunks_in_place: 1.
 - new_chunks_are_fully_committed: 0.
 - uncommit_free_chunks: 1.
 - use_allocation_guard: 0.


Internal statistics:

num_allocs_failed_limit: 0.
num_arena_births: 126.
num_arena_deaths: 0.
num_vsnodes_births: 2.
num_vsnodes_deaths: 0.
num_space_committed: 120.
num_space_uncommitted: 0.
num_chunks_returned_to_freelist: 0.
num_chunks_taken_from_freelist: 181.
num_chunk_merges: 0.
num_chunk_splits: 95.
num_chunks_enlarged: 23.
num_inconsistent_stats: 0.

CodeHeap 'non-profiled nmethods': size=120000Kb used=413Kb max_used=413Kb free=119587Kb
 bounds [0x00000248d94a0000, 0x00000248d9710000, 0x00000248e09d0000]
CodeHeap 'profiled nmethods': size=120000Kb used=2516Kb max_used=2516Kb free=117483Kb
 bounds [0x00000248d1f70000, 0x00000248d21f0000, 0x00000248d94a0000]
CodeHeap 'non-nmethods': size=5760Kb used=1272Kb max_used=1314Kb free=4487Kb
 bounds [0x00000248d19d0000, 0x00000248d1c40000, 0x00000248d1f70000]
 total_blobs=1978 nmethods=1394 adapters=497
 compilation: enabled
              stopped_count=0, restarted_count=0
 full_count=0

Compilation events (20 events):
Event: 35.196 Thread 0x00000248e5c03ae0 nmethod 1386 0x00000248d21da190 code [0x00000248d21da380, 0x00000248d21da818]
Event: 35.196 Thread 0x00000248e5c03ae0 1387       3       java.util.concurrent.locks.AbstractQueuedSynchronizer::casTail (13 bytes)
Event: 35.196 Thread 0x00000248e5c03ae0 nmethod 1387 0x00000248d21daa10 code [0x00000248d21daba0, 0x00000248d21dad18]
Event: 35.196 Thread 0x00000248e5c03ae0 1388       3       java.util.concurrent.locks.AbstractQueuedSynchronizer$Node::clearStatus (12 bytes)
Event: 35.197 Thread 0x00000248e5c03ae0 nmethod 1388 0x00000248d21dad90 code [0x00000248d21daf40, 0x00000248d21db108]
Event: 47.619 Thread 0x00000248e5c03ae0 1389   !   3       java.awt.KeyboardFocusManager::retargetFocusEvent (244 bytes)
Event: 47.627 Thread 0x00000248e5c03ae0 nmethod 1389 0x00000248d21db190 code [0x00000248d21db6c0, 0x00000248d21dea18]
Event: 47.627 Thread 0x00000248e5c03ae0 1390   !   3       java.awt.KeyboardFocusManager::processCurrentLightweightRequests (345 bytes)
Event: 47.633 Thread 0x00000248e5c03ae0 nmethod 1390 0x00000248d21df910 code [0x00000248d21dfd60, 0x00000248d21e1fb8]
Event: 47.639 Thread 0x00000248e5c03ae0 1391       3       java.awt.Window::eventEnabled (138 bytes)
Event: 47.640 Thread 0x00000248e5c03ae0 nmethod 1391 0x00000248d21e2e10 code [0x00000248d21e2fe0, 0x00000248d21e3548]
Event: 5138.090 Thread 0x00000248e5c03ae0 1392       3       java.beans.PropertyChangeSupport::firePropertyChange (35 bytes)
Event: 5138.148 Thread 0x00000248e5c03ae0 nmethod 1392 0x00000248d21e3610 code [0x00000248d21e3800, 0x00000248d21e3fa8]
Event: 6187.059 Thread 0x00000248e5c03ae0 1393       3       java.lang.Float::isNaN (12 bytes)
Event: 6187.088 Thread 0x00000248e5c03ae0 nmethod 1393 0x00000248d21e4210 code [0x00000248d21e43a0, 0x00000248d21e4518]
Event: 6187.688 Thread 0x00000248e5c03ae0 1394       3       java.util.IdentityHashMap$IdentityHashMapIterator::nextIndex (72 bytes)
Event: 6187.717 Thread 0x00000248e5c03ae0 nmethod 1394 0x00000248d21e4590 code [0x00000248d21e4760, 0x00000248d21e4ae8]
Event: 6189.471 Thread 0x00000248e5c03ae0 1395       3       java.awt.Component::checkTreeLock (21 bytes)
Event: 6189.618 Thread 0x00000248e5c03ae0 nmethod 1395 0x00000248d21e4c90 code [0x00000248d21e4e60, 0x00000248d21e50f8]
Event: 6189.741 Thread 0x00000248e5bf1250 1397       4       java.util.Arrays::binarySearch0 (95 bytes)

GC Heap History (0 events):
No events

Deoptimization events (20 events):
Event: 0.856 Thread 0x00000248ea3be010 Uncommon trap: trap_request=0xffffffde fr.pc=0x00000248d94d5d60 relative=0x00000000000002a0
Event: 0.856 Thread 0x00000248ea3be010 Uncommon trap: reason=class_check action=maybe_recompile pc=0x00000248d94d5d60 method=java.util.HashMap.getNode(Ljava/lang/Object;)Ljava/util/HashMap$Node; @ 63 c2
Event: 0.856 Thread 0x00000248ea3be010 DEOPT PACKING pc=0x00000248d94d5d60 sp=0x00000061088fdc70
Event: 0.856 Thread 0x00000248ea3be010 DEOPT UNPACKING pc=0x00000248d1a223a3 sp=0x00000061088fdbd8 mode 2
Event: 0.933 Thread 0x00000248ea3be010 Uncommon trap: trap_request=0xffffff45 fr.pc=0x00000248d94dae0c relative=0x000000000000054c
Event: 0.933 Thread 0x00000248ea3be010 Uncommon trap: reason=unstable_if action=reinterpret pc=0x00000248d94dae0c method=java.lang.StringLatin1.toLowerCase(Ljava/lang/String;[BLjava/util/Locale;)Ljava/lang/String; @ 43 c2
Event: 0.933 Thread 0x00000248ea3be010 DEOPT PACKING pc=0x00000248d94dae0c sp=0x00000061088fd7b0
Event: 0.933 Thread 0x00000248ea3be010 DEOPT UNPACKING pc=0x00000248d1a223a3 sp=0x00000061088fd720 mode 2
Event: 1.326 Thread 0x00000248ea3be010 Uncommon trap: trap_request=0xffffff45 fr.pc=0x00000248d94aa13c relative=0x000000000000009c
Event: 1.326 Thread 0x00000248ea3be010 Uncommon trap: reason=unstable_if action=reinterpret pc=0x00000248d94aa13c method=java.lang.String.isLatin1()Z @ 10 c2
Event: 1.326 Thread 0x00000248ea3be010 DEOPT PACKING pc=0x00000248d94aa13c sp=0x00000061088fd5c0
Event: 1.326 Thread 0x00000248ea3be010 DEOPT UNPACKING pc=0x00000248d1a223a3 sp=0x00000061088fd4f0 mode 2
Event: 1.346 Thread 0x00000248ea3be010 Uncommon trap: trap_request=0xffffff45 fr.pc=0x00000248d94ed2ec relative=0x000000000000042c
Event: 1.346 Thread 0x00000248ea3be010 Uncommon trap: reason=unstable_if action=reinterpret pc=0x00000248d94ed2ec method=java.lang.Character.isSurrogate(C)Z @ 3 c2
Event: 1.346 Thread 0x00000248ea3be010 DEOPT PACKING pc=0x00000248d94ed2ec sp=0x00000061088fd280
Event: 1.346 Thread 0x00000248ea3be010 DEOPT UNPACKING pc=0x00000248d1a223a3 sp=0x00000061088fd1a8 mode 2
Event: 20.348 Thread 0x00000248ea3be010 Uncommon trap: trap_request=0xffffff45 fr.pc=0x00000248d95023b4 relative=0x0000000000000094
Event: 20.348 Thread 0x00000248ea3be010 Uncommon trap: reason=unstable_if action=reinterpret pc=0x00000248d95023b4 method=java.awt.Component.inside(II)Z @ 13 c2
Event: 20.348 Thread 0x00000248ea3be010 DEOPT PACKING pc=0x00000248d95023b4 sp=0x00000061088fe450
Event: 20.348 Thread 0x00000248ea3be010 DEOPT UNPACKING pc=0x00000248d1a223a3 sp=0x00000061088fe2f0 mode 2

Classes loaded (20 events):
Event: 22.786 Loading class javax/swing/ClientPropertyKey$1
Event: 22.786 Loading class sun/awt/AWTAccessor$ClientPropertyKeyAccessor
Event: 22.787 Loading class sun/awt/AWTAccessor$ClientPropertyKeyAccessor done
Event: 22.787 Loading class javax/swing/ClientPropertyKey$1 done
Event: 47.717 Loading class java/awt/LightweightDispatcher$2
Event: 47.717 Loading class java/awt/LightweightDispatcher$2 done
Event: 50.163 Loading class java/awt/KeyboardFocusManager$2
Event: 50.163 Loading class java/awt/KeyboardFocusManager$2 done
Event: 50.164 Loading class sun/awt/SunToolkit$1
Event: 50.164 Loading class sun/awt/SunToolkit$1 done
Event: 1959.761 Loading class java/awt/desktop/SystemSleepListener
Event: 1959.780 Loading class java/awt/desktop/SystemEventListener
Event: 1959.798 Loading class java/awt/desktop/SystemEventListener done
Event: 1959.805 Loading class java/awt/desktop/SystemSleepListener done
Event: 6187.093 Loading class java/util/WeakHashMap$KeyIterator
Event: 6187.311 Loading class java/util/WeakHashMap$HashIterator
Event: 6187.347 Loading class java/util/WeakHashMap$HashIterator done
Event: 6187.371 Loading class java/util/WeakHashMap$KeyIterator done
Event: 6187.700 Loading class javax/swing/RepaintManager$DisplayChangedRunnable
Event: 6187.728 Loading class javax/swing/RepaintManager$DisplayChangedRunnable done

Classes unloaded (0 events):
No events

Classes redefined (0 events):
No events

Internal exceptions (17 events):
Event: 0.119 Thread 0x00000248ca08de30 Exception <a 'sun/nio/fs/WindowsException'{0x00000000c5c35ff8}> (0x00000000c5c35ff8) 
thrown [s\open\src\hotspot\share\prims\jni.cpp, line 516]
Event: 0.119 Thread 0x00000248ca08de30 Exception <a 'sun/nio/fs/WindowsException'{0x00000000c5c36628}> (0x00000000c5c36628) 
thrown [s\open\src\hotspot\share\prims\jni.cpp, line 516]
Event: 0.122 Thread 0x00000248ca08de30 Exception <a 'sun/nio/fs/WindowsException'{0x00000000c5c38e90}> (0x00000000c5c38e90) 
thrown [s\open\src\hotspot\share\prims\jni.cpp, line 516]
Event: 0.122 Thread 0x00000248ca08de30 Exception <a 'sun/nio/fs/WindowsException'{0x00000000c5c39b10}> (0x00000000c5c39b10) 
thrown [s\open\src\hotspot\share\prims\jni.cpp, line 516]
Event: 0.183 Thread 0x00000248ca08de30 Exception <a 'java/lang/ClassNotFoundException'{0x00000000c5cfe520}: sun/awt/resources/spi/awtProvider> (0x00000000c5cfe520) 
thrown [s\open\src\hotspot\share\classfile\systemDictionary.cpp, line 255]
Event: 0.223 Thread 0x00000248ca08de30 Exception <a 'java/io/FileNotFoundException'{0x00000000c5b521d0}> (0x00000000c5b521d0) 
thrown [s\open\src\hotspot\share\prims\jni.cpp, line 516]
Event: 0.242 Thread 0x00000248ca08de30 Exception <a 'java/io/FileNotFoundException'{0x00000000c5b7f958}> (0x00000000c5b7f958) 
thrown [s\open\src\hotspot\share\prims\jni.cpp, line 516]
Event: 0.316 Thread 0x00000248ca08de30 Exception <a 'java/lang/NoSuchMethodError'{0x00000000c5bc3c78}: 'java.lang.Object java.lang.invoke.DirectMethodHandle$Holder.invokeStaticInit(java.lang.Object)'> (0x00000000c5bc3c78) 
thrown [s\open\src\hotspot\share\interpreter\linkResolver.cpp, line 766]
Event: 0.378 Thread 0x00000248ca08de30 Exception <a 'java/lang/NoSuchMethodError'{0x00000000c5a975a0}: 'void java.lang.invoke.DirectMethodHandle$Holder.invokeSpecial(java.lang.Object, java.lang.Object, java.lang.Object)'> (0x00000000c5a975a0) 
thrown [s\open\src\hotspot\share\interpreter\linkResolver.cpp, line 766]
Event: 0.394 Thread 0x00000248ca08de30 Exception <a 'java/lang/NoSuchMethodError'{0x00000000c5ac2630}: 'java.lang.Object java.lang.invoke.DirectMethodHandle$Holder.newInvokeSpecial(java.lang.Object, java.lang.Object, java.lang.Object, java.lang.Object, java.lang.Object)'> (0x00000000c5ac2630) 
thrown [s\open\src\hotspot\share\interpreter\linkResolver.cpp, line 766]
Event: 0.409 Thread 0x00000248ca08de30 Exception <a 'java/lang/NoSuchMethodError'{0x00000000c5af4390}: 'java.lang.Object java.lang.invoke.DirectMethodHandle$Holder.invokeStatic(java.lang.Object, int, java.lang.Object)'> (0x00000000c5af4390) 
thrown [s\open\src\hotspot\share\interpreter\linkResolver.cpp, line 766]
Event: 0.469 Thread 0x00000248ca08de30 Exception <a 'java/lang/ClassNotFoundException'{0x00000000c59b16a0}: com/sun/swing/internal/plaf/metal/resources/spi/metalProvider> (0x00000000c59b16a0) 
thrown [s\open\src\hotspot\share\classfile\systemDictionary.cpp, line 255]
Event: 0.470 Thread 0x00000248ca08de30 Exception <a 'java/lang/ClassNotFoundException'{0x00000000c59b5728}: com/sun/swing/internal/plaf/basic/resources/spi/basicProvider> (0x00000000c59b5728) 
thrown [s\open\src\hotspot\share\classfile\systemDictionary.cpp, line 255]
Event: 0.484 Thread 0x00000248ca08de30 Exception <a 'java/lang/NoSuchMethodError'{0x00000000c59d5b28}: 'int java.lang.invoke.Invokers$Holder.invokeExact_MT(java.lang.Object, java.lang.Object)'> (0x00000000c59d5b28) 
thrown [s\open\src\hotspot\share\interpreter\linkResolver.cpp, line 766]
Event: 0.576 Thread 0x00000248ea3a4010 Exception <a 'java/lang/NoSuchMethodError'{0x00000000c57675b8}: 'java.lang.Object java.lang.invoke.DirectMethodHandle$Holder.newInvokeSpecial(java.lang.Object, java.lang.Object, java.lang.Object, int, int, int, int, int)'> (0x00000000c57675b8) 
thrown [s\open\src\hotspot\share\interpreter\linkResolver.cpp, line 766]
Event: 0.665 Thread 0x00000248ca08de30 Exception <a 'java/lang/NoSuchMethodError'{0x00000000c5315e78}: 'void java.lang.invoke.DirectMethodHandle$Holder.invokeStaticInit(java.lang.Object)'> (0x00000000c5315e78) 
thrown [s\open\src\hotspot\share\interpreter\linkResolver.cpp, line 766]
Event: 0.761 Thread 0x00000248ea2f4f90 Exception <a 'java/lang/NoSuchMethodError'{0x00000000c5a108a8}: 'void java.lang.invoke.DirectMethodHandle$Holder.invokeVirtual(java.lang.Object, java.lang.Object)'> (0x00000000c5a108a8) 
thrown [s\open\src\hotspot\share\interpreter\linkResolver.cpp, line 766]

VM Operations (20 events):
Event: 1.347 Executing VM operation: ICBufferFull
Event: 1.348 Executing VM operation: ICBufferFull done
Event: 2.350 Executing VM operation: Cleanup
Event: 2.350 Executing VM operation: Cleanup done
Event: 7.383 Executing VM operation: Cleanup
Event: 7.383 Executing VM operation: Cleanup done
Event: 8.384 Executing VM operation: Cleanup
Event: 8.384 Executing VM operation: Cleanup done
Event: 20.448 Executing VM operation: Cleanup
Event: 20.448 Executing VM operation: Cleanup done
Event: 21.457 Executing VM operation: Cleanup
Event: 21.457 Executing VM operation: Cleanup done
Event: 22.470 Executing VM operation: Cleanup
Event: 22.470 Executing VM operation: Cleanup done
Event: 23.473 Executing VM operation: Cleanup
Event: 23.473 Executing VM operation: Cleanup done
Event: 35.544 Executing VM operation: Cleanup
Event: 35.544 Executing VM operation: Cleanup done
Event: 50.626 Executing VM operation: Cleanup
Event: 50.627 Executing VM operation: Cleanup done

Events (20 events):
Event: 0.054 Thread 0x00000248e5c03ae0 Thread added: 0x00000248e5c03ae0
Event: 0.054 Thread 0x00000248e5c39e10 Thread added: 0x00000248e5c39e10
Event: 0.092 Thread 0x00000248ea060990 Thread added: 0x00000248ea060990
Event: 0.114 Loaded shared library C:\Program Files\Java\jdk-18.0.1.1\bin\net.dll
Event: 0.116 Loaded shared library C:\Program Files\Java\jdk-18.0.1.1\bin\nio.dll
Event: 0.142 Thread 0x00000248ea1151b0 Thread added: 0x00000248ea1151b0
Event: 0.149 Loaded shared library C:\Program Files\Java\jdk-18.0.1.1\bin\zip.dll
Event: 0.174 Loaded shared library C:\Program Files\Java\jdk-18.0.1.1\bin\jimage.dll
Event: 0.200 Loaded shared library C:\Program Files\Java\jdk-18.0.1.1\bin\awt.dll
Event: 0.318 Thread 0x00000248ea278210 Thread added: 0x00000248ea278210
Event: 0.319 Thread 0x00000248ea2f4ad0 Thread added: 0x00000248ea2f4ad0
Event: 0.322 Thread 0x00000248ea2f4f90 Thread added: 0x00000248ea2f4f90
Event: 0.496 Thread 0x00000248ea3a4010 Thread added: 0x00000248ea3a4010
Event: 0.573 Loaded shared library C:\Program Files\Java\jdk-18.0.1.1\bin\javajpeg.dll
Event: 0.642 Thread 0x00000248ea3be010 Thread added: 0x00000248ea3be010
Event: 0.672 Loaded shared library C:\Program Files\Java\jdk-18.0.1.1\bin\freetype.dll
Event: 0.673 Loaded shared library C:\Program Files\Java\jdk-18.0.1.1\bin\fontmanager.dll
Event: 0.835 Thread 0x00000248ca08de30 Thread exited: 0x00000248ca08de30
Event: 0.835 Thread 0x00000248eaa5cca0 Thread added: 0x00000248eaa5cca0
Event: 5.629 Thread 0x00000248ea3a4010 Thread exited: 0x00000248ea3a4010


Dynamic libraries:
0x00007ff6504c0000 - 0x00007ff6504d0000 	C:\Program Files\Java\jdk-18.0.1.1\bin\java.exe
0x00007ffce8270000 - 0x00007ffce8468000 	C:\WINDOWS\SYSTEM32\ntdll.dll
0x00007ffce6f00000 - 0x00007ffce6fbd000 	C:\WINDOWS\System32\KERNEL32.DLL
0x00007ffce5e90000 - 0x00007ffce6162000 	C:\WINDOWS\System32\KERNELBASE.dll
0x00007ffce5a30000 - 0x00007ffce5b30000 	C:\WINDOWS\System32\ucrtbase.dll
0x00007ffce0580000 - 0x00007ffce059a000 	C:\Program Files\Java\jdk-18.0.1.1\bin\VCRUNTIME140.dll
0x00007ffce0d40000 - 0x00007ffce0d58000 	C:\Program Files\Java\jdk-18.0.1.1\bin\jli.dll
0x00007ffce7270000 - 0x00007ffce731e000 	C:\WINDOWS\System32\ADVAPI32.dll
0x00007ffce7330000 - 0x00007ffce73ce000 	C:\WINDOWS\System32\msvcrt.dll
0x00007ffce7050000 - 0x00007ffce70ec000 	C:\WINDOWS\System32\sechost.dll
0x00007ffce7860000 - 0x00007ffce7985000 	C:\WINDOWS\System32\RPCRT4.dll
0x00007ffce7a70000 - 0x00007ffce7c0d000 	C:\WINDOWS\System32\USER32.dll
0x00007ffcd1330000 - 0x00007ffcd15ca000 	C:\WINDOWS\WinSxS\amd64_microsoft.windows.common-controls_6595b64144ccf1df_6.0.19041.1110_none_60b5254171f9507e\COMCTL32.dll
0x00007ffce5e60000 - 0x00007ffce5e82000 	C:\WINDOWS\System32\win32u.dll
0x00007ffce6720000 - 0x00007ffce674b000 	C:\WINDOWS\System32\GDI32.dll
0x00007ffce5b80000 - 0x00007ffce5c8f000 	C:\WINDOWS\System32\gdi32full.dll
0x00007ffce61a0000 - 0x00007ffce623d000 	C:\WINDOWS\System32\msvcp_win.dll
0x00007ffcdfb00000 - 0x00007ffcdfb0a000 	C:\WINDOWS\SYSTEM32\VERSION.dll
0x00007ffce6750000 - 0x00007ffce6780000 	C:\WINDOWS\System32\IMM32.DLL
0x00007ffce1610000 - 0x00007ffce161c000 	C:\Program Files\Java\jdk-18.0.1.1\bin\vcruntime140_1.dll
0x00007ffcd0380000 - 0x00007ffcd040d000 	C:\Program Files\Java\jdk-18.0.1.1\bin\msvcp140.dll
0x00007ffca28f0000 - 0x00007ffca3500000 	C:\Program Files\Java\jdk-18.0.1.1\bin\server\jvm.dll
0x00007ffce6ef0000 - 0x00007ffce6ef8000 	C:\WINDOWS\System32\PSAPI.DLL
0x00007ffce0150000 - 0x00007ffce0159000 	C:\WINDOWS\SYSTEM32\WSOCK32.dll
0x00007ffcd4140000 - 0x00007ffcd4167000 	C:\WINDOWS\SYSTEM32\WINMM.dll
0x00007ffce66b0000 - 0x00007ffce671b000 	C:\WINDOWS\System32\WS2_32.dll
0x00007ffce3840000 - 0x00007ffce3852000 	C:\WINDOWS\SYSTEM32\kernel.appcore.dll
0x00007ffce0cb0000 - 0x00007ffce0cba000 	C:\Program Files\Java\jdk-18.0.1.1\bin\jimage.dll
0x00007ffcdd790000 - 0x00007ffcdd974000 	C:\WINDOWS\SYSTEM32\DBGHELP.DLL
0x00007ffcdd230000 - 0x00007ffcdd25c000 	C:\WINDOWS\SYSTEM32\dbgcore.DLL
0x00007ffce6240000 - 0x00007ffce62c2000 	C:\WINDOWS\System32\bcryptPrimitives.dll
0x00007ffcde140000 - 0x00007ffcde165000 	C:\Program Files\Java\jdk-18.0.1.1\bin\java.dll
0x00007ffcbd560000 - 0x00007ffcbd636000 	C:\Program Files\Java\jdk-18.0.1.1\bin\jsvml.dll
0x00007ffce67a0000 - 0x00007ffce6ee3000 	C:\WINDOWS\System32\SHELL32.dll
0x00007ffce3a40000 - 0x00007ffce41d1000 	C:\WINDOWS\SYSTEM32\windows.storage.dll
0x00007ffce7500000 - 0x00007ffce7854000 	C:\WINDOWS\System32\combase.dll
0x00007ffce5300000 - 0x00007ffce5330000 	C:\WINDOWS\SYSTEM32\Wldp.dll
0x00007ffce63f0000 - 0x00007ffce649d000 	C:\WINDOWS\System32\SHCORE.dll
0x00007ffce7210000 - 0x00007ffce7265000 	C:\WINDOWS\System32\shlwapi.dll
0x00007ffce58c0000 - 0x00007ffce58df000 	C:\WINDOWS\SYSTEM32\profapi.dll
0x00007ffce0280000 - 0x00007ffce0293000 	C:\Program Files\Java\jdk-18.0.1.1\bin\net.dll
0x00007ffcdd050000 - 0x00007ffcdd15d000 	C:\WINDOWS\SYSTEM32\WINHTTP.dll
0x00007ffce5060000 - 0x00007ffce50ca000 	C:\WINDOWS\system32\mswsock.dll
0x00007ffce0160000 - 0x00007ffce0176000 	C:\Program Files\Java\jdk-18.0.1.1\bin\nio.dll
0x00007ffcde080000 - 0x00007ffcde098000 	C:\Program Files\Java\jdk-18.0.1.1\bin\zip.dll
0x00007ffcae2c0000 - 0x00007ffcae44f000 	C:\Program Files\Java\jdk-18.0.1.1\bin\awt.dll
0x00007ffce7430000 - 0x00007ffce74fd000 	C:\WINDOWS\System32\OLEAUT32.dll
0x00007ffce3170000 - 0x00007ffce3201000 	C:\WINDOWS\SYSTEM32\apphelp.dll
0x00007ffce3660000 - 0x00007ffce368f000 	C:\WINDOWS\system32\DWMAPI.DLL
0x00007ffce3360000 - 0x00007ffce33fe000 	C:\WINDOWS\system32\uxtheme.dll
0x00007ffccfe90000 - 0x00007ffccffb7000 	C:\WINDOWS\system32\opengl32.dll
0x00007ffcded20000 - 0x00007ffcded4c000 	C:\WINDOWS\SYSTEM32\GLU32.dll
0x00007ffce70f0000 - 0x00007ffce7205000 	C:\WINDOWS\System32\MSCTF.dll
0x00007ffce7c10000 - 0x00007ffce7d3a000 	C:\WINDOWS\System32\ole32.dll
0x00007ffce06a0000 - 0x00007ffce06cd000 	C:\Program Files\Java\jdk-18.0.1.1\bin\javajpeg.dll
0x00007ffcb8f40000 - 0x00007ffcb8fc9000 	C:\Program Files\Java\jdk-18.0.1.1\bin\freetype.dll
0x00007ffcb6050000 - 0x00007ffcb60f8000 	C:\Program Files\Java\jdk-18.0.1.1\bin\fontmanager.dll
0x00007ffccf810000 - 0x00007ffccf909000 	C:\WINDOWS\SYSTEM32\textinputframework.dll
0x00007ffce2b00000 - 0x00007ffce2e5e000 	C:\WINDOWS\System32\CoreUIComponents.dll
0x00007ffce2e60000 - 0x00007ffce2f52000 	C:\WINDOWS\System32\CoreMessaging.dll
0x00007ffce22e0000 - 0x00007ffce2434000 	C:\WINDOWS\SYSTEM32\wintypes.dll
0x00007ffce4aa0000 - 0x00007ffce4ad3000 	C:\WINDOWS\SYSTEM32\ntmarta.dll
0x00007ffcc4f40000 - 0x00007ffcc4fec000 	C:\WINDOWS\SYSTEM32\TextShaping.dll

dbghelp: loaded successfully - version: 4.0.5 - missing functions: none
symbol engine: initialized successfully - sym options: 0x614 - pdb path: .;C:\Program Files\Java\jdk-18.0.1.1\bin;C:\WINDOWS\SYSTEM32;C:\WINDOWS\WinSxS\amd64_microsoft.windows.common-controls_6595b64144ccf1df_6.0.19041.1110_none_60b5254171f9507e;C:\Program Files\Java\jdk-18.0.1.1\bin\server

VM Arguments:
jvm_args: -Dfile.encoding=UTF-8 --module-path=C:\Users\ACER\Dropbox\My PC (DESKTOP-GFBA4HL)\Documents\NetBeansProjects\bank management system\build\classes 
java_command: bank.management.system.Signuptwo
java_class_path (initial): C:\Users\ACER\Desktop\calender\jcalendar-tz-1.3.3-4.jar;C:\Users\ACER\Downloads\mysql-connector-java-8.0.28.jar;C:\Users\ACER\Dropbox\My PC (DESKTOP-GFBA4HL)\Documents\NetBeansProjects\bank management system\build\classes
Launcher Type: SUN_STANDARD

[Global flags]
     intx CICompilerCount                          = 4                                         {product} {ergonomic}
     uint ConcGCThreads                            = 2                                         {product} {ergonomic}
     uint G1ConcRefinementThreads                  = 8                                         {product} {ergonomic}
   size_t G1HeapRegionSize                         = 1048576                                   {product} {ergonomic}
    uintx GCDrainStackTargetSize                   = 64                                        {product} {ergonomic}
   size_t InitialHeapSize                          = 67108864                                  {product} {ergonomic}
   size_t MarkStackSize                            = 4194304                                   {product} {ergonomic}
   size_t MaxHeapSize                              = 1042284544                                {product} {ergonomic}
   size_t MaxNewSize                               = 624951296                                 {product} {ergonomic}
   size_t MinHeapDeltaBytes                        = 1048576                                   {product} {ergonomic}
   size_t MinHeapSize                              = 8388608                                   {product} {ergonomic}
    uintx NonNMethodCodeHeapSize                   = 5839372                                {pd product} {ergonomic}
    uintx NonProfiledCodeHeapSize                  = 122909434                              {pd product} {ergonomic}
    uintx ProfiledCodeHeapSize                     = 122909434                              {pd product} {ergonomic}
    uintx ReservedCodeCacheSize                    = 251658240                              {pd product} {ergonomic}
     bool SegmentedCodeCache                       = true                                      {product} {ergonomic}
   size_t SoftMaxHeapSize                          = 1042284544                             {manageable} {ergonomic}
     bool UseCompressedClassPointers               = true                           {product lp64_product} {ergonomic}
     bool UseCompressedOops                        = true                           {product lp64_product} {ergonomic}
     bool UseG1GC                                  = true                                      {product} {ergonomic}
     bool UseLargePagesIndividualAllocation        = false                                  {pd product} {ergonomic}

Logging:
Log output configuration:
 #0: stdout all=warning uptime,level,tags foldmultilines=false
 #1: stderr all=off uptime,level,tags foldmultilines=false

Environment Variables:
JAVA_HOME=C:\Program Files\Java\jdk-18.0.1.1
PATH=C:\Program Files\Common Files\Oracle\Java\javapath;C:\WINDOWS\system32;C:\WINDOWS;C:\WINDOWS\System32\Wbem;C:\WINDOWS\System32\WindowsPowerShell\v1.0\;C:\WINDOWS\System32\OpenSSH\;c:\Program Files (x86)\Microsoft SQL Server\100\Tools\Binn\;c:\Program Files\Microsoft SQL Server\100\Tools\Binn\;c:\Program Files\Microsoft SQL Server\100\DTS\Binn\;C:\Program Files\Java\jdk-18.0.1.1\bin;C:\Program Files\Git\cmd;C:\HashiCorp\Vagrant\bin;C:\Users\ACER\AppData\Local\Programs\Python\Python310\Scripts\;C:\Users\ACER\AppData\Local\Programs\Python\Python310\;C:\Users\ACER\AppData\Local\Microsoft\WindowsApps;C:\Users\ACER\AppData\Local\atom\bin;C:\msys64\mingw64\bin;C:\Users\ACER\AppData\Local\GitHubDesktop\bin
USERNAME=ACER
OS=Windows_NT
PROCESSOR_IDENTIFIER=Intel64 Family 6 Model 142 Stepping 10, GenuineIntel



---------------  S Y S T E M  ---------------

OS:
 Windows 10 , 64 bit Build 19041 (10.0.19041.1889)
OS uptime: 3 days 13:01 hours

CPU: total 8 (initial active 8) (4 cores per cpu, 2 threads per core) family 6 model 142 stepping 10 microcode 0xb4, cx8, cmov, fxsr, ht, mmx, 3dnowpref, sse, sse2, sse3, ssse3, sse4.1, sse4.2, popcnt, lzcnt, tsc, tscinvbit, avx, avx2, aes, erms, clmul, bmi1, bmi2, adx, fma, vzeroupper, clflush, clflushopt

Memory: 4k page, system-wide physical 3971M (222M free)
TotalPageFile size 16259M (AvailPageFile size 30M)
current process WorkingSet (physical memory assigned to process): 17M, peak: 80M
current process commit charge ("private bytes"): 154M, peak: 163M

vm_info: Java HotSpot(TM) 64-Bit Server VM (18.0.1.1+2-6) for windows-amd64 JRE (18.0.1.1+2-6), built on Apr 25 2022 21:53:15 by "mach5one" with MS VC++ 16.8 / 16.9 (VS2019)

END.
